332870
334335
334219
342916
334522
333695
340514
339229
343097
341001
337457
338019
339875
339648
340018
793099
339029
362180
356922
354047
341530
340411
337907
344206
334641
344773
333818
341776
343751
343066
342987
835611
802203
353906
339264
456343
362542
357086
356970
356757
354121
353765
341759
340558
340432
339047
335509
338124
337704
337744
335207
346139
345328
343812
333863
333621
333373
332800
332586
333247
334732
334602
335388
868437
852068
827366
819185
356815
356579
347857
343627
732271
594752
389512
376619
362047
359463
756429
747680
739543
732306
722196
708817
679367
671548
656335
341776
345445
350778
639980
389529
376638
369056
352234
338269
355200
338971
350686
350650
351007
350934
350900
350843
347887
350827
355994
353361
350645
350576
349668
349639
349317
349146
349095
349026
348914
343661
340457
340288
338984
332974
347906
335621
333119
344307
348860
348846
927660
868450
904031
895419
860635
852137
843464
835759
802173
380096
819185
811051
353607
353268
344216
344054
783030
782987
670449
653717
774507
439606
385794
384716
766456
766424
361728
361621
760668
756498
751637
747702
743918
739574
736158
732432
728004
722699
717798
709150
696849
681182
677472
673897
662835
657112
353711
342867
348582
348524
348223
347998
644808
641601
545325
392102
633660
596954
372974
369463
347428
343451
338692
343384
588819
355526
348585
350250
335340
334237
490950
449528
438511
389554
346774
346083
345567
336894
369134
367099
348009
348136
357729
357158
356075
355995
354094
353409
346759
347299
346571
346474
346235
346221
334123
345326
345015
333719
333261
338648
344831
344785
344689
344529
344018
343986
343871
343868
343486
343274
342938
342923
342350
342222
342021
341276
341178
341109
341009
340937
340795
335601
340442
340261
338615
337484
334173
334777
983841
935997
919276
885915
911665
972230
968274
964666
876815
868488
956809
952736
947898
943928
939866
936010
931945
927753
923586
919340
915459
911809
907343
904060
900147
895476
890337
886111
881693
876864
872696
868678
864512
860738
856540
852148
848167
843603
839659
835936
831756
827680
823514
819228
814848
811123
806208
802353
798383
793117
788124
783116
778509
774665
770536
766511
763298
760798
758527
756540
753685
751888
749423
747719
745387
743961
741778
739585
738052
736212
734218
732517
729876
728034
725378
722784
720317
717829
715954
713302
704010
699107
682107
681730
678623
678552
676269
674086
669027
663691
661554
659421
656260
653693
348689
345642
337921
337190
339892
337926
346690
346653
344478
344153
650867
645855
643760
642081
595835
546678
456350
394652
638434
634436
610999
598370
625976
594160
620028
617320
612557
611038
606984
604674
600501
599010
597445
596482
592777
590140
361683
356400
352123
350629
337698
345203
350183
349874
349729
349715
540427
503504
580830
456354
577219
572932
568567
390674
563383
560123
552018
549151
338438
336297
336247
334383
375193
370168
542515
540923
348357
348024
537770
533721
359033
358889
521389
516227
356620
356529
507055
503564
354140
354134
497461
493283
484380
479735
474684
470997
467024
463135
460483
456837
454477
451792
446293
442680
439713
438925
429897
369626
357081
363359
417226
411507
407211
397157
395072
394807
394041
393655
393386
392239
391463
390718
389924
389631
356367
361049
382343
379209
353573
353454
376663
371235
362778
362618
362273
362196
348101
347856
361991
361742
347227
347110
347089
347061
347039
347006
346979
346943
346781
346720
361442
359109
346643
346307
345978
340435
346236
346005
360344
360281
343683
343682
360144
359942
332922
343208
358940
358889
358768
358027
357727
357369
993377
991951
981791
943888
987930
986562
919234
885976
980007
979853
978437
976424
974415
972252
970377
968370
966594
964850
962660
960874
959113
956968
954615
952796
949941
947960
945451
943961
942076
939884
938355
936099
934386
931994
930227
927756
925464
923757
921380
919352
917188
915535
913590
911816
909859
907501
906030
904141
902542
900351
897966
895595
892202
890337
888323
886123
884063
881757
879285
876957
874703
872756
870698
868744
866465
864546
862684
860835
858954
856607
854497
852175
850112
848176
846110
843684
841804
839695
838241
836140
833397
831760
829703
827686
825966
823518
821536
819353
816439
814868
813113
811135
808903
806275
804558
802387
799836
798395
795665
793213
790861
788127
785675
783150
780641
778601
776753
774727
772536
770536
768502
766515
764376
763430
762172
760806
759850
758554
757557
756585
755419
753792
752698
751920
750662
749449
748501
747824
746961
745415
744754
743972
743084
741797
740694
739595
738870
738153
737438
736235
735118
734239
733465
732586
730931
729944
728713
728060
726795
725378
723926
722833
721150
720353
719444
717902
717143
715998
714420
713369
711613
710702
709060
701446
693410
686273
707348
706476
705771
704202
703031
701505
700194
699207
698188
696912
696158
694664
692931
666582
692065
690956
690371
689499
682132
681142
655408
653698
353675
353314
356691
345706
674167
672713
345434
339753
339281
339025
339645
345406
668294
667633
665627
664667
661578
660743
658819
658049
652570
651941
650110
647966
646614
645898
643813
642515
602264
596908
595154
592802
532689
469403
442349
442194
639312
638491
637037
635791
632002
616225
605680
600727
629051
626834
625203
623535
622403
621265
618536
618524
616192
615021
612502
611817
609886
608815
606983
606455
601780
601159
599572
599540
598221
597967
597431
596585
593529
593316
590925
590885
588503
586491
356525
356479
352783
352355
352119
351035
350405
354726
350334
345238
345064
345028
337616
336939
336899
336812
335058
333814
546015
545187
533179
515458
583113
581568
470824
462675
579311
577311
575209
573298
571692
569547
393651
392118
564600
563896
562275
560624
558622
554124
557625
556103
335596
333046
554307
552022
550104
549524
547667
547034
379020
376649
371948
370221
544223
542935
541920
540940
357061
348448
348220
348141
538975
538155
535271
533771
532299
359856
528023
526123
524794
521866
519356
516654
514014
356746
512481
510935
508781
508179
505114
503739
354435
354195
501254
500130
499158
497514
496092
494019
488114
484898
482921
480051
477976
474982
472837
471480
468047
467136
464490
463199
462044
461112
458283
457216
455441
455085
453198
451805
448462
446869
444542
443222
441353
440169
439526
438929
436145
429942
425866
369750
367832
363387
421374
419998
418737
417260
415091
411809
409145
407599
403385
397263
395970
395092
394984
394882
394466
394106
393821
393780
393433
393390
392661
392343
391982
391487
391139
390739
390541
390133
389726
389647
362066
356778
388262
387580
384886
383571
386662
379642
360062
360038
386223
385865
385600
385402
374500
372103
363168
362946
385316
385015
384356
362333
384232
362199
383889
383597
383150
382590
382019
381709
380924
361763
357995
357927
357920
357907
357812
357787
380506
380261
379836
379645
379472
379249
378558
377534
377240
376704
376321
376120
375741
375368
375018
374951
359640
359175
374751
374656
374280
373812
373231
373027
356322
356277
356266
356105
372443
372223
360479
360375
371347
371239
354914
354829
370977
370520
369857
369476
369335
369212
368302
367805
367566
367423
366921
366794
366128
366102
365837
365437
365095
358067
364310
363964
363499
357373
996989
994687
993485
992702
991938
983839
960867
960849
990848
989530
988751
988066
987377
986576
985380
983876
982625
981888
980982
980180
979281
978451
977360
976474
975249
974471
973316
972311
971232
970420
969552
968387
967554
966668
965867
964860
963886
962741
961616
960958
960295
959262
957978
957002
955798
954655
953712
952852
951283
950019
948694
947963
946875
945488
944821
943966
943198
942290
940997
939906
939193
938432
937561
936119
935410
934516
933267
932010
931164
930233
928977
927932
926454
925475
924575
923787
922900
921589
920080
919360
917966
917188
916237
915550
914387
913622
912760
912117
911001
909866
908950
907603
906755
906032
905262
904395
903300
902562
901437
900373
899079
898006
896572
895694
893938
892283
891119
890378
889297
888363
887065
886128
885080
884124
883161
881761
880726
879311
878244
876964
875762
874797
873968
872805
871874
870706
869967
868812
867476
866488
865638
864549
863574
862696
861499
860844
859839
859131
858068
856810
855397
854529
852983
852177
851072
850221
849385
848262
847069
846112
845336
843763
842746
841856
840874
839716
839019
838260
837115
836169
834306
833404
832884
831861
830460
829719
829059
827696
826838
826029
824893
823539
822547
821552
820244
819403
817464
816441
815781
814876
813997
813114
812138
811269
810004
808947
807954
806529
805038
804577
803273
802406
801184
799890
799068
798452
797011
795728
794405
793228
791682
790968
789665
788154
787171
785793
783948
783157
781408
780686
779908
778631
777827
776856
775786
774861
773534
772626
771760
770776
769652
768525
767922
766614
765233
764439
763998
763552
762557
762179
761482
760849
760271
759885
759188
758599
758119
757574
757011
756605
755837
755562
754665
753820
753133
752781
752442
752026
751269
750864
750282
749548
749101
748676
748133
747839
747190
747000
745921
745510
745162
744855
744451
743996
743446
743090
742650
741847
741311
740755
740063
739738
739166
738882
738520
738236
737666
737450
736850
736239
735605
735342
734860
734382
733895
733469
732993
732596
731260
730961
730552
729955
729349
728877
728496
728109
727380
726842
726399
725435
724763
723959
723319
722928
721986
721261
720600
720397
719829
719574
718623
717909
717533
717148
716635
716166
715362
714595
713943
713444
712480
712251
711803
711693
711467
711128
710327
709760
708394
708324
692801
689491
708025
707350
706843
706479
706309
705831
705180
704207
703478
703177
702243
701546
700902
700213
699464
699241
698811
698199
697763
697092
696524
696228
695418
695034
694234
693412
693244
692939
692394
692088
691312
690962
690677
690421
690115
689560
683413
682178
688563
688081
687705
687361
686742
686379
685843
685175
683447
682933
360982
360928
360522
360508
676318
675056
680692
680480
680014
679474
678947
678726
677839
677480
676743
676320
675582
675177
674572
674168
673093
672780
672121
671751
671062
670476
669757
669068
668616
668297
668106
667652
667026
666800
666361
665652
665170
664683
664119
663729
663425
662867
662436
661594
660948
660757
659890
659425
659139
658845
658480
658127
657603
657186
656694
656416
656033
655638
654970
653908
653240
653127
652250
651989
651314
650974
650635
650120
649258
649070
648522
648011
647249
646657
646341
645937
645109
644829
644145
643882
643254
642801
642089
603354
641301
630006
640649
640016
639512
639328
638999
638551
638166
637868
637701
637338
636826
619051
636474
635794
634895
634453
634087
633747
633281
632897
632429
632043
631623
630952
630412
630018
629639
629123
628369
627692
627398
626920
626386
626051
625568
625252
624849
624598
624285
623720
622851
622430
621778
621337
620799
620140
619737
619053
618769
618566
617811
617389
616761
616240
615733
615588
614301
613233
610350
609981
608450
607496
353146
352835
352759
352442
352547
352484
603408
602447
600520
600246
351630
351586
598435
598269
351958
351895
351836
351750
351694
351671
595851
595494
351556
351453
351286
351195
349862
349818
351158
351037
351424
351358
551657
548811
592359
591487
589266
588878
588013
587563
583902
583806
584904
584463
580443
479155
582644
581584
579707
579363
579033
577948
576274
575352
575038
574590
572374
571712
571572
571006
397041
394717
566924
566528
565172
564634
564468
564114
562820
562438
562209
561714
559179
558660
556902
555699
557982
557940
557520
556909
349632
349604
349469
349314
555669
555045
554175
552308
551081
550145
549993
549548
548897
548867
547411
547346
379829
379817
378474
377499
373578
372976
371549
371351
545085
544524
544218
543877
542323
541930
541354
540942
358983
358876
357035
351014
352246
348328
348214
348213
539876
539872
538479
538398
537672
536793
534444
534414
532668
532614
531733
525989
529992
529202
527420
526514
525644
525358
523868
522931
520710
520198
517482
517023
515020
514980
510165
356809
513054
512604
511942
511076
509694
509440
508513
508475
505914
505536
504661
504252
354575
354518
354375
354277
502975
501604
501244
500181
499631
499250
498866
498160
497401
496944
494665
494602
489571
489133
487953
485447
483265
483241
481727
480457
478467
478368
476685
475673
473854
473458
472612
471496
469093
468600
468025
467598
466143
465557
464037
463687
462665
462380
461940
461893
459470
458311
457630
457251
455966
455921
455105
455101
453856
453808
452917
452275
449005
448510
448024
447364
444889
444755
444469
444458
442189
441374
440383
440366
439689
439686
439230
438995
437001
436742
435328
430250
426724
426274
425772
425719
368338
368327
367824
363424
422721
421659
421335
420763
419836
419413
418684
417749
416346
415096
414255
411825
411091
410407
408613
408190
405042
404787
400017
399199
396186
396151
395959
395210
395041
395033
394971
394926
394619
394495
394458
394112
393969
393823
393815
393810
393620
393475
393422
393406
392734
392677
392600
392426
392061
392056
391815
391804
391325
391140
390883
390805
390606
390554
390399
390138
389865
389733
389680
389670
387516
362151
361927
361124
388569
388290
387773
387631
387061
385825
387122
387095
387023
386764
386614
380240
342686
342559
342536
342536
386398
386234
386204
385894
385746
385643
385437
385404
376034
375268
373668
372998
363927
363323
363163
362982
385364
385350
385187
385038
384854
384854
384783
384481
384252
384250
384219
362225
383996
383932
383835
383610
383370
383284
383127
382614
382051
382048
381916
381812
380933
380925
380835
361978
340252
340185
340079
340035
339534
336841
335942
339463
333699
338430
339381
339259
380651
380588
380466
380330
380051
379909
379766
379759
379617
379483
379387
379360
378827
378660
378426
377661
377463
377325
376957
376883
376614
376338
376317
376177
376031
375773
375701
375427
375052
375042
374993
374980
361290
359709
359391
359378
374931
374855
374731
374662
374409
374303
373873
373852
373567
373385
373220
373093
338366
338213
336019
335976
338751
338711
336306
335121
372665
372629
372306
372292
360890
360755
371692
371671
371519
371475
371260
371256
338203
338154
336559
336488
371130
371009
370632
370571
370008
369908
369620
369512
369434
369343
369331
369230
368491
368362
368104
367957
367649
367623
367547
367451
366956
366953
366892
366805
366515
366216
366128
366124
365998
365953
365711
365464
365340
365125
358232
358218
364725
364468
364192
363997
363659
363507
357446
357429
999336
998654
998368
995924
997489
997010
996513
995935
995672
994797
994140
993511
992959
992732
992447
992004
991360
990864
990289
989620
989200
988913
988347
988073
987530
987384
987130
986619
986106
985421
984838
983893
983098
982648
982370
981928
981354
981036
980670
980272
979562
979319
978802
978474
978099
977393
976859
976483
976048
975349
974699
974531
973650
973327
972868
972354
971674
971397
970781
970425
970023
969607
969053
968422
967924
967588
967114
966691
966177
965917
965576
965007
964273
963937
963025
962753
962361
961699
961340
960992
960595
960350
959679
959268
958302
958031
957292
957114
956409
955914
955342
954756
954186
953805
953214
952891
951831
951354
950459
950076
949261
948737
948252
947998
947492
946980
946105
945649
945010
944841
944503
944125
943569
943277
942755
942477
941665
941005
940571
940032
939503
939214
938873
938471
937952
937599
936658
936151
935761
935424
935072
934607
933976
933488
932796
932017
931560
931447
930728
930320
929672
928984
928421
927951
927034
926576
925987
925521
924969
924620
924059
923790
923146
922922
922446
921726
921012
920271
919726
919402
918624
918048
917595
917195
916827
916359
915988
915561
914918
914529
914004
913686
913319
912809
912418
912206
911298
911048
910357
909896
909230
908951
908079
907673
907090
906776
906589
906034
905563
905310
904775
904489
903902
903307
902817
902567
902086
901653
901018
900449
899682
899103
898549
898009
897247
896870
896121
895866
894607
893976
893087
892346
891786
891153
890834
890380
889713
889334
888962
888480
887851
887091
886576
886171
885611
885194
884645
884199
883658
883250
882235
881800
881471
880858
880127
879322
878907
878318
877963
876970
876355
875786
875456
874891
874248
873980
873589
873048
872186
871966
871482
870766
870334
869996
869184
868864
867917
867492
867115
866561
865961
865680
865267
864583
863914
863589
863261
862788
862013
861611
861352
860942
860356
859878
859571
859134
858490
858141
857619
856812
856014
855402
854791
854616
853734
853026
852580
852219
851535
851209
850924
850262
849762
849574
848619
848300
847686
847125
846781
846164
845834
845348
844276
843834
843097
842774
842372
841951
841326
840906
840556
839735
839449
839071
838794
838594
837958
837263
836696
836244
835234
834510
834129
833412
833138
833029
832471
831885
830830
830504
830099
829735
829360
829063
828046
827753
827003
826871
826609
826041
825278
824935
824052
823552
822948
822586
821889
821614
820898
820298
819933
819491
817967
817525
817220
816456
816137
815947
815226
814890
814466
814054
813475
813215
812775
812151
811781
811344
810493
810018
809671
808998
808434
808011
807010
806821
805842
805072
804846
804597
803808
803347
802882
802414
801691
801316
800534
799939
799358
799069
798837
798503
797769
797017
796651
795762
794898
794497
793951
793339
792413
791711
791330
790973
790424
789667
788877
788339
787850
787331
786454
785821
785106
784310
783411
783196
782246
781411
781120
780728
780223
779972
779196
778648
778295
777858
777297
776867
776550
775809
775150
774914
773865
773555
773097
772638
772225
771775
771335
770825
770097
769661
769092
768530
768226
767970
767518
766642
765901
765260
764884
764509
764251
764056
763804
763674
763105
762580
762419
762212
761821
761486
761054
760851
760468
760289
760076
759921
759614
759370
759030
758678
758424
758138
757785
757609
757298
757081
756839
756678
756044
755852
755696
755570
755186
754683
754363
754019
753524
753168
752996
752791
752560
752466
752168
752077
751455
751290
751142
751007
750405
750297
750005
749566
749231
749109
748941
748794
748281
748145
747994
747927
747351
747226
747055
747005
746488
745988
745752
745608
745256
745168
745020
744982
744581
744485
744262
744089
743727
743577
743259
743097
742876
742671
742345
741852
741549
741318
740908
740875
740602
740413
739910
739769
739426
739177
738953
738890
738768
738615
738390
738260
737894
737739
737625
737515
737157
736859
736727
736278
735921
735605
735512
735350
734948
734873
734595
734428
734035
733980
733749
733578
733303
733195
732701
732636
731980
731381
731189
730970
730822
730572
730468
730006
729679
729490
729179
728925
728565
728507
728345
728110
727578
727388
727157
726887
726525
726409
725946
725485
725274
724834
724492
724117
723483
723338
723005
722938
722082
721989
721699
721355
720846
720683
720539
720446
720226
719829
719775
719602
719049
718740
718272
718189
717771
717621
717356
717209
716793
716674
716513
716203
715609
715362
715121
714735
714190
713981
713792
713560
712957
712660
712332
712275
712058
711819
711740
711695
711518
711474
711298
711223
710949
710704
710558
710402
710049
709803
709473
709230
708928
708856
708560
708421
708239
708083
707665
707417
707015
706844
706772
706487
706366
706311
706114
705862
705329
705217
704516
704271
703598
703481
703442
703225
702641
702346
701948
701582
701249
700961
700609
700252
699933
699531
699447
699278
698990
698887
698440
698294
697963
697875
697434
697097
696730
696549
696425
696263
696016
695450
695311
695050
694613
694247
693984
693491
693330
693248
693138
692950
692698
692565
692317
692092
691662
691360
691182
691011
690878
690813
690593
690477
690286
690123
689786
689587
688056
683827
689300
689070
688937
688788
688428
688102
687953
687763
687499
687401
686908
686773
686610
686426
686136
685892
685639
685393
685314
685188
684794
684561
684346
684008
683728
683593
683285
682970
682447
682327
682013
681768
681598
681205
680908
680804
680574
680508
680282
680061
679867
679482
679268
679102
678844
678801
678308
677980
677699
677521
677229
677042
676484
676329
676128
675597
675471
675180
674917
674576
674275
674170
673724
673283
673037
672826
672343
672134
671936
671793
671480
671140
670876
670519
670075
669784
669445
669112
668844
668656
668508
668361
668230
668108
668007
667763
667557
667230
666900
666805
666550
666404
666064
665845
665462
665240
665013
664722
664316
664145
663932
663840
663556
663460
663068
662871
662714
662526
662193
661680
661288
660966
660885
660757
660443
659992
659543
659433
659328
659143
659035
658864
658615
658527
658327
658189
657905
657705
657399
657254
656961
656763
656503
656437
656167
656107
655909
655651
655079
655015
654782
654292
653486
653316
653198
653156
652541
652253
652144
652050
651589
651519
651231
650995
650746
650652
650428
650258
649700
649333
649184
649089
648804
648754
648293
648024
647683
647249
646985
646682
646461
646342
646154
645940
645534
645352
644969
644862
644498
644172
644002
643891
643564
643271
643011
642865
642729
642521
642362
642165
641833
641620
641488
641313
641076
640680
640561
640276
639756
639602
639381
639337
639175
639082
638729
638570
638309
638203
638122
637911
637810
637754
637542
637353
637111
637052
636986
636915
636707
636648
636262
635808
635285
634917
634632
634479
634229
634114
634016
633777
633488
633306
633131
633118
632780
632485
632340
632043
631919
631739
631360
631140
630849
630587
630160
630024
629939
629696
629447
629294
628913
628438
628076
627750
627595
627421
627147
626922
626555
626405
626275
626156
625932
625602
625419
625304
625033
624851
624726
624606
624396
624332
624120
623791
623459
623090
622783
622657
622119
621825
621501
621379
621167
620825
620628
620206
619906
619773
619581
619122
618882
618785
618667
618629
618384
617959
617783
617450
616931
616788
616653
616453
616150
615777
615661
615592
615450
615087
614872
613510
614668
611049
614451
614333
614156
613944
613829
613656
613384
613300
612919
612633
612034
611835
611371
611121
610720
610376
610240
610000
609616
604219
609252
603084
609124
608894
608453
608253
607888
607603
607341
606990
606775
606472
606252
606096
605428
605233
604840
604711
604494
604287
603919
603613
603234
603095
602809
602568
602137
601805
601535
601317
600981
600835
600701
600661
600405
600369
599993
599641
599259
599061
598676
598460
598125
597975
597785
597588
597232
597107
596799
596600
584443
554010
596240
596132
595637
595495
595358
595183
595033
594880
594430
594168
593932
593672
593620
593531
593423
593382
592945
592844
592661
592384
592160
592096
591907
591487
591296
590938
590647
590289
590055
582165
589476
589290
588978
588887
588689
588639
588343
588072
587948
587607
587381
575539
587007
586884
586781
586582
586284
586076
585924
585762
585075
584947
584862
584484
566937
411165
584286
583972
583587
583155
582821
582695
582506
582294
581903
581616
580966
580831
580723
580518
580076
579773
579575
579385
579258
579061
578632
562054
578221
578045
577597
577523
577127
576627
576087
575818
575127
575071
574807
574616
574458
574322
557022
573822
573725
573455
573115
572939
572823
572552
572165
571858
571235
571008
570879
570760
570603
570336
552877
569977
569714
569611
569423
550463
569143
568665
568245
567983
567533
567358
567101
566951
566855
566536
566125
565921
383036
380121
565753
565510
565306
565206
564933
564642
564267
564142
564015
563914
563297
563013
562688
562490
561861
561724
561424
561302
561098
560917
560792
560644
560434
560147
559863
559721
559457
559245
559028
558675
360155
359834
558432
558064
557790
557561
557187
557099
556683
556405
555918
555826
555543
555170
554796
554461
553926
553726
553200
552928
552419
552311
552244
552165
551868
551689
551464
551169
550932
550615
550397
550180
550055
550016
549797
549623
549375
549210
549074
548974
548468
530205
529373
548155
547915
547755
547606
547445
547142
547048
546769
546290
546167
546053
545496
545386
544875
544575
544431
544300
544035
543903
543160
542957
542702
542450
542146
542009
541618
541433
541284
541053
540770
540462
540262
539881
539705
539005
538812
538680
538317
538227
537991
537807
537551
537291
537104
536914
536395
506610
505595
536067
535676
535330
535038
534514
376414
355175
533911
533785
533584
533244
533025
532703
532506
532389
532087
531739
531413
531149
530834
530228
530085
530002
529864
529530
528938
528784
498757
528401
528244
528079
527770
527571
526894
495132
526818
526570
526158
526045
525925
525767
525135
524869
486953
524671
524418
483671
524085
523912
523483
522959
522662
480495
521952
521912
521658
521570
521253
477060
476041
520992
520862
520748
520502
520415
520100
519711
471795
519593
519521
519360
519085
469028
518841
518505
518398
467955
518086
466165
517577
517499
517398
517258
517147
517038
516759
516672
516442
516291
515722
515555
515271
515037
514742
514531
458561
514345
514164
514095
513946
513756
513419
513168
513042
512961
512353
512010
511601
511141
510876
510217
510070
509854
509802
509735
509648
509495
508976
508828
508601
508513
508267
508185
508049
507683
507410
507140
506798
506763
506432
506118
505719
505637
505234
505114
505003
504711
504568
440945
504452
504276
504055
503599
503353
503205
503119
503030
502729
502512
502095
501651
501370
501287
500800
500705
435019
431141
427880
426744
500414
500195
499872
499786
499700
499635
423904
419931
499105
498889
498531
498173
497743
497602
497172
497029
421807
496584
496364
496183
495964
495793
495639
495325
494829
494682
494335
494165
418509
493743
493549
493377
415775
493036
492622
492500
413671
412622
491695
411112
491333
490959
490646
490559
408249
489882
489743
489577
489421
489228
402540
400116
488731
488272
487811
487610
487513
487143
486540
486394
395432
395306
485877
485610
485311
485063
484729
484495
394963
484301
484206
483713
483468
483283
483121
483009
482565
394410
482034
481741
393944
393861
481173
480950
480787
480556
480369
480085
479958
479807
479462
479282
478724
478531
392962
392785
478144
477984
477774
477734
477595
477206
476893
476757
476303
476077
475961
391895
475820
475743
475169
474983
474817
474690
474608
391033
474307
474038
473549
473498
473093
472974
472261
472027
471766
471571
471100
470878
389857
470627
470332
469950
469730
469437
389120
388624
469323
469154
468768
468606
468404
468065
467837
467651
467428
467239
388138
387933
387687
466352
387237
387134
466286
466172
465720
465598
465226
465092
464952
464736
464151
464059
463964
463799
463344
463243
338019
337083
462848
462733
462513
462382
462281
462063
461763
386540
461374
461188
460684
460528
460098
386042
459761
459484
459313
459172
458929
458656
458456
458339
458145
457850
457533
457259
457038
456844
456606
456383
366792
365662
456269
456030
455668
455498
455262
455125
454758
454547
454205
453930
453070
452921
452687
452603
452499
452304
452159
451942
451426
384814
384752
384482
450647
393637
450249
449696
449388
449073
448867
448522
448254
448042
447674
447377
447195
446976
446688
383664
446451
383523
383332
446129
445998
445876
382779
445184
444978
444927
444776
444612
444303
444227
381843
443789
381351
380968
443587
443243
442970
442696
442558
442350
334263
334182
333837
332626
333499
337343
441638
441502
441186
440947
440644
440492
440242
440174
439862
439720
333448
335182
335996
335747
439430
439238
439081
439030
438720
438542
438164
380650
437764
437483
437276
437094
436957
436748
436435
436316
435952
435793
435416
435342
435248
435058
379527
434890
434802
434758
434536
434134
434050
433938
433563
378724
432852
378438
377893
377664
432572
432454
377459
432251
432139
377044
376924
431573
431452
431164
430973
376477
430627
430481
430056
429962
429765
429323
375972
375820
429051
428961
375566
375441
428718
428530
428448
428221
428056
427895
427627
427492
361333
361319
426958
426775
426469
426329
426238
426034
425439
424993
424769
424721
424618
424563
374727
424255
424188
423914
374314
423790
374216
373993
423581
423392
423266
423009
422862
373464
422751
422431
421989
421837
336735
332727
421618
421386
421085
420833
420579
420351
334954
333412
332951
332927
419769
419435
418986
418793
418400
417782
417442
417284
416666
416363
416129
415966
371594
361005
415482
415135
414682
414308
414143
414069
413969
413841
413420
413197
412937
412850
412449
412203
334229
333436
412125
411888
411721
411523
411451
411185
411069
371142
410553
410440
410282
370661
370597
370587
409802
370044
409634
369925
369830
369754
409222
409171
408960
408847
408489
408436
407941
407765
407491
407239
368912
368520
407076
406781
406489
368260
368101
368048
405744
405405
405246
405083
404890
404825
404258
403958
403698
367065
403589
403437
396955
396836
396508
396430
403111
366666
402964
402789
402717
402555
402339
396342
402302
402184
401751
396060
395826
395340
382958
365466
401235
401157
400824
400781
358630
358253
400481
400303
399795
364746
399524
399472
398577
364251
364150
364093
397468
363727
397333
397265
357712
357470
397243
397169
999944
999821
999685
999428
999211
998915
998565
998409
998158
997580
997383
997119
996892
996657
996428
996125
995810
995705
995397
995027
994350
994162
993955
993523
993106
992959
992900
992732
992585
992479
992219
992159
991615
991413
991161
991102
990677
990296
990160
989648
989443
989251
988989
988939
988473
988386
988267
988143
987698
987613
987503
987395
987281
987160
986956
986705
986265
986125
985991
985487
985238
984896
984591
984024
983531
983105
982911
982800
982483
982419
982126
982012
981548
981378
981215
981082
980876
980677
980451
980361
979739
979596
979450
979360
979174
979044
978791
978537
978197
978104
978028
977508
977136
976965
976598
976526
976208
976150
975862
975392
974923
974742
974634
974548
974253
973706
973446
973359
973217
973064
972694
972449
972053
971743
971625
971502
971087
970857
970704
970476
970258
970177
969690
969628
969475
969364
968624
968477
968169
967935
967790
967594
967449
967159
967048
966769
966369
966195
966087
965929
965654
965583
965346
965091
964461
964281
964060
963960
963602
963080
962847
962793
962512
962452
962080
961775
961482
961375
961189
961011
960660
960616
960489
960354
959986
959706
959492
959350
958677
958533
958172
958034
957431
957300
957246
957119
956489
956430
956319
955957
955681
955538
954955
954779
954450
954200
954048
953809
953337
953265
953111
952918
952323
952145
951541
951409
950932
950469
950267
950115
949779
949371
949023
948781
948679
948265
948158
947998
947687
947569
947102
946982
946338
946107
945786
945678
945186
945042
944912
944850
944666
944567
944286
944130
943805
943575
943351
943304
943145
942798
942612
942500
941802
941706
941189
941151
940703
940641
940334
940088
939683
939621
939328
939219
938961
938921
938798
938516
938136
937991
937846
937650
936919
936659
936581
936181
935878
935765
935583
935459
935383
935164
934893
934634
934201
934008
933821
933593
933060
932972
932587
932059
931830
931677
931506
931471
931031
930786
930662
930345
929955
929720
929145
928999
928881
928437
928238
928031
927281
927038
926674
926588
926264
926168
925900
925611
925250
925001
924709
924632
924307
924085
923999
923817
923450
923244
922976
922928
922760
922525
922020
921742
921079
921040
920614
920289
919912
919746
919509
919423
918813
918631
918423
918179
917873
917649
917299
917213
916965
916874
916619
916489
916092
916014
915876
915721
915105
914972
914745
914531
914215
914031
913849
913740
913492
913382
913164
912874
912586
912436
912331
912219
911587
911309
911178
911058
910813
910414
910038
909906
909624
909383
909068
908966
908705
908093
907885
907759
907296
907101
906964
906784
906692
906605
906168
906061
905720
905568
905528
905311
905149
904882
904604
904508
903980
903910
903547
903322
903063
902839
902731
902570
902163
902093
901897
901659
901247
901020
900797
900531
899929
899683
899330
899120
898913
898599
898324
898141
897637
897363
897085
896884
896278
896124
896081
895893
895271
894842
894278
894075
893670
893213
892670
892458
892116
891926
891404
891154
890934
890859
890700
890398
890214
889792
889436
889382
889121
889006
888730
888571
888066
888021
887331
887119
886817
886677
886400
886227
885775
885647
885440
885210
885018
884651
884500
884259
883852
883674
883383
883271
882673
882241
882029
881828
881682
881563
880952
880899
880604
880193
879659
879373
879148
879049
878565
878351
878128
877969
877479
877150
876638
876507
876171
876022
875703
875477
875311
874929
874476
874349
874149
873998
873814
873631
873221
873083
872441
872205
872049
871974
871640
871487
871139
870775
870469
870400
870163
870107
869647
869220
869124
869022
868180
867920
867703
867517
867326
867158
866788
866724
866199
866008
865781
865699
865513
865272
865089
864617
864116
863930
863726
863592
863436
863305
863189
862823
862504
862076
861904
861706
861430
861370
861096
861026
860522
860394
860112
859916
859654
859610
859423
859197
858790
858491
858375
858204
857762
857651
857413
856973
856356
856036
855973
855546
854992
854828
854713
854647
854349
854030
853302
853036
852805
852648
852491
852396
851788
851679
851393
851247
850992
850952
850568
850468
849930
849780
849673
849609
849083
848669
848358
848304
847955
847768
847523
847181
846938
846806
846601
846258
845999
845927
845651
845403
845276
844551
844015
843893
843365
843111
843006
842809
842639
842396
842330
841969
841760
841381
841263
840986
840806
840669
840367
840028
839629
839470
839333
839143
838905
838803
838748
838603
838146
837972
837737
837395
836838
836764
836609
836289
835384
835260
834785
834542
834252
834195
833756
833584
833263
833169
833093
833039
832767
832609
832213
831949
830995
830842
830605
830516
830312
830189
829962
829781
829472
829443
829196
829131
828771
828080
827912
827783
827208
827008
826957
826879
826702
826634
826463
826153
825521
825354
825148
825071
824598
824133
823863
823585
823264
823128
822764
822607
822192
821894
821783
821671
821326
821069
820605
820326
820057
819943
819621
819534
818553
818173
817823
817708
817325
817243
816889
816526
816349
816185
816074
815969
815577
815230
815092
814925
814732
814471
814190
814081
813859
813608
813392
813233
812920
812877
812504
812323
811900
811839
811442
811389
810981
810559
810441
810226
809739
809676
809510
809307
808848
808496
808306
808067
807766
807015
806972
806825
806102
805861
805388
805127
804944
804851
804732
804617
804237
803822
803540
803445
803131
802931
802720
802525
801879
801758
801474
801329
801007
800577
800205
799967
799567
799384
799174
799091
799009
798847
798639
798601
798181
797781
797165
797031
796770
796655
796146
795959
795428
795013
794659
794537
794139
793983
793648
793369
792574
792430
792052
791908
791494
791416
791241
791017
790515
790430
790250
789830
789290
788960
788707
788365
787996
787956
787645
787440
786723
786471
785945
785863
785447
785237
784796
784530
783621
783470
783327
783249
782669
782249
781919
781498
781206
781157
780989
780798
780416
780235
780135
780014
779713
779262
778931
778774
778405
778310
778102
777961
777612
777306
777059
776943
776700
776553
776297
775902
775691
775250
775047
774935
774283
774041
773791
773590
773324
773132
772931
772648
772477
772246
772169
771839
771497
771337
771036
770900
770341
770206
769901
769685
769355
769187
768875
768618
768445
768270
768145
768013
767664
767570
767136
766658
766023
765965
765431
765284
765149
764935
764598
764580
764355
764341
764195
764072
763874
763835
763694
763677
763233
763130
762927
762773
762477
762452
762417
762233
762168
761862
761748
761621
761471
761464
760906
760890
760510
760499
760430
760382
760220
760133
760016
759941
759803
759753
759613
759573
759092
759079
758985
758722
758517
758514
758398
758327
758008
757792
757699
757641
757459
757455
757162
757162
757000
756997
756830
756746
756345
756145
755941
755879
755785
755770
755654
755573
755373
755219
755063
754686
754646
754471
754316
754043
753641
753541
753401
753367
753084
753015
752978
752949
752660
752599
752531
752481
752359
752291
752130
752115
751613
751506
751356
751323
751249
751204
751067
751065
750496
750472
750381
750325
750095
750047
749916
749672
749257
749235
749133
749118
749085
749070
748840
748806
748490
748341
748209
748202
748105
748033
747984
747971
747632
747629
747339
747244
747089
747081
747016
747008
746786
746581
746433
746030
745904
745761
745663
745655
745334
745296
745250
745246
745055
745034
745005
745000
744635
744601
744532
744522
744396
744325
744241
744232
743789
743755
743650
743617
743437
743333
743235
743216
743084
742915
742876
742862
742607
742529
742134
741859
741752
741715
741542
741380
741302
741223
740896
740883
740685
740662
740602
740512
739998
739992
739868
739846
739487
739434
739405
739237
739134
739077
738899
738898
738861
738844
738684
738679
738432
738424
738319
738291
738043
737907
737822
737789
737656
737644
737588
737557
737429
737250
737103
737047
736843
736797
736639
736435
736104
736009
735785
735611
735593
735579
735461
735392
735033
734966
734925
734893
734832
734829
734565
734518
734096
734086
734030
734018
733804
733780
733673
733585
733388
733335
733293
733293
732945
732788
732690
732674
732112
731989
731588
731560
731236
731211
731189
730980
730890
730833
730696
730653
730522
730480
730456
730426
729843
729784
729605
729492
729342
729325
729120
729116
728693
728600
728553
728541
728441
728392
728322
728281
727847
727694
727506
727479
727283
727174
727140
726960
726791
726562
726440
726433
726393
725982
725925
725532
725287
725284
724958
724938
724711
724640
724460
724380
723715
723509
723465
723384
723242
723152
722966
722958
722190
722155
722020
722012
721764
721717
721630
721419
721089
720866
720822
720700
720592
720568
720495
720487
720308
720262
720207
720001
719790
719782
719761
719634
719439
719056
719046
718743
718407
718327
718266
718222
717786
717773
717749
717743
717496
717427
717327
717239
716878
716868
716769
716700
716615
716532
716510
716213
715684
715630
715584
715438
715240
715217
715059
714831
714374
714298
714087
714076
713895
713893
713779
713649
713156
713155
712860
712789
712347
712335
712316
712300
712183
712117
712038
711959
711800
711748
711731
711697
711610
711533
711503
711482
711399
711330
711275
711258
711121
711042
710855
710847
710583
710583
710533
710417
710073
710060
709927
709872
709707
709510
709464
709251
709048
709018
708919
708864
708810
708587
708462
708448
708277
708259
708116
708095
707973
707737
707592
707513
707264
707113
706955
706954
706813
706804
706597
706504
706449
706440
706353
706313
706261
706204
706100
706054
705488
705343
705314
705269
705132
704976
704496
704420
704004
703948
703533
703483
703467
703453
703353
703297
703002
702855
702617
702592
702204
701974
701926
701891
701329
701273
701144
701095
700890
700719
700543
700414
700120
700048
699914
699563
699457
699450
699329
699306
699092
699025
698920
698895
698564
698500
698381
698304
698109
698025
697938
697928
697529
697450
697312
697099
696844
696741
696688
696646
696473
696444
696385
696367
696085
696016
695738
695585
695410
695395
695187
695170
694652
694646
694362
694272
694132
693986
693661
693636
693400
693360
693328
693308
693242
693150
693066
693043
692740
692705
692677
692658
692390
692361
692200
692175
691818
691737
691524
691378
691291
691255
691123
691030
690908
690892
690866
690855
690653
690648
690532
690486
690334
690312
690198
690175
690062
690051
689712
689658
689421
688994
687196
686289
689357
689326
689197
689092
688970
688948
688898
688840
688557
688539
688299
688170
688003
687959
687932
687830
687672
687637
687461
687414
687034
686921
686858
686793
686733
686637
686564
686455
686252
686242
686086
685983
685816
685780
685609
685479
685384
685366
685235
685190
685027
685010
684792
684621
684472
684385
684177
684014
683791
683752
683656
683608
683385
683358
683125
683033
682649
682526
682447
682395
682069
682040
681947
681889
681729
681711
681330
681283
680973
680972
680873
680827
680610
680605
680554
680517
680456
680319
680199
680085
679957
679896
679819
679738
679362
679307
679169
679148
678919
678907
678834
678829
678551
678350
678214
678138
677780
677779
677628
677540
677370
677340
677094
677042
676609
676538
676470
676411
676192
676181
675845
675801
675550
675536
675433
675342
675005
674943
674633
674607
674456
674456
674201
674191
673817
673776
673672
673494
673075
673073
673032
673006
672558
672397
672322
672165
672108
671970
671914
671872
671532
671483
671236
671214
671023
670958
670876
670542
670356
670264
669912
669800
669736
669655
669372
669125
668846
668844
668757
668657
668569
668556
668456
668451
668261
668248
668221
668206
668066
668017
667989
667907
667591
667570
667490
667270
666996
666989
666879
666840
666565
666555
666491
666445
666237
666143
665913
665871
665582
665478
665420
665367
665084
665055
664865
664851
664532
664372
664228
664221
664092
663988
663895
663841
663684
663611
663534
663516
663308
663270
663027
663004
662816
662768
662614
662573
662387
662221
662149
661883
661550
661515
661061
661017
660919
660919
660873
660816
660695
660567
660290
660025
659802
659711
659470
659467
659356
659353
659292
659211
659063
659042
659000
658995
658677
658661
658578
658555
658413
658404
658311
658307
657951
657951
657865
657737
657483
657401
657326
657322
656997
656967
656805
656784
656672
656515
656455
656444
656238
656169
656161
656130
655993
655917
655678
655675
655259
655207
655077
655062
654946
654870
654732
654568
653662
653630
653456
653343
653220
653220
653186
653165
652569
652569
652518
652470
652220
652198
652108
652055
651710
651673
651581
651544
651283
651246
651184
651036
650814
650760
650703
650681
650508
650499
650380
650368
649916
649794
649630
649406
649245
649200
649150
649142
648877
648856
648791
648785
648511
648406
648180
648115
647901
647827
647582
647391
647225
647081
646904
646797
646481
646474
646461
646406
646339
646181
646143
646108
645731
645672
645424
645420
645062
645061
644940
644916
644739
644722
644498
644347
644122
644078
643984
643965
643683
643628
643562
643492
643236
643118
642912
642898
642757
642732
642549
642539
642450
642424
642259
642232
641979
641951
641793
641768
641523
641498
641455
641427
641278
641177
640983
640802
640644
640567
640490
640449
639849
639773
639717
639675
639485
639390
639378
639341
639308
639305
639170
639099
638899
638751
638707
638594
638353
638324
638243
638228
638129
638126
638057
637919
637867
637859
637804
637800
637579
637560
637451
637434
637310
637212
637101
637083
637023
636986
636936
636915
636731
636726
636659
636649
636404
636289
636203
635878
635591
635310
635012
634960
634654
634651
634603
634557
634352
634336
634227
634121
634080
634042
633909
633843
633624
633533
633374
633316
633253
633209
633124
633122
632869
632805
632724
632614
632386
632357
632147
632129
631980
631970
631879
631857
631499
631421
631211
631207
630886
630859
630810
630783
630269
630241
630154
630144
629997
629965
629882
629854
629616
629485
629440
629413
629017
628959
628767
628565
628229
628183
627927
627856
627652
627602
627583
627431
627363
627237
627115
627054
626814
626787
626491
626461
626381
626368
626201
626198
625955
625947
625781
625756
625539
625459
625362
625312
625083
625075
625026
625021
624848
624796
624713
624693
624489
624479
624373
624345
624135
624134
624075
624023
623486
623465
623392
623363
622813
622803
622782
622722
622347
622273
621964
621879
621566
621560
621497
621436
621263
621255
621059
621057
620708
620671
620498
620249
620002
619960
619788
619778
619696
619612
619399
619330
618951
618902
618874
618814
618757
618730
618656
618647
618451
618393
617973
617972
617806
617790
617662
617627
617225
617142
616919
616866
616710
616660
616625
616497
616185
616161
615973
615894
615686
615675
615645
615628
615495
615478
615306
615117
614984
614970
614810
613913
614737
614675
614618
614533
614498
614466
614438
614343
614266
614213
614139
613951
613868
613842
613729
613719
613506
613403
613367
613346
613168
612952
612784
612761
612470
612450
612002
611985
611792
611720
611314
611265
610993
610820
610457
610397
610334
610275
610156
610124
609868
609663
605136
604709
609613
609404
609242
609197
609180
609180
609064
608982
608815
608814
608308
608299
608165
607901
607854
607845
607457
607364
607286
607028
606865
606842
606631
606487
606410
606329
606248
606174
605575
605534
605350
605280
604961
604846
604788
604726
604601
604557
604380
604372
604045
603930
603736
603685
603332
603278
603171
603141
602949
602937
602695
602592
602240
602202
601863
601819
601748
601742
601533
601455
601050
601018
600970
600891
600724
600720
600677
600667
600463
600438
600386
600376
600212
600127
599836
599645
599322
599305
599211
599138
598982
598785
598606
598590
598217
598211
597979
597975
597953
597802
597673
597621
597338
597281
597161
597145
596939
596882
596757
596669
585478
585395
572929
559630
596418
596392
596223
596149
595772
595749
595611
595585
595465
595373
595324
595257
595078
595037
594925
594919
594647
594457
594396
594207
594128
594008
593899
593858
593646
593641
593608
593534
593507
593481
593409
593386
593284
593030
592891
592870
592750
592693
592427
592390
592320
592308
592150
592141
592020
591995
591832
591522
591417
591320
591240
591178
590879
590819
590505
590474
590133
590071
590040
589814
589795
589607
589352
589305
589216
589209
588946
588927
588756
588745
588679
588675
588395
588353
588310
588167
587959
587955
587831
587797
587494
587484
587302
587173
587105
587061
586989
586937
586803
586796
586767
586726
586379
586288
586165
586124
586044
585939
585865
585792
585295
585165
585003
584992
584884
584871
584831
584724
567804
567280
565431
565416
584398
584304
584113
584030
583760
583742
583505
583352
582924
582887
582818
582802
582531
582507
582461
582450
582092
581948
581894
581655
581498
581152
580871
580859
580823
580728
580695
580625
580238
580136
579991
579907
579634
579629
579497
579386
579300
579293
579202
579200
578914
578786
578573
578520
578476
578426
578123
578061
577801
577631
577547
577531
577189
577187
576965
576663
576266
576157
575979
575919
575283
575217
575125
575074
574913
574826
574745
574618
574585
574574
574383
574364
574268
574086
574033
573862
573812
573761
573685
573681
573190
573163
573100
573034
572884
572863
572773
572602
572258
572205
571993
571867
571567
571382
571220
571110
570989
570950
570878
570815
570706
570672
570551
570413
570326
570325
570222
570153
569841
569820
569693
569650
569480
569451
569366
569176
569175
569175
568747
568684
568547
568256
568032
567991
567540
567536
567484
567369
567252
567115
567088
567038
566883
566860
566854
566749
566482
566295
566093
566080
384590
383926
382999
382257
565888
565856
565720
565540
565392
565321
565258
565215
565062
564992
564811
564711
564428
564371
564205
564168
564059
564056
563998
563947
563322
563319
563178
563175
562788
562755
562585
562520
562201
561933
561849
561839
561631
561537
561308
561303
561229
561200
561079
560921
560881
560829
560696
560646
560601
560544
560164
560149
560118
560113
559840
559822
559560
559498
559443
559256
559129
559119
558853
558690
360163
378294
378241
375836
558465
558433
558215
558095
557935
557791
557739
557731
557458
557414
557146
557140
556858
556707
556625
556450
555939
555922
555917
555914
555616
555573
555252
555193
554981
554914
554661
554540
554007
553956
553759
553749
553358
553285
553004
552951
552460
552431
552403
552403
552300
552262
552230
552168
552007
551978
551838
551724
551651
551465
551357
551299
551009
550984
550820
550646
550452
550441
550354
550300
550079
550077
550042
550036
549841
549830
549699
549675
549503
549469
549325
549227
549115
549095
549063
549018
548770
548743
531667
531016
548457
548395
548289
548160
548087
548083
547835
547804
547642
547632
547559
547489
547326
547151
547136
547082
546977
546947
546547
546293
546215
546209
546163
546158
545994
545705
545490
545458
545044
544962
544848
544795
544495
544436
544424
544411
544214
544123
543991
543914
543845
543323
543107
543076
542934
542817
542698
542570
542260
542239
542144
542017
541699
541691
541470
541433
541338
541325
541195
541061
540813
540773
540768
540656
540423
540313
540096
540088
539791
539790
539486
539357
538899
538848
538787
538696
538393
538319
538283
538228
538133
538040
537934
537816
537615
537607
537321
537301
537289
537208
537092
536995
536738
536604
536338
536289
536284
536180
536111
536110
536015
535957
535573
535498
535242
535185
534932
534865
503178
499774
375935
375324
534360
534077
533858
533807
533702
533619
533446
533305
533085
533034
532786
532745
532546
532538
532475
532420
532263
532152
532001
531945
531478
531432
531332
531255
530917
530910
530716
530390
530195
530139
530080
530032
529956
529883
529863
529608
529194
529118
528801
528797
528740
528583
528573
528457
528385
528384
528175
528101
527962
527923
527746
527701
527149
527023
526871
495782
526860
526834
526749
526618
526504
526441
526150
526087
525944
525931
525877
525833
525352
525326
525098
524983
524793
524715
524692
524676
524584
524553
524269
524228
524136
524113
523975
523953
523762
523559
523098
523011
522868
522679
522653
480944
522134
522042
521919
521915
521854
521774
521608
521585
521373
521289
521258
521254
521233
521140
521131
521021
520961
520866
520845
520793
520702
520503
520455
520452
520133
520126
520098
520008
519706
519659
519634
519632
519564
519521
519470
519409
519316
519209
519047
519034
519032
518897
518729
518607
518438
518437
518383
518344
518284
518112
517880
517875
517797
517682
517558
517553
517454
517413
517345
517291
517180
517150
517139
517080
516992
516760
516738
516674
516586
516498
516367
516363
515979
515855
515675
515570
515421
515273
515115
515073
514963
514890
514716
514625
514497
514472
514422
514352
514317
514173
514159
514137
513995
513952
513816
513797
513630
513497
513332
513275
513048
513046
512965
512962
512467
512434
512295
512133
511791
511738
511490
511451
510904
510897
510715
510318
510090
510073
510007
509928
509809
509809
509781
509760
509656
509655
509532
509508
509335
509111
508921
508845
508750
508678
508565
508524
508424
508346
508251
508230
508103
508049
507885
507823
507635
507412
507203
507191
506988
506906
506787
506764
506538
506473
506374
506298
505893
505796
505711
505704
505502
505242
505232
505206
505100
505013
504779
504714
504640
504626
504556
441300
504545
504490
504351
504298
504208
504064
503894
503749
503546
503354
503322
503256
503136
503130
503115
503046
502851
502738
502661
502536
502358
502259
501990
501663
501469
501459
501336
501336
501209
500848
500738
500713
500698
500610
500606
434631
429265
428193
427308
427240
500509
500506
500401
500354
499917
499901
499849
499817
499748
499706
499680
499678
424870
424691
422936
419953
499116
499111
499070
498971
498708
498536
498381
498327
498128
497971
497700
497665
497383
497305
497050
497035
496858
496770
496736
496605
496529
496455
496254
496225
496084
496084
495936
495873
495743
495639
495632
495625
495077
495076
494760
494693
494535
494433
494280
494234
493986
493846
493763
493761
493702
493587
493521
493403
493250
493191
493057
493046
492851
492652
492620
492549
492431
492414
492050
413027
491938
491727
491552
491479
491386
491363
491019
490962
490695
490673
490624
490601
490405
490390
490268
490171
489822
489815
489680
489607
489502
489434
489312
489270
402749
402702
402038
400989
489112
488928
488376
488353
487916
487840
487686
487613
487570
487554
487402
487397
486676
486641
486507
486412
486222
486105
486098
395339
486035
486003
485696
485612
485401
485384
485183
485123
484861
484817
484619
484523
484453
484429
484343
484341
484274
484265
484052
484001
483628
483567
483321
483296
483224
483200
483115
483064
482881
482723
482187
394440
482073
482064
481829
481769
481659
481559
481644
481594
481519
481326
481105
481035
480939
480938
480675
480597
480427
480370
480277
480199
480043
480027
479859
479808
479683
479601
479459
479422
479116
478806
478652
478649
393266
393190
392923
392879
478328
478319
478064
478062
477882
477808
477764
477741
477663
477652
477499
477437
476999
476904
476872
476806
476409
476375
476232
476103
476032
476004
475949
391962
475929
475845
475782
475769
475579
475473
475168
475045
474905
474826
474809
474694
474615
474609
474602
391136
474593
474380
474179
474072
473587
473581
473539
473516
473441
473193
473003
472991
472499
472449
472102
472038
471787
471775
471726
471599
471314
471109
470904
470903
470775
470733
470681
470644
470613
470379
470144
470136
469948
469903
469637
469543
389359
389129
389015
388976
469363
469346
469270
469193
469019
468873
468712
468609
468560
468418
468374
468349
467932
467874
467747
467732
467584
467547
467337
467335
466985
466845
466800
388119
466781
466604
466516
466418
387436
387405
387193
387183
466346
466336
466180
466175
466085
465879
465708
465698
465548
465480
465224
465218
465049
465040
464812
464749
464440
464197
464088
464069
464020
463985
463935
463852
463384
463354
463328
463255
360628
360538
360726
360647
463081
462887
462819
462748
462626
462538
462470
462392
462326
462292
462276
462114
461891
461807
461664
461643
461611
461487
461346
461223
461072
461027
460610
460586
460308
460218
460069
386172
459817
459774
459677
459663
459429
459405
459294
459184
459112
458982
458857
458735
458496
458456
458454
458372
458181
458155
458061
457928
457568
457557
457455
457320
457211
457154
456983
456886
456829
456772
456592
456413
367725
367309
366675
365999
456299
456273
456089
456049
455815
455750
455632
455540
455343
455299
455260
455159
455047
454790
454635
454569
454242
454218
453987
453966
453499
453120
453017
452954
452903
452772
452666
452632
452594
452503
452465
452464
452210
452168
452125
452026
451723
451571
451521
451493
451363
450914
451341
451133
450896
450823
450581
450541
450398
450351
450142
450063
449419
449405
449302
449187
448949
448874
448572
448552
448340
448308
448209
448046
447927
447698
447647
447476
447352
447254
447152
447077
446830
446767
446662
383763
446614
446559
446416
446341
446337
446236
446216
446197
446093
446072
445994
445908
445872
445832
445764
445565
445081
445057
444956
444946
444841
444815
444688
444680
444433
444404
444279
444233
444072
443952
443894
443798
381594
381422
381272
381076
443665
443660
443526
443284
443183
443081
442806
442699
442639
442638
442370
442350
355862
355786
355785
355726
355715
355665
355600
355493
355429
355350
355317
355303
441742
441639
441631
441586
441273
441187
441062
441001
440783
440783
440567
440518
440340
440274
440224
440176
440035
440023
439860
439797
354303
354302
354152
354143
354687
354650
353837
353826
439518
439446
439394
439337
439228
439133
439077
439065
438827
438819
438691
438687
438457
438194
438137
384746
438054
437941
437644
437492
437445
437381
437252
437174
436993
436979
436917
436787
436608
436480
436431
436324
436076
436062
435846
435831
435728
435604
435372
435367
435303
435271
435208
435080
434997
434981
434925
434899
434867
434860
434774
434761
434569
434548
434248
434219
434123
434109
434010
433957
433825
433754
433462
433428
433373
433289
433175
432854
378215
378161
377885
377829
432651
432651
432551
432487
432436
432432
432366
432336
432216
432141
432056
377169
431879
431716
431711
431632
431472
431456
431418
431383
431111
431065
430909
376545
430759
430681
430620
430489
430235
430211
430050
430022
429816
429769
429682
429408
429242
429165
429137
375966
429105
429091
429040
428997
428798
428779
428764
375542
428741
428729
428553
428552
428480
428475
428322
428255
428173
428089
427976
427925
427830
427806
427602
427565
361375
361337
361325
361321
427160
426989
426871
426781
426708
426648
426451
426430
426250
426249
426207
426158
425624
425553
425070
425029
424841
424801
424769
424756
424649
424628
424604
424580
424526
424380
424370
424370
424218
424212
424124
423995
423869
423851
423837
423790
423686
374254
374193
374076
423609
423609
423543
423534
423376
423290
423197
423028
422895
422870
422850
373519
422842
422753
422746
422534
422124
422065
421988
421912
346968
338483
347938
347930
421708
421647
421483
421457
421117
421089
420916
420880
420706
420680
420530
420526
347798
347721
347687
334682
334527
347675
347537
347498
419823
419780
419686
419574
419269
419022
418867
418794
418471
418416
418196
418147
417636
417604
417430
417418
417200
416802
416654
416473
416288
416186
415989
415967
371807
371787
361209
361181
415559
415545
415472
415379
414796
414727
414680
414674
414208
414207
414080
414079
414067
414017
413937
413917
413632
413491
413234
413222
412970
412947
412934
412930
412503
412468
412411
412346
345856
345832
345398
345331
412140
412128
412103
411988
411742
411729
411663
411530
411492
411489
411361
411233
411084
411076
410717
410662
410584
410576
410495
410456
410329
410303
410212
370894
410189
409975
410066
410061
409957
409881
409757
370065
409650
409641
409566
409458
409454
409417
409308
409290
409258
409258
409221
409206
409084
408965
408901
408852
408604
408568
408484
408458
408170
408072
407834
407789
407553
407520
407444
407288
369207
369184
368819
368589
407195
407098
407057
406865
406746
406728
406701
406644
406475
406126
406368
406193
406076
405955
405480
405466
405389
405285
405200
405085
405019
404975
404837
404835
404441
404346
404087
403984
403767
403737
403672
397012
403598
403593
403504
403500
403381
403374
396899
396872
403369
403337
403357
403343
403289
403264
396395
396343
403009
402970
402820
402804
402736
402723
402607
402602
402523
402486
402428
402378
402335
402317
402250
402201
401964
401822
401715
401662
401460
401409
395556
395413
401308
389823
365610
365572
401260
401256
401205
401171
400905
400827
400799
400788
365035
358678
358321
358314
400534
400486
400429
400386
399964
399955
399772
364776
399764
399677
399523
399488
399084
398764
398690
398615
398494
398267
398451
398327
397582
397579
363911
363895
397415
397346
397321
397314
363485
363460
357556
357516
397255
397248
397235
397184
999989
999966
999943
999905
999790
999769
999634
999576
999327
999306
999173
999031
998630
998601
998515
998464
998335
998283
998140
997745
997414
997395
997305
997185
996929
996896
996861
996861
996511
996456
996400
996292
995902
995900
995749
995719
995644
995422
995288
995058
994658
994388
994332
994191
994009
993962
993549
993530
993310
993147
993021
992974
992950
992902
992778
992777
992675
992617
992528
992516
992322
992301
992217
992199
991908
991795
991532
991464
991246
991216
991134
991118
990846
990813
990498
990455
990263
990224
990005
989673
989492
989452
989412
989341
989095
989042
988968
988950
988670
988580
988463
988453
988318
988276
988191
988156
987877
987805
987647
987623
987519
987518
987459
987456
987291
987285
987245
987240
987084
986974
986811
986794
986431
986312
986240
986195
986093
986071
985867
985697
985353
985311
985186
985127
984794
984602
984474
984465
983773
983647
983500
983400
983074
982960
982816
982806
982563
982550
982443
982437
982294
982165
982105
982048
981765
981703
981488
981382
981306
981280
981209
981148
980968
980958
980851
980717
980505
980503
980433
980379
979842
979841
979673
979666
979517
979464
979404
979377
979255
979214
979121
979112
978802
978801
978754
978564
978403
978268
978156
978147
978079
978049
977805
977716
977358
977239
977068
977012
976661
976645
976575
976552
976354
976318
976166
976155
976036
975902
975607
975491
975206
974989
974810
974766
974679
974653
974574
974549
974272
974256
973924
973765
973550
973503
973415
973368
973282
973223
973210
973116
972837
972710
972542
972499
972156
972063
971911
971881
971653
971652
971526
971523
971207
971172
970960
970949
970749
970710
970613
970517
970348
970312
970192
970182
969940
969818
969644
969633
969533
969520
969435
969415
968893
968794
968572
968503
968235
968179
967980
967956
967924
967922
967710
967668
967515
967450
967349
967175
967110
967084
967012
966805
966426
966395
966324
966270
966149
966115
966071
966053
965792
965673
965601
965587
965544
965530
965128
965116
964657
964496
964363
964332
964157
964074
964049
963997
963796
963609
963124
963098
963011
962892
962838
962806
962562
962528
962470
962461
962204
962113
962066
961899
961593
961564
961426
961376
961271
961251
961144
961090
960765
960673
960630
960625
960569
960517
960421
960396
960190
960045
959855
959732
959573
959536
959490
959397
959076
958967
958615
958588
958273
958236
958109
958078
957866
957558
957361
957333
957286
957260
957244
957178
956751
956527
956476
956433
956398
956321
956280
956074
955730
955702
955637
955629
955316
954968
954923
954855
954587
954530
954223
954220
954160
954105
954043
953938
953463
953378
953305
953267
953208
953158
952997
952948
952680
952607
952225
952148
951751
951568
951478
951447
951231
951217
950598
950482
950434
950384
950223
950146
949851
949823
949559
949440
949241
949077
949013
948909
948692
948689
948354
948330
948225
948158
948085
948063
947876
947826
947659
947569
947150
947137
947085
946985
946679
946560
946167
946134
945989
945919
945739
945738
945363
945253
945164
945068
945007
944944
944902
944861
944718
944708
944658
944636
944479
944375
944283
944271
943821
943813
943773
943755
943564
943523
943344
943325
943181
943159
942897
942863
942678
942617
942546
942516
941844
941821
941759
941736
941280
941258
941186
941169
940858
940783
940651
940642
940565
940364
940216
940189
939699
939684
939668
939643
939492
939448
939277
939236
939094
939060
938936
938926
938818
938799
938630
938572
938328
938228
938073
938041
937934
937848
937796
937684
937224
937088
936876
936834
936631
936623
936572
936199
935907
935881
935809
935779
935677
935631
935487
935463
935401
935384
935270
935253
934973
934922
934845
934813
934258
934214
934190
934130
933965
933883
933810
933666
933254
933192
933000
932996
932764
932685
932396
932368
931934
931880
931719
931707
931537
931507
931495
931471
931151
931121
931025
930906
930699
930674
930642
930438
930077
930000
929947
929766
929612
929147
929079
929008
928973
928958
928570
928540
928316
928257
928178
928156
927607
927547
927206
927183
926810
926794
926645
926640
926401
926285
926237
926187
925950
925922
925841
925716
925356
925352
925155
925103
924854
924825
924684
924667
924385
924351
924193
924122
924022
924008
923974
923865
923525
923458
923363
923264
923111
923056
922968
922957
922896
922889
922609
922542
922249
922110
922017
921780
921340
921279
921071
921041
921010
920682
920581
920577
919998
919941
919899
919860
919663
919663
919433
919429
919089
918956
918766
918739
918476
918430
918281
918277
917947
917878
917815
917735
917521
917462
917291
917258
917024
917019
916962
916909
916739
916622
916597
916544
916204
916177
916073
916040
915984
915940
915867
915843
915367
915247
915049
914993
914837
914794
914597
914585
914332
914227
914178
914074
913991
913984
913823
913777
913586
913508
913437
913406
913315
913170
912960
912895
912755
912667
912518
912503
912398
912364
912298
912238
911622
911622
911572
911392
911282
911277
911103
911102
910893
910846
910729
910580
910262
910214
910020
910005
909852
909747
909472
909464
909157
909124
909064
909062
908918
908822
908606
908571
907930
907890
907840
907773
907306
907297
907285
907105
907089
907016
906927
906796
906754
906731
906666
906641
906481
906418
906147
906070
905877
905868
905686
905595
905561
905555
905432
905342
905218
905206
905094
904894
904687
904675
904577
904527
904007
903986
903968
903964
903819
903771
903451
903450
903296
903201
903046
903044
902797
902762
902643
902593
902390
902228
902128
902103
902001
901982
901893
901769
901367
901354
901202
901142
900910
900827
900730
900563
900103
899973
899855
899753
899653
899337
899201
899128
899063
899010
898704
898667
898495
898331
898298
898169
897791
897683
897552
897376
897236
897209
897049
896981
896383
896312
896272
896152
896114
896108
896036
896021
895373
895273
895262
895247
894357
894287
894257
894173
893774
893764
893574
893376
892934
892737
892667
892589
892202
892135
892005
891928
891569
891478
891262
891247
891102
891096
890901
890884
890750
890711
890674
890558
890317
890240
890165
890141
889448
889439
889435
889417
889259
889228
889078
889049
888947
888919
888716
888664
888268
888256
888058
888040
887472
887408
887322
887209
887040
886991
886739
886702
886562
886491
886382
886351
885835
885807
885740
885725
885464
885444
885351
885314
885066
885050
884950
884672
884553
884507
884384
884350
883901
883896
883802
883692
883530
883417
883356
883317
882969
882937
882639
882477
882180
882074
881955
881937
881688
881683
881598
881569
881285
881085
880947
880904
880667
880607
880562
880445
879789
879680
879467
879440
879233
879200
879148
879067
878802
878740
878538
878430
878169
878136
878086
878016
877961
877595
877310
877238
876813
876733
876555
876535
876324
876265
876147
876082
875759
875745
875525
875489
875367
875334
875121
875084
874682
874512
874442
874415
874240
874202
874023
874013
873958
873826
873745
873717
873565
873377
873178
873132
872513
872492
872318
872288
872183
872148
872000
871999
871720
871649
871527
871526
871426
871279
871136
871022
870601
870500
870420
870408
870255
870221
870163
870115
869816
869760
869624
869443
869167
869155
869081
869078
868287
868271
868169
868126
867911
867763
867689
867683
867425
867392
867254
867231
866873
866833
866781
866767
866404
866401
866060
866059
865934
865805
865761
865711
865558
865520
865351
865300
865113
865096
865005
864912
864487
864176
864076
863934
863890
863774
863646
863630
863495
863438
863390
863375
863249
863197
863046
862976
862586
862574
862422
862309
861934
861909
861891
861809
861482
861432
861411
861388
861295
861231
861061
861043
860572
860567
860495
860455
860323
860211
860065
859925
859779
859658
859644
859620
859556
859425
859320
859310
858813
858813
858765
858569
858478
858421
858334
858313
857882
857859
857744
857673
857525
857462
857068
857047
856499
856381
856232
856222
856014
855974
855881
855820
855284
855256
854925
854878
854773
854761
854671
854651
854463
854442
854141
854035
853458
853366
853254
853229
852966
852895
852734
852687
852506
852498
852452
852431
851975
851878
851724
851691
851473
851439
851354
851300
851062
851054
850989
850981
850869
850841
850553
850545
850095
850030
849877
849791
849755
849733
849649
849649
849113
849109
848880
848715
848546
848410
848346
848336
848083
848005
847847
847789
847650
847567
847425
847405
847010
846961
846872
846839
846728
846669
846580
846386
846039
846016
845980
845968
845816
845718
845641
845563
845314
845287
845217
845041
844219
844132
843995
843897
843440
843391
843216
843186
843080
843038
842983
842895
842729
842716
842571
842556
842368
842346
842194
842090
841801
841795
841546
841443
841318
841302
841137
841115
840867
840850
840792
840764
840523
840432
840244
840190
839643
839629
839582
839537
839403
839382
839314
839275
839014
839009
838844
838836
838765
838755
838676
838666
838234
838170
838077
838007
837792
837784
837675
837632
837077
836995
836826
836801
836695
836631
836446
836348
835470
835441
835359
835299
835208
834903
834710
834586
834284
834272
834238
834229
834069
833766
833698
833630
833305
833283
833188
833180
833104
833098
833064
833058
832866
832829
832721
832718
832325
832285
831967
831962
831520
831166
830964
830866
830720
830656
830539
830520
830453
830424
830286
830244
830075
829998
829800
829783
829620
829535
829465
829462
829282
829212
829167
829139
829015
828842
828631
828356
828017
827979
827877
827806
827344
827255
827189
827027
826990
826979
826914
826904
826822
826781
826684
826675
826599
826580
826285
826225
825943
825813
825480
825417
825218
825162
825129
825122
824804
824714
824529
824458
824006
823957
823645
823630
823429
823418
823182
823152
822920
822851
822729
822718
822398
822258
822140
821916
821872
821838
821748
821675
821472
821434
821223
821159
820809
820756
820508
820331
820106
820100
820027
820003
819878
819627
819564
819552
819115
818690
818434
818346
817957
817914
817820
817713
817376
817335
817277
817255
817182
817136
816884
816565
816375
816369
816299
816186
816133
816133
816002
815982
815745
815664
815477
815375
815166
815153
815042
814957
814811
814770
814660
814477
814300
814267
814188
814135
813950
813889
813851
813786
813422
813410
813277
813242
813106
813067
812906
812881
812633
812613
812438
812435
812032
811971
811854
811847
811608
811544
811428
811407
811019
810990
810964
810920
810479
810457
810273
810264
809928
809786
809695
809681
809617
809538
809463
809321
808869
808853
808836
808753
808342
808309
808297
808199
807952
807862
807641
807396
807009
806982
806925
806852
806207
806146
806038
805971
805675
805634
805236
805229
804986
804945
804929
804929
804835
804753
804638
804623
804524
804492
804165
804120
803765
803593
803519
803508
803231
803134
802962
802945
802850
802739
802623
802535
802165
802061
801835
801794
801515
801514
801463
801367
801183
801181
800820
800814
800420
800277
800125
799971
799733
799641
799500
799498
799343
799189
799153
799100
799055
799015
798974
798898
798727
798707
798635
798617
798351
798285
798153
797915
797680
797363
797153
797098
796935
796882
796758
796750
796502
796415
796037
795989
795598
795480
795220
795091
794772
794681
794650
794646
794384
794229
794024
793999
793924
793727
793533
793428
792735
792695
792518
792513
792232
792183
792031
791993
791589
791526
791428
791416
791304
791274
791234
791088
790788
790712
790447
790437
790396
790348
790029
789988
789554
789411
789078
788988
788872
788830
788540
788470
788123
788040
787972
787961
787835
787675
787544
787475
786943
786847
786488
786487
786336
786295
785912
785902
785542
785524
785284
785250
784851
784844
784728
784652
783797
783700
783610
783581
783361
783335
783311
783290
782815
782684
782585
782315
782215
782011
781866
781786
781246
781212
781176
781175
781062
781019
780976
780930
780522
780464
780368
780295
780178
780158
780079
780069
779844
779827
779429
779370
779098
779060
778894
778811
778456
778450
778403
778362
778236
778203
778027
777995
777770
777745
777597
777442
777258
777238
777058
777055
776749
776727
776650
776611
776458
776308
776261
776087
775735
775715
775621
775307
775116
775081
775046
774965
774484
774483
774235
774204
773863
773794
773751
773701
773517
773475
773322
773190
773055
772987
772791
772713
772529
772503
772337
772264
772180
772177
771971
771888
771707
771624
771371
771345
771227
771083
771018
770974
770442
770412
770329
770297
770091
769947
769888
769782
769449
769396
769297
769191
769059
769047
768795
768656
768502
768485
768369
768311
768204
768187
768124
768123
767886
767764
767574
767573
767473
767200
767047
767022
766372
766221
766007
765989
765752
765581
765322
765313
765198
765156
765066
764945
764707
764638
764591
764582
