00:00:00.553620 VirtualBox VM 7.0.6_BETA4 r155176 darwin.arm64 (Jan 11 2023 15:33:16) release log
00:00:00.553621 Log opened 2023-03-06T21:45:37.273425000Z
00:00:00.553621 Build Type: release
00:00:00.553628 OS Product: Darwin
00:00:00.553631 OS Release: 22.1.0
00:00:00.553634 OS Version: Darwin Kernel Version 22.1.0: Sun Oct  9 20:14:30 PDT 2022; root:xnu-8792.41.9~2/RELEASE_ARM64_T8103
00:00:00.553684 Firmware type: failed - VERR_NOT_SUPPORTED
00:00:00.553692 Host RAM: 8192MB (8.0GB) total, 2529MB (2.4GB) available
00:00:00.553693 Executable: /Applications/VirtualBox.app/Contents/MacOS/VirtualBoxVM
00:00:00.553693 Process ID: 2173
00:00:00.553693 Package type: DARWIN_64BITS_GENERIC
00:00:00.554383 Installed Extension Packs:
00:00:00.554393   None installed!
00:00:00.554946 Console: Machine state changed to 'Starting'
00:00:00.555084 Qt version: 6.3.0
00:00:00.556318 SUP: In driverless mode.
00:00:00.558262 Guest OS type: 'Other'
00:00:00.560157 fHMForced=true - No raw-mode support in this build!
00:00:00.567498 File system of '/Users/tylerholmquist/Desktop/Programs/CSCD437/ghidra-ils/Lab 7/Lab 7.vdi' is apfs
00:00:00.569175 File system of '/Users/tylerholmquist/Desktop/Programs/CSCD437/ghidra-ils/TCL-ghidra.iso' (DVD) is apfs
00:00:00.578216 Audio: Detected default audio driver type is 'CoreAudio'
00:00:00.584748 Shared Clipboard: Service loaded
00:00:00.584759 Shared Clipboard: Mode: Off
00:00:00.584796 Shared Clipboard: Service running in normal mode
00:00:00.585374 Drag and drop service loaded
00:00:00.585381 Drag and drop mode: Off
00:00:00.586888 ************************* CFGM dump *************************
00:00:00.586891 [/] (level 0)
00:00:00.586892   CpuExecutionCap   <integer> = 0x0000000000000064 (100)
00:00:00.586894   EnablePAE         <integer> = 0x0000000000000000 (0)
00:00:00.586894   HMEnabled         <integer> = 0x0000000000000001 (1)
00:00:00.586894   MemBalloonSize    <integer> = 0x0000000000000000 (0, 0 B)
00:00:00.586896   Name              <string>  = "Lab 7" (cb=6)
00:00:00.586896   NumCPUs           <integer> = 0x0000000000000005 (5)
00:00:00.586897   PageFusionAllowed <integer> = 0x0000000000000000 (0)
00:00:00.586897   RamHoleSize       <integer> = 0x0000000020000000 (536 870 912, 512.0 MiB)
00:00:00.586898   RamSize           <integer> = 0x0000000108700000 (4 436 525 056, 4.1 GiB)
00:00:00.586898   TimerMillies      <integer> = 0x000000000000000a (10)
00:00:00.586899   UUID              <bytes>   = "e0 df 43 86 cc 0c e9 40 9a ad 43 ee cf cd e9 a5" (cb=16)
00:00:00.586900 
00:00:00.586900 [/CPUM/] (level 1)
00:00:00.586901   Enable64bit        <integer> = 0x0000000000000000 (0)
00:00:00.586901   GuestCpuName       <string>  = "host" (cb=5)
00:00:00.586901   NestedHWVirt       <integer> = 0x0000000000000000 (0)
00:00:00.586902   PortableCpuIdLevel <integer> = 0x0000000000000000 (0)
00:00:00.586902   SpecCtrl           <integer> = 0x0000000000000000 (0)
00:00:00.586902 
00:00:00.586902 [/CPUM/IsaExts/] (level 2)
00:00:00.586903 
00:00:00.586903 [/DBGC/] (level 1)
00:00:00.586903   GlobalInitScript <string>  = "/Users/tylerholmquist/Library/VirtualBox/dbgc-init" (cb=51)
00:00:00.586904   HistoryFile      <string>  = "/Users/tylerholmquist/Library/VirtualBox/dbgc-history" (cb=54)
00:00:00.586904   LocalInitScript  <string>  = "/Users/tylerholmquist/Desktop/Programs/CSCD437/ghidra-ils/Lab 7/dbgc-init" (cb=74)
00:00:00.586904 
00:00:00.586904 [/DBGF/] (level 1)
00:00:00.586905   Path <string>  = "/Users/tylerholmquist/Desktop/Programs/CSCD437/ghidra-ils/Lab 7/debug/;/Users/tylerholmquist/Desktop/Programs/CSCD437/ghidra-ils/Lab 7/;cache*/Users/tylerholmquist/Desktop/Programs/CSCD437/ghidra-ils/Lab 7/dbgcache/;/Users/tylerholmquist/" (cb=239)
00:00:00.586905 
00:00:00.586905 [/Devices/] (level 1)
00:00:00.586906 
00:00:00.586906 [/Devices/3c501/] (level 2)
00:00:00.586906 
00:00:00.586906 [/Devices/8237A/] (level 2)
00:00:00.586906 
00:00:00.586906 [/Devices/8237A/0/] (level 3)
00:00:00.586907   Trusted <integer> = 0x0000000000000001 (1)
00:00:00.586907 
00:00:00.586907 [/Devices/VMMDev/] (level 2)
00:00:00.586908 
00:00:00.586908 [/Devices/VMMDev/0/] (level 3)
00:00:00.586908   PCIBusNo      <integer> = 0x0000000000000000 (0)
00:00:00.586909   PCIDeviceNo   <integer> = 0x0000000000000004 (4)
00:00:00.586909   PCIFunctionNo <integer> = 0x0000000000000000 (0)
00:00:00.586909   Trusted       <integer> = 0x0000000000000001 (1)
00:00:00.586909 
00:00:00.586909 [/Devices/VMMDev/0/Config/] (level 4)
00:00:00.586910   GuestCoreDumpDir <string>  = "/Users/tylerholmquist/Desktop/Programs/CSCD437/ghidra-ils/Lab 7/Snapshots" (cb=74)
00:00:00.586910 
00:00:00.586910 [/Devices/VMMDev/0/LUN#0/] (level 4)
00:00:00.586911   Driver <string>  = "HGCM" (cb=5)
00:00:00.586911 
00:00:00.586911 [/Devices/VMMDev/0/LUN#0/Config/] (level 5)
00:00:00.586911 
00:00:00.586911 [/Devices/VMMDev/0/LUN#999/] (level 4)
00:00:00.586912   Driver <string>  = "MainStatus" (cb=11)
00:00:00.586912 
00:00:00.586912 [/Devices/VMMDev/0/LUN#999/Config/] (level 5)
00:00:00.586913   First                <integer> = 0x0000000000000000 (0)
00:00:00.586913   HasMediumAttachments <integer> = 0x0000000000000000 (0)
00:00:00.586913   Last                 <integer> = 0x0000000000000000 (0)
00:00:00.586914   iLedSet              <integer> = 0x0000000000000005 (5)
00:00:00.586914 
00:00:00.586914 [/Devices/acpi/] (level 2)
00:00:00.586914 
00:00:00.586914 [/Devices/acpi/0/] (level 3)
00:00:00.586915   PCIBusNo      <integer> = 0x0000000000000000 (0)
00:00:00.586915   PCIDeviceNo   <integer> = 0x0000000000000007 (7)
00:00:00.586915   PCIFunctionNo <integer> = 0x0000000000000000 (0)
00:00:00.586915   Trusted       <integer> = 0x0000000000000001 (1)
00:00:00.586916 
00:00:00.586916 [/Devices/acpi/0/Config/] (level 4)
00:00:00.586916   CpuHotPlug          <integer> = 0x0000000000000000 (0)
00:00:00.586917   FdcEnabled          <integer> = 0x0000000000000000 (0)
00:00:00.586917   HostBusPciAddress   <integer> = 0x0000000000000000 (0)
00:00:00.586917   HpetEnabled         <integer> = 0x0000000000000000 (0)
00:00:00.586918   IOAPIC              <integer> = 0x0000000000000001 (1)
00:00:00.586918   IocPciAddress       <integer> = 0x0000000000010000 (65 536)
00:00:00.586918   NumCPUs             <integer> = 0x0000000000000005 (5)
00:00:00.586919   Parallel0IoPortBase <integer> = 0x0000000000000000 (0)
00:00:00.586919   Parallel0Irq        <integer> = 0x0000000000000000 (0)
00:00:00.586919   Parallel1IoPortBase <integer> = 0x0000000000000000 (0)
00:00:00.586919   Parallel1Irq        <integer> = 0x0000000000000000 (0)
00:00:00.586920   Serial0IoPortBase   <integer> = 0x0000000000000000 (0)
00:00:00.586920   Serial0Irq          <integer> = 0x0000000000000000 (0)
00:00:00.586920   Serial1IoPortBase   <integer> = 0x0000000000000000 (0)
00:00:00.586920   Serial1Irq          <integer> = 0x0000000000000000 (0)
00:00:00.586921   ShowCpu             <integer> = 0x0000000000000001 (1)
00:00:00.586921   ShowRtc             <integer> = 0x0000000000000000 (0)
00:00:00.586921   SmcEnabled          <integer> = 0x0000000000000000 (0)
00:00:00.586922 
00:00:00.586922 [/Devices/acpi/0/LUN#0/] (level 4)
00:00:00.586922   Driver <string>  = "ACPIHost" (cb=9)
00:00:00.586922 
00:00:00.586922 [/Devices/acpi/0/LUN#0/Config/] (level 5)
00:00:00.586923 
00:00:00.586923 [/Devices/acpi/0/LUN#1/] (level 4)
00:00:00.586923   Driver <string>  = "ACPICpu" (cb=8)
00:00:00.586924 
00:00:00.586924 [/Devices/acpi/0/LUN#1/Config/] (level 5)
00:00:00.586924 
00:00:00.586924 [/Devices/acpi/0/LUN#2/] (level 4)
00:00:00.586924   Driver <string>  = "ACPICpu" (cb=8)
00:00:00.586925 
00:00:00.586925 [/Devices/acpi/0/LUN#2/Config/] (level 5)
00:00:00.586925 
00:00:00.586925 [/Devices/acpi/0/LUN#3/] (level 4)
00:00:00.586926   Driver <string>  = "ACPICpu" (cb=8)
00:00:00.586926 
00:00:00.586926 [/Devices/acpi/0/LUN#3/Config/] (level 5)
00:00:00.586926 
00:00:00.586926 [/Devices/acpi/0/LUN#4/] (level 4)
00:00:00.586927   Driver <string>  = "ACPICpu" (cb=8)
00:00:00.586927 
00:00:00.586927 [/Devices/acpi/0/LUN#4/Config/] (level 5)
00:00:00.586927 
00:00:00.586927 [/Devices/apic/] (level 2)
00:00:00.586928 
00:00:00.586928 [/Devices/apic/0/] (level 3)
00:00:00.586928   Trusted <integer> = 0x0000000000000001 (1)
00:00:00.586928 
00:00:00.586928 [/Devices/apic/0/Config/] (level 4)
00:00:00.586929   IOAPIC  <integer> = 0x0000000000000001 (1)
00:00:00.586929   Mode    <integer> = 0x0000000000000002 (2)
00:00:00.586929   NumCPUs <integer> = 0x0000000000000005 (5)
00:00:00.586930 
00:00:00.586930 [/Devices/dp8390/] (level 2)
00:00:00.586930 
00:00:00.586930 [/Devices/e1000/] (level 2)
00:00:00.586930 
00:00:00.586930 [/Devices/i8254/] (level 2)
00:00:00.586931 
00:00:00.586931 [/Devices/i8254/0/] (level 3)
00:00:00.586931 
00:00:00.586931 [/Devices/i8254/0/Config/] (level 4)
00:00:00.586932 
00:00:00.586932 [/Devices/i8259/] (level 2)
00:00:00.586932 
00:00:00.586932 [/Devices/i8259/0/] (level 3)
00:00:00.586933   Trusted <integer> = 0x0000000000000001 (1)
00:00:00.586933 
00:00:00.586933 [/Devices/i8259/0/Config/] (level 4)
00:00:00.586933 
00:00:00.586933 [/Devices/ichac97/] (level 2)
00:00:00.586934 
00:00:00.586934 [/Devices/ichac97/0/] (level 3)
00:00:00.586934   PCIBusNo      <integer> = 0x0000000000000000 (0)
00:00:00.586934   PCIDeviceNo   <integer> = 0x0000000000000005 (5)
00:00:00.586935   PCIFunctionNo <integer> = 0x0000000000000000 (0)
00:00:00.586935   Trusted       <integer> = 0x0000000000000001 (1)
00:00:00.586935 
00:00:00.586935 [/Devices/ichac97/0/AudioConfig/] (level 4)
00:00:00.586936 
00:00:00.586936 [/Devices/ichac97/0/Config/] (level 4)
00:00:00.586936   Codec        <string>  = "STAC9700" (cb=9)
00:00:00.586936   DebugEnabled <integer> = 0x0000000000000000 (0)
00:00:00.586937 
00:00:00.586937 [/Devices/ichac97/0/LUN#0/] (level 4)
00:00:00.586937   Driver <string>  = "AUDIO" (cb=6)
00:00:00.586937 
00:00:00.586938 [/Devices/ichac97/0/LUN#0/AttachedDriver/] (level 5)
00:00:00.586938   Driver <string>  = "CoreAudio" (cb=10)
00:00:00.586938 
00:00:00.586938 [/Devices/ichac97/0/LUN#0/AttachedDriver/Config/] (level 6)
00:00:00.586939 
00:00:00.586939 [/Devices/ichac97/0/LUN#0/Config/] (level 5)
00:00:00.586939   DriverName    <string>  = "CoreAudio" (cb=10)
00:00:00.586940   InputEnabled  <integer> = 0x0000000000000000 (0)
00:00:00.586940   OutputEnabled <integer> = 0x0000000000000001 (1)
00:00:00.586940 
00:00:00.586940 [/Devices/ichac97/0/LUN#1/] (level 4)
00:00:00.586941   Driver <string>  = "AUDIO" (cb=6)
00:00:00.586941 
00:00:00.586941 [/Devices/ichac97/0/LUN#2/] (level 4)
00:00:00.586941   Driver <string>  = "AUDIO" (cb=6)
00:00:00.586941 
00:00:00.586941 [/Devices/ioapic/] (level 2)
00:00:00.586942 
00:00:00.586942 [/Devices/ioapic/0/] (level 3)
00:00:00.586942   Trusted <integer> = 0x0000000000000001 (1)
00:00:00.586942 
00:00:00.586942 [/Devices/ioapic/0/Config/] (level 4)
00:00:00.586943   NumCPUs <integer> = 0x0000000000000005 (5)
00:00:00.586943 
00:00:00.586943 [/Devices/mc146818/] (level 2)
00:00:00.586943 
00:00:00.586944 [/Devices/mc146818/0/] (level 3)
00:00:00.586944 
00:00:00.586944 [/Devices/mc146818/0/Config/] (level 4)
00:00:00.586944   UseUTC <integer> = 0x0000000000000000 (0)
00:00:00.586945 
00:00:00.586945 [/Devices/parallel/] (level 2)
00:00:00.586945 
00:00:00.586945 [/Devices/pcarch/] (level 2)
00:00:00.586945 
00:00:00.586945 [/Devices/pcarch/0/] (level 3)
00:00:00.586946   Trusted <integer> = 0x0000000000000001 (1)
00:00:00.586946 
00:00:00.586946 [/Devices/pcarch/0/Config/] (level 4)
00:00:00.586946 
00:00:00.586946 [/Devices/pcbios/] (level 2)
00:00:00.586947 
00:00:00.586947 [/Devices/pcbios/0/] (level 3)
00:00:00.586947   Trusted <integer> = 0x0000000000000001 (1)
00:00:00.586947 
00:00:00.586947 [/Devices/pcbios/0/Config/] (level 4)
00:00:00.586948   APIC           <integer> = 0x0000000000000001 (1)
00:00:00.586948   BootDevice0    <string>  = "FLOPPY" (cb=7)
00:00:00.586949   BootDevice1    <string>  = "DVD" (cb=4)
00:00:00.586949   BootDevice2    <string>  = "IDE" (cb=4)
00:00:00.586949   BootDevice3    <string>  = "NONE" (cb=5)
00:00:00.586949   FloppyDevice   <string>  = "i82078" (cb=7)
00:00:00.586950   HardDiskDevice <string>  = "piix3ide" (cb=9)
00:00:00.586950   IOAPIC         <integer> = 0x0000000000000001 (1)
00:00:00.586950   McfgBase       <integer> = 0x0000000000000000 (0)
00:00:00.586950   McfgLength     <integer> = 0x0000000000000000 (0)
00:00:00.586951   NumCPUs        <integer> = 0x0000000000000005 (5)
00:00:00.586951   PXEDebug       <integer> = 0x0000000000000000 (0)
00:00:00.586951   UUID           <bytes>   = "e0 df 43 86 cc 0c e9 40 9a ad 43 ee cf cd e9 a5" (cb=16)
00:00:00.586952   UuidLe         <integer> = 0x0000000000000001 (1)
00:00:00.586952 
00:00:00.586953 [/Devices/pcbios/0/Config/NetBoot/] (level 5)
00:00:00.586953 
00:00:00.586953 [/Devices/pcbios/0/Config/NetBoot/0/] (level 6)
00:00:00.586954   NIC           <integer> = 0x0000000000000000 (0)
00:00:00.586954   PCIBusNo      <integer> = 0x0000000000000000 (0)
00:00:00.586954   PCIDeviceNo   <integer> = 0x0000000000000003 (3)
00:00:00.586954   PCIFunctionNo <integer> = 0x0000000000000000 (0)
00:00:00.586955 
00:00:00.586955 [/Devices/pci/] (level 2)
00:00:00.586955 
00:00:00.586955 [/Devices/pci/0/] (level 3)
00:00:00.586956   Trusted <integer> = 0x0000000000000001 (1)
00:00:00.586956 
00:00:00.586956 [/Devices/pci/0/Config/] (level 4)
00:00:00.586956   IOAPIC <integer> = 0x0000000000000001 (1)
00:00:00.586956 
00:00:00.586957 [/Devices/pcibridge/] (level 2)
00:00:00.586957 
00:00:00.586957 [/Devices/pckbd/] (level 2)
00:00:00.586957 
00:00:00.586957 [/Devices/pckbd/0/] (level 3)
00:00:00.586958   Trusted <integer> = 0x0000000000000001 (1)
00:00:00.586958 
00:00:00.586958 [/Devices/pckbd/0/Config/] (level 4)
00:00:00.586958 
00:00:00.586958 [/Devices/pckbd/0/LUN#0/] (level 4)
00:00:00.586959   Driver <string>  = "KeyboardQueue" (cb=14)
00:00:00.586959 
00:00:00.586959 [/Devices/pckbd/0/LUN#0/AttachedDriver/] (level 5)
00:00:00.586960   Driver <string>  = "MainKeyboard" (cb=13)
00:00:00.586960 
00:00:00.586960 [/Devices/pckbd/0/LUN#0/Config/] (level 5)
00:00:00.586961   QueueSize <integer> = 0x0000000000000040 (64, 64 B)
00:00:00.586961 
00:00:00.586961 [/Devices/pckbd/0/LUN#1/] (level 4)
00:00:00.586961   Driver <string>  = "MouseQueue" (cb=11)
00:00:00.586962 
00:00:00.586962 [/Devices/pckbd/0/LUN#1/AttachedDriver/] (level 5)
00:00:00.586962   Driver <string>  = "MainMouse" (cb=10)
00:00:00.586962 
00:00:00.586962 [/Devices/pckbd/0/LUN#1/Config/] (level 5)
00:00:00.586963   QueueSize <integer> = 0x0000000000000080 (128, 128 B)
00:00:00.586963 
00:00:00.586963 [/Devices/pcnet/] (level 2)
00:00:00.586964 
00:00:00.586964 [/Devices/pcnet/0/] (level 3)
00:00:00.586964   PCIBusNo      <integer> = 0x0000000000000000 (0)
00:00:00.586964   PCIDeviceNo   <integer> = 0x0000000000000003 (3)
00:00:00.586965   PCIFunctionNo <integer> = 0x0000000000000000 (0)
00:00:00.586965   Trusted       <integer> = 0x0000000000000001 (1)
00:00:00.586965 
00:00:00.586965 [/Devices/pcnet/0/Config/] (level 4)
00:00:00.586966   CableConnected <integer> = 0x0000000000000001 (1)
00:00:00.586966   ChipType       <string>  = "Am79C973" (cb=9)
00:00:00.586966   LineSpeed      <integer> = 0x0000000000000000 (0)
00:00:00.586966   MAC            <bytes>   = "08 00 27 ec dd 7b" (cb=6)
00:00:00.586967 
00:00:00.586967 [/Devices/pcnet/0/LUN#0/] (level 4)
00:00:00.586967   Driver <string>  = "NAT" (cb=4)
00:00:00.586968 
00:00:00.586968 [/Devices/pcnet/0/LUN#0/Config/] (level 5)
00:00:00.586968   AliasMode          <integer> = 0x0000000000000000 (0)
00:00:00.586968   BootFile           <string>  = "Lab 7.pxe" (cb=10)
00:00:00.586969   DNSProxy           <integer> = 0x0000000000000000 (0)
00:00:00.586969   LocalhostReachable <integer> = 0x0000000000000000 (0)
00:00:00.586969   Network            <string>  = "10.0.2.0/24" (cb=12)
00:00:00.586970   PassDomain         <integer> = 0x0000000000000001 (1)
00:00:00.586970   TFTPPrefix         <string>  = "/Users/tylerholmquist/Library/VirtualBox/TFTP" (cb=46)
00:00:00.586970   UseHostResolver    <integer> = 0x0000000000000000 (0)
00:00:00.586971 
00:00:00.586971 [/Devices/pcnet/0/LUN#999/] (level 4)
00:00:00.586971   Driver <string>  = "MainStatus" (cb=11)
00:00:00.586971 
00:00:00.586971 [/Devices/pcnet/0/LUN#999/Config/] (level 5)
00:00:00.586972   First                <integer> = 0x0000000000000000 (0)
00:00:00.586972   HasMediumAttachments <integer> = 0x0000000000000000 (0)
00:00:00.586972   Last                 <integer> = 0x0000000000000000 (0)
00:00:00.586973   iLedSet              <integer> = 0x0000000000000004 (4)
00:00:00.586973 
00:00:00.586973 [/Devices/piix3ide/] (level 2)
00:00:00.586973 
00:00:00.586973 [/Devices/piix3ide/0/] (level 3)
00:00:00.586974   PCIBusNo      <integer> = 0x0000000000000000 (0)
00:00:00.586974   PCIDeviceNo   <integer> = 0x0000000000000001 (1)
00:00:00.586974   PCIFunctionNo <integer> = 0x0000000000000001 (1)
00:00:00.586975   Trusted       <integer> = 0x0000000000000001 (1)
00:00:00.586975 
00:00:00.586975 [/Devices/piix3ide/0/Config/] (level 4)
00:00:00.586975   Type <string>  = "PIIX4" (cb=6)
00:00:00.586976 
00:00:00.586976 [/Devices/piix3ide/0/LUN#0/] (level 4)
00:00:00.586976   Driver <string>  = "VD" (cb=3)
00:00:00.586977 
00:00:00.586977 [/Devices/piix3ide/0/LUN#0/Config/] (level 5)
00:00:00.586977   Format    <string>  = "VDI" (cb=4)
00:00:00.586977   Mountable <integer> = 0x0000000000000000 (0)
00:00:00.586978   Path      <string>  = "/Users/tylerholmquist/Desktop/Programs/CSCD437/ghidra-ils/Lab 7/Lab 7.vdi" (cb=74)
00:00:00.586978   Type      <string>  = "HardDisk" (cb=9)
00:00:00.586978 
00:00:00.586978 [/Devices/piix3ide/0/LUN#0/Config/VDConfig/] (level 6)
00:00:00.586979   AllocationBlockSize <string>  = "1048576" (cb=8)
00:00:00.586979 
00:00:00.586979 [/Devices/piix3ide/0/LUN#2/] (level 4)
00:00:00.586979   Driver <string>  = "VD" (cb=3)
00:00:00.586980 
00:00:00.586980 [/Devices/piix3ide/0/LUN#2/Config/] (level 5)
00:00:00.586980   Format    <string>  = "RAW" (cb=4)
00:00:00.586980   Mountable <integer> = 0x0000000000000001 (1)
00:00:00.586981   Path      <string>  = "/Users/tylerholmquist/Desktop/Programs/CSCD437/ghidra-ils/TCL-ghidra.iso" (cb=73)
00:00:00.586981   ReadOnly  <integer> = 0x0000000000000001 (1)
00:00:00.586981   Type      <string>  = "DVD" (cb=4)
00:00:00.586981 
00:00:00.586981 [/Devices/piix3ide/0/LUN#999/] (level 4)
00:00:00.586982   Driver <string>  = "MainStatus" (cb=11)
00:00:00.586982 
00:00:00.586982 [/Devices/piix3ide/0/LUN#999/Config/] (level 5)
00:00:00.586983   DeviceInstance       <string>  = "piix3ide/0" (cb=11)
00:00:00.586983   First                <integer> = 0x0000000000000000 (0)
00:00:00.586983   HasMediumAttachments <integer> = 0x0000000000000001 (1)
00:00:00.586983   Last                 <integer> = 0x0000000000000003 (3)
00:00:00.586984   iLedSet              <integer> = 0x0000000000000003 (3)
00:00:00.586984 
00:00:00.586984 [/Devices/serial/] (level 2)
00:00:00.586984 
00:00:00.586985 [/Devices/usb-ehci/] (level 2)
00:00:00.586985 
00:00:00.586985 [/Devices/usb-ehci/0/] (level 3)
00:00:00.586985   PCIBusNo      <integer> = 0x0000000000000000 (0)
00:00:00.586986   PCIDeviceNo   <integer> = 0x000000000000000b (11)
00:00:00.586986   PCIFunctionNo <integer> = 0x0000000000000000 (0)
00:00:00.586986   Trusted       <integer> = 0x0000000000000001 (1)
00:00:00.586986 
00:00:00.586986 [/Devices/usb-ehci/0/Config/] (level 4)
00:00:00.586987 
00:00:00.586987 [/Devices/usb-ehci/0/LUN#0/] (level 4)
00:00:00.586987   Driver <string>  = "VUSBRootHub" (cb=12)
00:00:00.586987 
00:00:00.586987 [/Devices/usb-ehci/0/LUN#0/Config/] (level 5)
00:00:00.586988 
00:00:00.586988 [/Devices/usb-ehci/0/LUN#999/] (level 4)
00:00:00.586988   Driver <string>  = "MainStatus" (cb=11)
00:00:00.586989 
00:00:00.586989 [/Devices/usb-ehci/0/LUN#999/Config/] (level 5)
00:00:00.586989   First                <integer> = 0x0000000000000000 (0)
00:00:00.586989   HasMediumAttachments <integer> = 0x0000000000000000 (0)
00:00:00.586990   Last                 <integer> = 0x0000000000000000 (0)
00:00:00.586990   iLedSet              <integer> = 0x0000000000000002 (2)
00:00:00.586990 
00:00:00.586990 [/Devices/usb-ohci/] (level 2)
00:00:00.586991 
00:00:00.586991 [/Devices/usb-ohci/0/] (level 3)
00:00:00.586991   PCIBusNo      <integer> = 0x0000000000000000 (0)
00:00:00.586991   PCIDeviceNo   <integer> = 0x0000000000000006 (6)
00:00:00.586992   PCIFunctionNo <integer> = 0x0000000000000000 (0)
00:00:00.586992   Trusted       <integer> = 0x0000000000000001 (1)
00:00:00.586992 
00:00:00.586992 [/Devices/usb-ohci/0/Config/] (level 4)
00:00:00.586993 
00:00:00.586993 [/Devices/usb-ohci/0/LUN#0/] (level 4)
00:00:00.586993   Driver <string>  = "VUSBRootHub" (cb=12)
00:00:00.586993 
00:00:00.586993 [/Devices/usb-ohci/0/LUN#0/Config/] (level 5)
00:00:00.586994 
00:00:00.586994 [/Devices/usb-ohci/0/LUN#999/] (level 4)
00:00:00.586994   Driver <string>  = "MainStatus" (cb=11)
00:00:00.586994 
00:00:00.586994 [/Devices/usb-ohci/0/LUN#999/Config/] (level 5)
00:00:00.586995   First                <integer> = 0x0000000000000000 (0)
00:00:00.586995   HasMediumAttachments <integer> = 0x0000000000000000 (0)
00:00:00.586995   Last                 <integer> = 0x0000000000000000 (0)
00:00:00.586996   iLedSet              <integer> = 0x0000000000000001 (1)
00:00:00.586996 
00:00:00.586996 [/Devices/vga/] (level 2)
00:00:00.586996 
00:00:00.586996 [/Devices/vga/0/] (level 3)
00:00:00.586997   PCIBusNo      <integer> = 0x0000000000000000 (0)
00:00:00.586997   PCIDeviceNo   <integer> = 0x0000000000000002 (2)
00:00:00.586998   PCIFunctionNo <integer> = 0x0000000000000000 (0)
00:00:00.586998   Trusted       <integer> = 0x0000000000000001 (1)
00:00:00.586998 
00:00:00.586998 [/Devices/vga/0/Config/] (level 4)
00:00:00.586999   3DEnabled        <integer> = 0x0000000000000000 (0)
00:00:00.586999   CustomVideoModes <integer> = 0x0000000000000000 (0)
00:00:00.586999   FadeIn           <integer> = 0x0000000000000001 (1)
00:00:00.586999   FadeOut          <integer> = 0x0000000000000001 (1)
00:00:00.587000   HeightReduction  <integer> = 0x0000000000000000 (0)
00:00:00.587000   LogoFile         <string>  = "" (cb=1)
00:00:00.587000   LogoTime         <integer> = 0x0000000000000000 (0)
00:00:00.587001   MonitorCount     <integer> = 0x0000000000000001 (1)
00:00:00.587001   ShowBootMenu     <integer> = 0x0000000000000002 (2)
00:00:00.587001   VRamSize         <integer> = 0x0000000000600000 (6 291 456, 6.0 MiB)
00:00:00.587002 
00:00:00.587002 [/Devices/vga/0/LUN#0/] (level 4)
00:00:00.587002   Driver <string>  = "MainDisplay" (cb=12)
00:00:00.587002 
00:00:00.587002 [/Devices/vga/0/LUN#0/Config/] (level 5)
00:00:00.587003 
00:00:00.587003 [/Devices/vga/0/LUN#999/] (level 4)
00:00:00.587003   Driver <string>  = "MainStatus" (cb=11)
00:00:00.587003 
00:00:00.587003 [/Devices/vga/0/LUN#999/Config/] (level 5)
00:00:00.587004   First                <integer> = 0x0000000000000000 (0)
00:00:00.587004   HasMediumAttachments <integer> = 0x0000000000000000 (0)
00:00:00.587004   Last                 <integer> = 0x0000000000000000 (0)
00:00:00.587005   iLedSet              <integer> = 0x0000000000000000 (0)
00:00:00.587005 
00:00:00.587005 [/Devices/virtio-net/] (level 2)
00:00:00.587006 
00:00:00.587006 [/EM/] (level 1)
00:00:00.587006   TripleFaultReset <integer> = 0x0000000000000000 (0)
00:00:00.587006 
00:00:00.587006 [/GCM/] (level 1)
00:00:00.587007   FixerSet <integer> = 0x0000000000000000 (0)
00:00:00.587007 
00:00:00.587007 [/GIM/] (level 1)
00:00:00.587007   Provider <string>  = "None" (cb=5)
00:00:00.587007 
00:00:00.587007 [/HM/] (level 1)
00:00:00.587008   64bitEnabled        <integer> = 0x0000000000000000 (0)
00:00:00.587008   EnableLargePages    <integer> = 0x0000000000000001 (1)
00:00:00.587009   EnableNestedPaging  <integer> = 0x0000000000000001 (1)
00:00:00.587009   EnableUX            <integer> = 0x0000000000000001 (1)
00:00:00.587009   EnableVPID          <integer> = 0x0000000000000001 (1)
00:00:00.587009   Exclusive           <integer> = 0x0000000000000000 (0)
00:00:00.587010   HMForced            <integer> = 0x0000000000000001 (1)
00:00:00.587010   IBPBOnVMEntry       <integer> = 0x0000000000000000 (0)
00:00:00.587010   IBPBOnVMExit        <integer> = 0x0000000000000000 (0)
00:00:00.587011   L1DFlushOnSched     <integer> = 0x0000000000000001 (1)
00:00:00.587011   L1DFlushOnVMEntry   <integer> = 0x0000000000000000 (0)
00:00:00.587011   MDSClearOnSched     <integer> = 0x0000000000000001 (1)
00:00:00.587011   MDSClearOnVMEntry   <integer> = 0x0000000000000000 (0)
00:00:00.587012   SpecCtrlByHost      <integer> = 0x0000000000000000 (0)
00:00:00.587012   SvmVirtVmsaveVmload <integer> = 0x0000000000000000 (0)
00:00:00.587012   UseNEMInstead       <integer> = 0x0000000000000000 (0)
00:00:00.587012 
00:00:00.587013 [/MM/] (level 1)
00:00:00.587013   CanUseLargerHeap <integer> = 0x0000000000000000 (0)
00:00:00.587013 
00:00:00.587013 [/NEM/] (level 1)
00:00:00.587013   Allow64BitGuests <integer> = 0x0000000000000000 (0)
00:00:00.587014 
00:00:00.587014 [/PDM/] (level 1)
00:00:00.587014 
00:00:00.587014 [/PDM/AsyncCompletion/] (level 2)
00:00:00.587014 
00:00:00.587014 [/PDM/AsyncCompletion/File/] (level 3)
00:00:00.587015 
00:00:00.587015 [/PDM/AsyncCompletion/File/BwGroups/] (level 4)
00:00:00.587015 
00:00:00.587015 [/PDM/BlkCache/] (level 2)
00:00:00.587016   CacheSize <integer> = 0x0000000000500000 (5 242 880, 5.0 MiB)
00:00:00.587016 
00:00:00.587016 [/PDM/Devices/] (level 2)
00:00:00.587016 
00:00:00.587016 [/PDM/Drivers/] (level 2)
00:00:00.587017 
00:00:00.587017 [/PDM/Drivers/VBoxC/] (level 3)
00:00:00.587017   Path <string>  = "/Applications/VirtualBox.app/Contents/MacOS/components/VBoxC" (cb=61)
00:00:00.587017 
00:00:00.587017 [/PDM/NetworkShaper/] (level 2)
00:00:00.587018 
00:00:00.587018 [/PDM/NetworkShaper/BwGroups/] (level 3)
00:00:00.587018 
00:00:00.587018 [/TM/] (level 1)
00:00:00.587019   UTCOffset <integer> = 0x0000000000000000 (0)
00:00:00.587019 
00:00:00.587019 [/USB/] (level 1)
00:00:00.587019 
00:00:00.587019 [/USB/USBProxy/] (level 2)
00:00:00.587019 
00:00:00.587020 [/USB/USBProxy/GlobalConfig/] (level 3)
00:00:00.587020 
00:00:00.587020 ********************* End of CFGM dump **********************
00:00:00.587096 HM: HMR3Init: Falling back on IEM
00:00:00.587133 CPUM: No hardware-virtualization capability detected
00:00:00.587137 CPUM: fXStateHostMask=0x0; initial: 0x0; host XCR0=0x0
00:00:00.588167 CPUM: Using CPU DB entry 'Intel Core i7-6700K' (INTEL 0x6/0x5e/0x3 Intel_Core7_Skylake)
00:00:00.588214 CPUM: MXCSR_MASK=0xffff
00:00:00.588220 CPUM: Failed to query microcode revision. rc=VERR_SUP_DRIVERLESS
00:00:00.588233 CPUM: MSR fudge: 0x00000001 IA32_P5_MC_TYPE
00:00:00.588235 CPUM: MSR fudge: 0x00000017 IA32_PLATFORM_ID
00:00:00.588238 CPUM: MSR fudge: 0x0000001b IA32_APIC_BASE
00:00:00.588240 CPUM: MSR fudge: 0x0000008b BIOS_SIGN
00:00:00.588242 CPUM: MSR fudge: 0x000000fe IA32_MTRRCAP
00:00:00.588244 CPUM: MSR fudge: 0x00000179 IA32_MCG_CAP
00:00:00.588273 CPUM: MSR fudge: 0x0000017a IA32_MCG_STATUS
00:00:00.588276 CPUM: MSR fudge: 0x000001a0 IA32_MISC_ENABLE
00:00:00.588278 CPUM: MSR fudge: 0x000001d9 IA32_DEBUGCTL
00:00:00.588280 CPUM: MSR fudge: 0x000001db P6_LAST_BRANCH_FROM_IP
00:00:00.588282 CPUM: MSR fudge: 0x000001dc P6_LAST_BRANCH_TO_IP
00:00:00.588284 CPUM: MSR fudge: 0x000001dd P6_LAST_INT_FROM_IP
00:00:00.588285 CPUM: MSR fudge: 0x000001de P6_LAST_INT_TO_IP
00:00:00.588287 CPUM: MSR fudge: 0x00000277 IA32_PAT
00:00:00.588289 CPUM: MSR fudge: 0x000002ff IA32_MTRR_DEF_TYPE
00:00:00.588291 CPUM: MSR fudge: 0x00000400 IA32_MCi_CTL_STATUS_ADDR_MISC
00:00:00.588294 CPUM: MSR fudge: 0xc0000103 AMD64_TSC_AUX
00:00:00.588418 PGM: Host paging mode: AMD64+PGE+NX
00:00:00.588432 PGM: PGMPool: cMaxPages=2304 (u64MaxPages=2151)
00:00:00.588435 PGM: pgmR3PoolInit: cMaxPages=0x900 cMaxUsers=0x1200 cMaxPhysExts=0x1200 fCacheEnable=true
00:00:00.603616 GUI: UIMediumEnumerator: Medium-enumeration finished!
00:00:00.885814 ERROR [COM]: aRC=VBOX_E_IPRT_ERROR (0x80bb0005) aIID={6ac83d89-6ee7-4e33-8ae6-b257b2e81be8} aComponent={ConsoleWrap} aText={The VBoxGuestPropSvc service call failed with the error VERR_HGCM_SERVICE_NOT_FOUND}, preserve=false aResultDetail=-2900
00:00:00.950838 GUI: UIMediumEnumerator: Medium-enumeration finished!
00:00:01.306215 TM:     cTSCTicksPerSecond=24 009 530 (0x16e5b3a) enmTSCMode=1 (VirtTSCEmulated)
00:00:01.306222 TM: cTSCTicksPerSecondHost=24 009 530 (0x16e5b3a)
00:00:01.306224 TM: TSCTiedToExecution=false TSCNotTiedToHalt=false
00:00:01.306801 EMR3Init: fIemExecutesAll=true fGuruOnTripleFault=true
00:00:01.307619 IEM: TargetCpu=CURRENT, Microarch=Intel_Core7_Skylake aidxTargetCpuEflFlavour={1,1}
00:00:01.308764 GIM: Using provider 'None' (Implementation version: 0)
00:00:01.308785 GCM: Initialized (fixer bits: 0x0)
00:00:01.308869 AIOMgr: Default manager type is 'Async'
00:00:01.308878 AIOMgr: Default file backend is 'NonBuffered'
00:00:01.308923 BlkCache: Cache successfully initialized. Cache size is 5242880 bytes
00:00:01.308931 BlkCache: Cache commit interval is 10000 ms
00:00:01.308940 BlkCache: Cache commit threshold is 2621440 bytes
00:00:01.317026 PcBios: [SMP] BIOS with 5 CPUs
00:00:01.317333 PcBios: Using the 386+ BIOS image.
00:00:01.317743 PcBios: MPS table at 000e1300
00:00:01.318190 PcBios: fCheckShutdownStatusForSoftReset=true  fClearShutdownStatusOnHardReset=true
00:00:01.318738 CPUM: SetGuestCpuIdFeature: Enabled xAPIC
00:00:01.320709 IOAPIC: Version=2.0 ChipType=ICH9
00:00:01.320994 PIT: mode=3 count=0x10000 (65536) - 18.20 Hz (ch=0)
00:00:01.321435 VMMDev: cbDefaultBudget: 357 913 941 (15555555)
00:00:01.325837 Shared Folders service loaded
00:00:01.327033 Guest Control service loaded
00:00:01.330324 VGA: Using the 386+ BIOS image.
00:00:01.336563 DrvVD: Flushes will be ignored
00:00:01.336570 DrvVD: Async flushes will be passed to the disk
00:00:01.336881 VD: VDInit finished with VINF_SUCCESS
00:00:01.337012 VD: Opening the disk took 259584 ns
00:00:01.337473 PIIX3 ATA: LUN#0: disk, PCHS=16383/16/63, total number of sectors 42115072
00:00:01.337538 PIIX3 ATA: LUN#1: no unit
00:00:01.337563 DrvVD: Flushes will be ignored
00:00:01.337568 DrvVD: Async flushes will be passed to the disk
00:00:01.337616 VD: Opening the disk took 43584 ns
00:00:01.337632 PIIX3 ATA: LUN#2: CD/DVD, total number of sectors 8090, passthrough disabled
00:00:01.337677 PIIX3 ATA: LUN#3: no unit
00:00:01.337718 PIIX3 ATA: Ctl#0: finished processing RESET
00:00:01.337738 PIIX3 ATA: Ctl#1: finished processing RESET
00:00:01.345607 NAT: Guest address guess set to 10.0.2.15 by initialization
00:00:01.347381 NAT: resolv.conf: nameserver 10.1.1.81
00:00:01.349435 NAT: resolv.conf: nameserver 10.1.1.82
00:00:01.349450 NAT: DNS#0: 10.1.1.81
00:00:01.349455 NAT: DNS#1: 10.1.1.82
00:00:01.351400 AC97: Using codec 'STAC9700'
00:00:01.352283 Audio: Initializing Core Audio driver
00:00:01.405176 CoreAudio: Default output device: 67 (was 0), ID 'BuiltInSpeakerDevice'
00:00:01.405264 CoreAudio: Default input device: 74 (was 0), ID 'BuiltInMicrophoneDevice'
00:00:01.406276 Audio: Found 3 devices for driver 'Core Audio'
00:00:01.406283 Audio: Device 'Tyler's iphone (2) Microphone':
00:00:01.406283 Audio:   ID              = 46314245-0000-0000-0000-000000000003
00:00:01.406283 Audio:   Usage           = input
00:00:01.406283 Audio:   Flags           = NAME_ALLOC ID_ALLOC
00:00:01.406284 Audio:   Input channels  = 1
00:00:01.406284 Audio:   Output channels = 0
00:00:01.406286 Audio: Device 'MacBook Pro Microphone':
00:00:01.406287 Audio:   ID              = BuiltInMicrophoneDevice
00:00:01.406287 Audio:   Usage           = input
00:00:01.406287 Audio:   Flags           = DEFAULT_IN NAME_ALLOC ID_ALLOC
00:00:01.406287 Audio:   Input channels  = 1
00:00:01.406287 Audio:   Output channels = 0
00:00:01.406289 Audio: Device 'MacBook Pro Speakers':
00:00:01.406289 Audio:   ID              = BuiltInSpeakerDevice
00:00:01.406289 Audio:   Usage           = output
00:00:01.406289 Audio:   Flags           = DEFAULT_OUT NAME_ALLOC ID_ALLOC
00:00:01.406290 Audio:   Input channels  = 0
00:00:01.406290 Audio:   Output channels = 2
00:00:01.406345 AC97: Reset
00:00:01.406348 AC97: Mixer reset (EAID=0x809, EACS=0x9)
00:00:01.406350 AC97: Record select to left=mic, right=mic
00:00:01.407122 PGM: The (guest) CPU physical address width is 39 bits
00:00:01.407131 PGM: PGMR3InitFinalize: 4 MB PSE mask 0000007fffffffff -> VINF_SUCCESS
00:00:01.407138 TM: TMR3InitFinalize: fTSCModeSwitchAllowed=false
00:00:01.407183 EM: Exit history optimizations: enabled=true enabled-r0=true enabled-r0-no-preemption=false
00:00:01.407243 PcBios: ATA LUN#0 LCHS=1024/255/63
00:00:01.407251 APIC: fPostedIntrsEnabled=false fVirtApicRegsEnabled=false fSupportsTscDeadline=false
00:00:01.407255 TMR3UtcNow: nsNow=1 678 139 138 127 048 000 nsPrev=0 -> cNsDelta=1 678 139 138 127 048 000 (offLag=0 offVirtualSync=0 offVirtualSyncGivenUp=0, NowAgain=1 678 139 138 127 048 000)
00:00:01.407263 VMM: fUsePeriodicPreemptionTimers=true
00:00:01.407313 CPUM: Logical host processors: 8 present, 8 max, 8 online, online mask: 00000000000000ff
00:00:01.407315 CPUM: Physical host cores: 8
00:00:01.407316 ************************* CPUID dump ************************
00:00:01.407317          Raw Standard CPUID Leaves
00:00:01.407317      Leaf/sub-leaf  eax      ebx      ecx      edx
00:00:01.407317 Gst: 00000000/0000  00000016 756e6547 6c65746e 49656e69
00:00:01.407318 Hst:                00000000 00000000 00000000 00000000
00:00:01.407319 Gst: 00000001/0000  000506e3 00050800 00000201 178bfbbf
00:00:01.407319 Hst:                00000000 00000000 00000000 00000000
00:00:01.407319 Gst: 00000002/0000  76036301 00f0b5ff 00000000 00c30000
00:00:01.407320 Hst:                00000000 00000000 00000000 00000000
00:00:01.407320 Gst: 00000003/0000  00000000 00000000 00000000 00000000
00:00:01.407320 Hst:                00000000 00000000 00000000 00000000
00:00:01.407321 Gst: 00000004/0000  10000121 01c0003f 0000003f 00000000
00:00:01.407321 Hst:                00000000 00000000 00000000 00000000
00:00:01.407322 Gst: 00000004/0001  10000122 01c0003f 0000003f 00000000
00:00:01.407322 Hst:                00000000 00000000 00000000 00000000
00:00:01.407322 Gst: 00000004/0002  10000143 00c0003f 000003ff 00000000
00:00:01.407323 Hst:                00000000 00000000 00000000 00000000
00:00:01.407323 Gst: 00000004/0003  10000163 03c0003f 00001fff 00000006
00:00:01.407323 Hst:                00000000 00000000 00000000 00000000
00:00:01.407323 Gst: 00000004/0004  10000000 00000000 00000000 00000000
00:00:01.407324 Hst:                00000000 00000000 00000000 00000000
00:00:01.407324 Gst: 00000005/0000  00000000 00000000 00000000 00000000
00:00:01.407324 Hst:                00000000 00000000 00000000 00000000
00:00:01.407325 Gst: 00000006/0000  00000000 00000000 00000000 00000000
00:00:01.407325 Hst:                00000000 00000000 00000000 00000000
00:00:01.407325 Gst: 00000007/0000  00000000 00002108 00000000 00000000
00:00:01.407326 Hst:                00000000 00000000 00000000 00000000
00:00:01.407326 Gst: 00000007/0001  00000000 00000000 00000000 00000000
00:00:01.407326 Hst:                00000000 00000000 00000000 00000000
00:00:01.407327 Gst: 00000008/0000  00000000 00000000 00000000 00000000
00:00:01.407327 Hst:                00000000 00000000 00000000 00000000
00:00:01.407327 Gst: 00000009/0000  00000000 00000000 00000000 00000000
00:00:01.407327 Hst:                00000000 00000000 00000000 00000000
00:00:01.407328 Gst: 0000000a/0000  00000000 00000000 00000000 00000000
00:00:01.407328 Hst:                00000000 00000000 00000000 00000000
00:00:01.407328 Gst: 0000000b/0000  00000000 00000001 00000100 00000000
00:00:01.407329 Hst:                00000000 00000000 00000000 00000000
00:00:01.407329 Gst: 0000000b/0001  00000003 00000005 00000201 00000000
00:00:01.407329 Hst:                00000000 00000000 00000000 00000000
00:00:01.407329 Gst: 0000000b/0002  00000000 00000000 00000002 00000000
00:00:01.407330 Hst:                00000000 00000000 00000000 00000000
00:00:01.407330 Gst: 0000000c/0000  00000000 00000000 00000000 00000000
00:00:01.407330 Hst:                00000000 00000000 00000000 00000000
00:00:01.407331 Gst: 0000000d/0000  00000000 00000000 00000000 00000000
00:00:01.407331 Hst:                00000000 00000000 00000000 00000000
00:00:01.407331 Gst: 0000000d/0001  00000000 00000000 00000000 00000000
00:00:01.407331 Hst:                00000000 00000000 00000000 00000000
00:00:01.407332 Gst: 0000000d/0002  00000000 00000000 00000000 00000000
00:00:01.407332 Hst:                00000000 00000000 00000000 00000000
00:00:01.407332 Gst: 0000000d/0003  00000000 00000000 00000000 00000000
00:00:01.407332 Hst:                00000000 00000000 00000000 00000000
00:00:01.407333 Gst: 0000000d/0004  00000000 00000000 00000000 00000000
00:00:01.407333 Hst:                00000000 00000000 00000000 00000000
00:00:01.407333 Gst: 0000000d/0005  00000000 00000000 00000000 00000000
00:00:01.407334 Hst:                00000000 00000000 00000000 00000000
00:00:01.407334 Gst: 0000000d/0006  00000000 00000000 00000000 00000000
00:00:01.407334 Hst:                00000000 00000000 00000000 00000000
00:00:01.407334 Gst: 0000000d/0007  00000000 00000000 00000000 00000000
00:00:01.407335 Hst:                00000000 00000000 00000000 00000000
00:00:01.407335 Gst: 0000000d/0008  00000000 00000000 00000000 00000000
00:00:01.407335 Hst:                00000000 00000000 00000000 00000000
00:00:01.407335 Gst: 0000000d/0009  00000000 00000000 00000000 00000000
00:00:01.407336 Hst:                00000000 00000000 00000000 00000000
00:00:01.407336 Gst: 0000000e/0000  00000000 00000000 00000000 00000000
00:00:01.407337 Hst:                00000000 00000000 00000000 00000000
00:00:01.407337 Gst: 0000000f/0000  00000000 00000000 00000000 00000000
00:00:01.407337 Hst:                00000000 00000000 00000000 00000000
00:00:01.407337 Gst: 00000010/0000  00000000 00000000 00000000 00000000
00:00:01.407338 Hst:                00000000 00000000 00000000 00000000
00:00:01.407338 Gst: 00000011/0000  00000000 00000000 00000000 00000000
00:00:01.407338 Hst:                00000000 00000000 00000000 00000000
00:00:01.407339 Gst: 00000012/0000  00000000 00000000 00000000 00000000
00:00:01.407339 Hst:                00000000 00000000 00000000 00000000
00:00:01.407339 Gst: 00000013/0000  00000000 00000000 00000000 00000000
00:00:01.407339 Hst:                00000000 00000000 00000000 00000000
00:00:01.407340 Gst: 00000014/0000  00000000 00000000 00000000 00000000
00:00:01.407340 Hst:                00000000 00000000 00000000 00000000
00:00:01.407340 Hst: 00000015/0000  00000000 00000000 00000000 00000000
00:00:01.407341 Hst: 00000016/0000  00000000 00000000 00000000 00000000
00:00:01.407341                                Name: GenuineIntel
00:00:01.407342                            Supports: 0x00000000-0x00000016
00:00:01.407345                              Family:  6 	Extended: 0 	Effective: 6
00:00:01.407346                               Model: 14 	Extended: 5 	Effective: 94
00:00:01.407347                            Stepping: 3
00:00:01.407347                                Type: 0 (primary)
00:00:01.407348                             APIC ID: 0x00
00:00:01.407348                        Logical CPUs: 5
00:00:01.407348                        CLFLUSH Size: 8
00:00:01.407349                            Brand ID: 0x00
00:00:01.407349 Features
00:00:01.407349   Mnemonic - Description                                  = guest (host)
00:00:01.407350   FPU - x87 FPU on Chip                                   = 1 (0)
00:00:01.407351   VME - Virtual 8086 Mode Enhancements                    = 1 (0)
00:00:01.407351   DE - Debugging extensions                               = 1 (0)
00:00:01.407352   PSE - Page Size Extension                               = 1 (0)
00:00:01.407354   TSC - Time Stamp Counter                                = 1 (0)
00:00:01.407354   MSR - Model Specific Registers                          = 1 (0)
00:00:01.407355   PAE - Physical Address Extension                        = 0 (0)
00:00:01.407355   MCE - Machine Check Exception                           = 1 (0)
00:00:01.407356   CX8 - CMPXCHG8B instruction                             = 1 (0)
00:00:01.407356   APIC - APIC On-Chip                                     = 1 (0)
00:00:01.407357   SEP - SYSENTER and SYSEXIT Present                      = 1 (0)
00:00:01.407357   MTRR - Memory Type Range Registers                      = 1 (0)
00:00:01.407358   PGE - PTE Global Bit                                    = 1 (0)
00:00:01.407359   MCA - Machine Check Architecture                        = 1 (0)
00:00:01.407359   CMOV - Conditional Move instructions                    = 1 (0)
00:00:01.407360   PAT - Page Attribute Table                              = 1 (0)
00:00:01.407360   PSE-36 - 36-bit Page Size Extension                     = 1 (0)
00:00:01.407361   PSN - Processor Serial Number                           = 0 (0)
00:00:01.407361   CLFSH - CLFLUSH instruction                             = 1 (0)
00:00:01.407362   DS - Debug Store                                        = 0 (0)
00:00:01.407362   ACPI - Thermal Mon. & Soft. Clock Ctrl.                 = 0 (0)
00:00:01.407363   MMX - Intel MMX Technology                              = 1 (0)
00:00:01.407363   FXSR - FXSAVE and FXRSTOR instructions                  = 1 (0)
00:00:01.407363   SSE - SSE support                                       = 1 (0)
00:00:01.407364   SSE2 - SSE2 support                                     = 1 (0)
00:00:01.407365   SS - Self Snoop                                         = 0 (0)
00:00:01.407370   HTT - Hyper-Threading Technology                        = 1 (0)
00:00:01.407370   TM - Therm. Monitor                                     = 0 (0)
00:00:01.407371   PBE - Pending Break Enabled                             = 0 (0)
00:00:01.407371   SSE3 - SSE3 support                                     = 1 (0)
00:00:01.407372   PCLMUL - PCLMULQDQ support (for AES-GCM)                = 0 (0)
00:00:01.407372   DTES64 - DS Area 64-bit Layout                          = 0 (0)
00:00:01.407372   MONITOR - MONITOR/MWAIT instructions                    = 0 (0)
00:00:01.407373   CPL-DS - CPL Qualified Debug Store                      = 0 (0)
00:00:01.407373   VMX - Virtual Machine Extensions                        = 0 (0)
00:00:01.407374   SMX - Safer Mode Extensions                             = 0 (0)
00:00:01.407374   EST - Enhanced SpeedStep Technology                     = 0 (0)
00:00:01.407375   TM2 - Terminal Monitor 2                                = 0 (0)
00:00:01.407375   SSSE3 - Supplemental Streaming SIMD Extensions 3        = 1 (0)
00:00:01.407376   CNTX-ID - L1 Context ID                                 = 0 (0)
00:00:01.407376   SDBG - Silicon Debug interface                          = 0 (0)
00:00:01.407377   FMA - Fused Multiply Add extensions                     = 0 (0)
00:00:01.407377   CX16 - CMPXCHG16B instruction                           = 0 (0)
00:00:01.407377   TPRUPDATE - xTPR Update Control                         = 0 (0)
00:00:01.407378   PDCM - Perf/Debug Capability MSR                        = 0 (0)
00:00:01.407378   PCID - Process Context Identifiers                      = 0 (0)
00:00:01.407379   DCA - Direct Cache Access                               = 0 (0)
00:00:01.407379   SSE4_1 - SSE4_1 support                                 = 0 (0)
00:00:01.407380   SSE4_2 - SSE4_2 support                                 = 0 (0)
00:00:01.407380   X2APIC - x2APIC support                                 = 0 (0)
00:00:01.407381   MOVBE - MOVBE instruction                               = 0 (0)
00:00:01.407381   POPCNT - POPCNT instruction                             = 0 (0)
00:00:01.407382   TSCDEADL - Time Stamp Counter Deadline                  = 0 (0)
00:00:01.407382   AES - AES instructions                                  = 0 (0)
00:00:01.407383   XSAVE - XSAVE instruction                               = 0 (0)
00:00:01.407383   OSXSAVE - OSXSAVE instruction                           = 0 (0)
00:00:01.407384   AVX - AVX support                                       = 0 (0)
00:00:01.407384   F16C - 16-bit floating point conversion instructions    = 0 (0)
00:00:01.407384   RDRAND - RDRAND instruction                             = 0 (0)
00:00:01.407385   HVP - Hypervisor Present (we're a guest)                = 0 (0)
00:00:01.407385 Structured Extended Feature Flags Enumeration (leaf 7):
00:00:01.407386   Mnemonic - Description                                  = guest (host)
00:00:01.407386   FSGSBASE - RDFSBASE/RDGSBASE/WRFSBASE/WRGSBASE instr.   = 0 (0)
00:00:01.407386   TSCADJUST - Supports MSR_IA32_TSC_ADJUST                = 0 (0)
00:00:01.407387   SGX - Supports Software Guard Extensions                = 0 (0)
00:00:01.407387   BMI1 - Advanced Bit Manipulation extension 1            = 1 (0)
00:00:01.407387   HLE - Hardware Lock Elision                             = 0 (0)
00:00:01.407388   AVX2 - Advanced Vector Extensions 2                     = 0 (0)
00:00:01.407388   FDP_EXCPTN_ONLY - FPU DP only updated on exceptions     = 0 (0)
00:00:01.407389   SMEP - Supervisor Mode Execution Prevention             = 0 (0)
00:00:01.407389   BMI2 - Advanced Bit Manipulation extension 2            = 1 (0)
00:00:01.407389   ERMS - Enhanced REP MOVSB/STOSB instructions            = 0 (0)
00:00:01.407390   INVPCID - INVPCID instruction                           = 0 (0)
00:00:01.407390   RTM - Restricted Transactional Memory                   = 0 (0)
00:00:01.407391   PQM - Platform Quality of Service Monitoring            = 0 (0)
00:00:01.407391   DEPFPU_CS_DS - Deprecates FPU CS, FPU DS values if set  = 1 (0)
00:00:01.407391   MPE - Intel Memory Protection Extensions                = 0 (0)
00:00:01.407392   PQE - Platform Quality of Service Enforcement           = 0 (0)
00:00:01.407392   AVX512F - AVX512 Foundation instructions                = 0 (0)
00:00:01.407392   RDSEED - RDSEED instruction                             = 0 (0)
00:00:01.407393   ADX - ADCX/ADOX instructions                            = 0 (0)
00:00:01.407393   SMAP - Supervisor Mode Access Prevention                = 0 (0)
00:00:01.407394   CLFLUSHOPT - CLFLUSHOPT (Cache Line Flush) instruction  = 0 (0)
00:00:01.407394   INTEL_PT - Intel Processor Trace                        = 0 (0)
00:00:01.407394   AVX512PF - AVX512 Prefetch instructions                 = 0 (0)
00:00:01.407395   AVX512ER - AVX512 Exponential & Reciprocal instructions = 0 (0)
00:00:01.407395   AVX512CD - AVX512 Conflict Detection instructions       = 0 (0)
00:00:01.407396   SHA - Secure Hash Algorithm extensions                  = 0 (0)
00:00:01.407396   PREFETCHWT1 - PREFETCHWT1 instruction                   = 0 (0)
00:00:01.407396   UMIP - User mode insturction prevention                 = 0 (0)
00:00:01.407397   PKU - Protection Key for Usermode pages                 = 0 (0)
00:00:01.407397   OSPKE - CR4.PKU mirror                                  = 0 (0)
00:00:01.407398   MAWAU - Value used by BNDLDX & BNDSTX                   = 0x0 (0x0)
00:00:01.407398   RDPID - Read processor ID support                       = 0 (0)
00:00:01.407399   SGX_LC - Supports SGX Launch Configuration              = 0 (0)
00:00:01.407399 Processor Extended State Enumeration (leaf 0xd):
00:00:01.407399    XSAVE area cur/max size by XCR0, guest: 0x0/0x0
00:00:01.407400     XSAVE area cur/max size by XCR0, host: 0x0/0x0
00:00:01.407400                    Valid XCR0 bits, guest: 0x00000000`00000000
00:00:01.407401                     Valid XCR0 bits, host: 0x00000000`00000000
00:00:01.407401                     XSAVE features, guest:
00:00:01.407401                      XSAVE features, host:
00:00:01.407402       XSAVE area cur size XCR0|XSS, guest: 0x0
00:00:01.407402        XSAVE area cur size XCR0|XSS, host: 0x0
00:00:01.407402                Valid IA32_XSS bits, guest: 0x00000000`00000000
00:00:01.407403                 Valid IA32_XSS bits, host: 0x00000000`00000000
00:00:01.407404          Unknown CPUID Leaves
00:00:01.407405      Leaf/sub-leaf  eax      ebx      ecx      edx
00:00:01.407405 Gst: 00000014/0001  00000000 00000000 00000000 00000000
00:00:01.407405 Hst:                00000000 00000000 00000000 00000000
00:00:01.407405 Gst: 00000014/0002  00000000 00000000 00000000 00000000
00:00:01.407406 Hst:                00000000 00000000 00000000 00000000
00:00:01.407406 Gst: 00000015/0000  00000000 00000000 00000000 00000000
00:00:01.407406 Hst:                00000000 00000000 00000000 00000000
00:00:01.407407 Gst: 00000016/0000  00000000 00000000 00000000 00000000
00:00:01.407407 Hst:                00000000 00000000 00000000 00000000
00:00:01.407407          Raw Extended CPUID Leaves
00:00:01.407407      Leaf/sub-leaf  eax      ebx      ecx      edx
00:00:01.407408 Gst: 80000000/0000  80000008 00000000 00000000 00000000
00:00:01.407408 Hst:                00000000 00000000 00000000 00000000
00:00:01.407408 Gst: 80000001/0000  00000000 00000000 00000001 08000800
00:00:01.407409 Hst:                00000000 00000000 00000000 00000000
00:00:01.407409 Gst: 80000002/0000  65746e49 2952286c 726f4320 4d542865
00:00:01.407409 Hst:                00000000 00000000 00000000 00000000
00:00:01.407409 Gst: 80000003/0000  37692029 3037362d 43204b30 40205550
00:00:01.407410 Hst:                00000000 00000000 00000000 00000000
00:00:01.407410 Gst: 80000004/0000  302e3420 7a484730 00000000 00000000
00:00:01.407410 Hst:                00000000 00000000 00000000 00000000
00:00:01.407411 Gst: 80000005/0000  00000000 00000000 00000000 00000000
00:00:01.407411 Hst:                00000000 00000000 00000000 00000000
00:00:01.407411 Gst: 80000006/0000  00000000 00000000 01006040 00000000
00:00:01.407411 Hst:                00000000 00000000 00000000 00000000
00:00:01.407412 Gst: 80000007/0000  00000000 00000000 00000000 00000100
00:00:01.407412 Hst:                00000000 00000000 00000000 00000000
00:00:01.407412 Gst: 80000008/0000  00003027 00000000 00000000 00000000
00:00:01.407413 Hst:                00000000 00000000 00000000 00000000
00:00:01.407413 Ext Name:                        
00:00:01.407413 Ext Supports:                    0x80000000-0x80000008
00:00:01.407413 Family:                          0  	Extended: 0 	Effective: 0
00:00:01.407414 Model:                           0  	Extended: 0 	Effective: 0
00:00:01.407414 Stepping:                        0
00:00:01.407414 Brand ID:                        0x000
00:00:01.407414 Ext Features
00:00:01.407414   Mnemonic - Description                                  = guest (host)
00:00:01.407415   FPU - x87 FPU on Chip                                   = 0 (0)
00:00:01.407415   VME - Virtual 8086 Mode Enhancements                    = 0 (0)
00:00:01.407416   DE - Debugging extensions                               = 0 (0)
00:00:01.407416   PSE - Page Size Extension                               = 0 (0)
00:00:01.407417   TSC - Time Stamp Counter                                = 0 (0)
00:00:01.407417   MSR - K86 Model Specific Registers                      = 0 (0)
00:00:01.407417   PAE - Physical Address Extension                        = 0 (0)
00:00:01.407418   MCE - Machine Check Exception                           = 0 (0)
00:00:01.407418   CX8 - CMPXCHG8B instruction                             = 0 (0)
00:00:01.407419   APIC - APIC On-Chip                                     = 0 (0)
00:00:01.407419   SEP - SYSCALL/SYSRET                                    = 1 (0)
00:00:01.407420   MTRR - Memory Type Range Registers                      = 0 (0)
00:00:01.407420   PGE - PTE Global Bit                                    = 0 (0)
00:00:01.407421   MCA - Machine Check Architecture                        = 0 (0)
00:00:01.407421   CMOV - Conditional Move instructions                    = 0 (0)
00:00:01.407422   PAT - Page Attribute Table                              = 0 (0)
00:00:01.407422   PSE-36 - 36-bit Page Size Extension                     = 0 (0)
00:00:01.407422   NX - No-Execute/Execute-Disable                         = 0 (0)
00:00:01.407423   AXMMX - AMD Extensions to MMX instructions              = 0 (0)
00:00:01.407423   MMX - Intel MMX Technology                              = 0 (0)
00:00:01.407424   FXSR - FXSAVE and FXRSTOR Instructions                  = 0 (0)
00:00:01.407424   FFXSR - AMD fast FXSAVE and FXRSTOR instructions        = 0 (0)
00:00:01.407424   Page1GB - 1 GB large page                               = 0 (0)
00:00:01.407425   RDTSCP - RDTSCP instruction                             = 1 (0)
00:00:01.407425   LM - AMD64 Long Mode                                    = 0 (0)
00:00:01.407426   3DNOWEXT - AMD Extensions to 3DNow                      = 0 (0)
00:00:01.407426   3DNOW - AMD 3DNow                                       = 0 (0)
00:00:01.407427   LahfSahf - LAHF/SAHF support in 64-bit mode             = 1 (0)
00:00:01.407427   CmpLegacy - Core multi-processing legacy mode           = 0 (0)
00:00:01.407428   SVM - AMD Secure Virtual Machine extensions             = 0 (0)
00:00:01.407428   EXTAPIC - AMD Extended APIC registers                   = 0 (0)
00:00:01.407428   CR8L - AMD LOCK MOV CR0 means MOV CR8                   = 0 (0)
00:00:01.407429   ABM - AMD Advanced Bit Manipulation                     = 0 (0)
00:00:01.407429   SSE4A - SSE4A instructions                              = 0 (0)
00:00:01.407430   MISALIGNSSE - AMD Misaligned SSE mode                   = 0 (0)
00:00:01.407430   3DNOWPRF - AMD PREFETCH and PREFETCHW instructions      = 0 (0)
00:00:01.407431   OSVW - AMD OS Visible Workaround                        = 0 (0)
00:00:01.407431   IBS - Instruct Based Sampling                           = 0 (0)
00:00:01.407431   XOP - Extended Operation support                        = 0 (0)
00:00:01.407432   SKINIT - SKINIT, STGI, and DEV support                  = 0 (0)
00:00:01.407432   WDT - AMD Watchdog Timer support                        = 0 (0)
00:00:01.407433   LWP - Lightweight Profiling support                     = 0 (0)
00:00:01.407433   FMA4 - Four operand FMA instruction support             = 0 (0)
00:00:01.407433   NodeId - NodeId in MSR C001_100C                        = 0 (0)
00:00:01.407434   TBM - Trailing Bit Manipulation instructions            = 0 (0)
00:00:01.407434   TOPOEXT - Topology Extensions                           = 0 (0)
00:00:01.407435   PRFEXTCORE - Performance Counter Extensions support     = 0 (0)
00:00:01.407435   PRFEXTNB - NB Performance Counter Extensions support    = 0 (0)
00:00:01.407435   DATABPEXT - Data-access Breakpoint Extension            = 0 (0)
00:00:01.407436   PERFTSC - Performance Time Stamp Counter                = 0 (0)
00:00:01.407436   PCX_L2I - L2I/L3 Performance Counter Extensions         = 0 (0)
00:00:01.407437   MWAITX - MWAITX and MONITORX instructions               = 0 (0)
00:00:01.407437 Full Name:                       "Intel(R) Core(TM) i7-6700K CPU @ 4.00GHz"
00:00:01.407437 TLB 2/4M Instr/Uni:              res0     0 entries
00:00:01.407438 TLB 2/4M Data:                   res0     0 entries
00:00:01.407438 TLB 4K Instr/Uni:                res0     0 entries
00:00:01.407438 TLB 4K Data:                     res0     0 entries
00:00:01.407438 L1 Instr Cache Line Size:        0 bytes
00:00:01.407438 L1 Instr Cache Lines Per Tag:    0
00:00:01.407439 L1 Instr Cache Associativity:    res0  
00:00:01.407439 L1 Instr Cache Size:             0 KB
00:00:01.407439 L1 Data Cache Line Size:         0 bytes
00:00:01.407439 L1 Data Cache Lines Per Tag:     0
00:00:01.407439 L1 Data Cache Associativity:     res0  
00:00:01.407439 L1 Data Cache Size:              0 KB
00:00:01.407439 L2 TLB 2/4M Instr/Uni:           off       0 entries
00:00:01.407440 L2 TLB 2/4M Data:                off       0 entries
00:00:01.407440 L2 TLB 4K Instr/Uni:             off       0 entries
00:00:01.407440 L2 TLB 4K Data:                  off       0 entries
00:00:01.407440 L2 Cache Line Size:              0 bytes
00:00:01.407440 L2 Cache Lines Per Tag:          0
00:00:01.407441 L2 Cache Associativity:          off   
00:00:01.407441 L2 Cache Size:                   0 KB
00:00:01.407441   TS - Temperature Sensor                                 = 0 (0)
00:00:01.407441   FID - Frequency ID control                              = 0 (0)
00:00:01.407442   VID - Voltage ID control                                = 0 (0)
00:00:01.407442   TscInvariant - Invariant Time Stamp Counter             = 1 (0)
00:00:01.407443   CBP - Core Performance Boost                            = 0 (0)
00:00:01.407443   EffFreqRO - Read-only Effective Frequency Interface     = 0 (0)
00:00:01.407444   ProcFdbkIf - Processor Feedback Interface               = 0 (0)
00:00:01.407444   ProcPwrRep - Core power reporting interface support     = 0 (0)
00:00:01.407444 Physical Address Width:          39 bits
00:00:01.407445 Virtual Address Width:           48 bits
00:00:01.407445 Guest Physical Address Width:    0 bits
00:00:01.407445 Physical Core Count:             1
00:00:01.407445 
00:00:01.407445 ******************** End of CPUID dump **********************
00:00:01.407452 VMEmt: Halt method global1 (5) not available in driverless mode, using method1 (4) instead
00:00:01.407524 Changing the VM state from 'CREATING' to 'CREATED'
00:00:01.410243 Changing the VM state from 'CREATED' to 'POWERING_ON'
00:00:01.410321 Changing the VM state from 'POWERING_ON' to 'RUNNING'
00:00:01.410326 Console: Machine state changed to 'Running'
00:00:01.412807 VMMDev: Guest Log: BIOS: VirtualBox 7.0.6
00:00:01.412940 PCI: Setting up resources and interrupts
00:00:01.413173 PIT: mode=2 count=0x10000 (65536) - 18.20 Hz (ch=0)
00:00:01.423726 ERROR [COM]: aRC=VBOX_E_VM_ERROR (0x80bb0003) aIID={4680b2de-8690-11e9-b83d-5719e53cf1de} aComponent={DisplayWrap} aText={Could not take a screenshot (VERR_NOT_SUPPORTED)}, preserve=false aResultDetail=-37
00:00:01.423790 VMMDev: Guest Log: CPUID EDX: 0x178bfbbf
00:00:01.423837 PIIX3 ATA: Ctl#0: RESET, DevSel=0 AIOIf=0 CmdIf0=0x00 (-1 usec ago) CmdIf1=0x00 (-1 usec ago)
00:00:01.423854 PIIX3 ATA: Ctl#0: finished processing RESET
00:00:01.423958 VMMDev: Guest Log: BIOS: ata0-0: PCHS=16383/16/63 LCHS=1024/255/63
00:00:01.424420 PIIX3 ATA: Ctl#1: RESET, DevSel=0 AIOIf=0 CmdIf0=0x00 (-1 usec ago) CmdIf1=0x00 (-1 usec ago)
00:00:01.424463 PIIX3 ATA: Ctl#1: finished processing RESET
00:00:01.428979 PIT: mode=2 count=0x48d3 (18643) - 64.00 Hz (ch=0)
00:00:01.439744 Display::i_handleDisplayResize: uScreenId=0 pvVRAM=0000000118928000 w=640 h=480 bpp=32 cbLine=0xA00 flags=0x0 origin=0,0
00:00:01.731877 GUI: UIMachineViewNormal::resendSizeHint: Restoring guest size-hint for screen 0 to 800x600
00:00:01.735170 GUI: HID LEDs sync is enabled
00:00:01.753599 GUI: UIMachineLogicNormal::sltCheckForRequestedVisualStateType: Requested-state=1, Machine-state=6
00:00:03.902468 PIT: mode=2 count=0x10000 (65536) - 18.20 Hz (ch=0)
00:00:03.902568 VMMDev: Guest Log: BIOS: Boot : bseqnr=1, bootseq=0231
00:00:03.902626 VMMDev: Guest Log: BIOS: Boot from Floppy 0 failed
00:00:03.902680 VMMDev: Guest Log: BIOS: Boot : bseqnr=2, bootseq=0023
00:00:03.903167 VMMDev: Guest Log: BIOS: Booting from CD-ROM...
00:00:03.906792 Display::i_handleDisplayResize: uScreenId=0 pvVRAM=0000000000000000 w=720 h=400 bpp=0 cbLine=0x0 flags=0x0 origin=0,0
00:00:03.937374 VMMDev: Guest Log: BIOS: KBD: unsupported int 16h function 03
00:00:03.937444 VMMDev: Guest Log: BIOS: AX=0305 BX=0000 CX=0000 DX=0000 
00:00:04.235965 GUI: UIMediumEnumerator: Medium-enumeration finished!
00:00:13.531639 PIT: mode=2 count=0xf89 (3977) - 300.02 Hz (ch=0)
00:00:13.668052 PIT: mode=0 count=0x10000 (65536) - 18.20 Hz (ch=0)
00:00:14.603202 OHCI: Software reset
00:00:23.691229 PIIX3 ATA: Ctl#0: RESET, DevSel=0 AIOIf=0 CmdIf0=0xec (-1 usec ago) CmdIf1=0x00 (-1 usec ago)
00:00:23.691305 PIIX3 ATA: Ctl#0: finished processing RESET
00:00:23.692357 PIIX3 ATA: Ctl#1: RESET, DevSel=0 AIOIf=0 CmdIf0=0xa0 (-1 usec ago) CmdIf1=0x00 (-1 usec ago)
00:00:23.692396 PIIX3 ATA: Ctl#1: finished processing RESET
00:00:23.748149 EHCI: Hardware reset
00:00:23.748560 EHCI: USB Operational
00:00:23.798639 OHCI: USB Reset
00:00:23.853204 OHCI: Software reset
00:00:23.853227 OHCI: USB Operational
00:00:23.883615 EHCI: USB Suspended
00:00:23.969605 OHCI: USB Suspended
