999989
999966
999944
999943
999905
999821
999790
999769
999685
999634
999576
999428
999336
999173
998915
998654
998601
998565
998515
998464
998409
998368
998140
997745
997489
997414
997383
997305
997185
996989
996929
996892
996861
996861
996657
996511
996456
996428
996400
996292
995935
995924
995902
995900
995810
995749
995719
995705
995672
995644
995422
995397
995058
995027
994797
994687
994658
994332
994191
994162
994009
993962
993955
993549
993530
993485
993310
993147
993106
993021
992974
992959
992950
992902
992900
992777
992732
992732
992675
992585
992479
992447
992322
992301
992219
992217
992159
992004
991908
991795
991615
991532
991464
991413
991216
991161
991102
990864
990846
990813
990677
990498
990296
990289
989673
989620
989492
989452
989443
989251
989095
989042
988989
988968
988913
988751
988670
988580
988453
988318
988276
988267
988156
988073
988066
987647
987623
987613
987530
987518
987503
987459
987456
987395
987285
987281
987245
987240
987160
987084
986956
986705
986619
986576
986312
986265
986195
986125
986071
985867
985697
985311
985186
984602
984474
984024
983893
983876
983841
983839
983773
983500
983105
983098
983074
982816
982800
982648
982625
982563
982550
982483
982437
982419
982370
982294
982165
982012
981888
981765
981703
981548
981488
981382
981354
981306
981215
981209
981148
981082
981036
980982
980968
980958
980717
980677
980670
980505
980503
980433
980379
980361
980007
979853
979842
979841
979739
979673
979596
979562
979517
979464
979450
979377
979360
979319
979281
979255
979112
979044
978801
978791
978754
978564
978537
978474
978437
978268
978197
978147
978099
978079
978028
977805
977716
977393
977360
977239
977136
977012
976965
976859
976645
976552
976526
976474
976424
976354
976208
976166
976155
976150
976048
975607
975491
975392
975206
974989
974923
974810
974766
974699
974653
974634
974574
974549
974531
974471
974272
974256
974253
973924
973765
973706
973650
973550
973503
973415
973368
973359
973316
973217
973064
972837
972710
972542
972499
972449
972354
972063
971911
971881
971743
971653
971625
971523
971502
971397
971172
970960
970949
970781
970749
970710
970613
970517
970476
970425
970377
970192
970182
970177
970023
969690
969644
969633
969628
969607
969552
969533
969520
969475
969435
969364
969053
968893
968794
968624
968572
968503
968422
968370
968235
968179
967980
967924
967924
967922
967790
967710
967594
967554
967515
967349
967175
967114
967110
967084
967048
967012
966805
966769
966691
966594
966426
966270
966195
966177
966149
966115
966087
965917
965792
965673
965654
965601
965587
965583
965544
965530
965128
965116
965091
964850
964666
964657
964496
964461
964363
964332
964281
964157
964074
964060
964049
963997
963937
963886
963796
963609
963098
963080
963025
963011
962847
962838
962806
962793
962741
962528
962512
962461
962452
962204
962113
962080
962066
961899
961699
961616
961593
961564
961482
961426
961375
961340
961271
961189
960992
960958
960874
960867
960849
960765
960660
960630
960625
960595
960569
960489
960350
960295
960190
960045
959986
959732
959679
959573
959397
959350
959268
959262
959113
959076
958967
958615
958533
958302
958273
958236
958172
958078
958031
957978
957866
957431
957361
957300
957286
957260
957244
957178
957119
957114
957002
956968
956809
956751
956527
956489
956476
956433
956321
956280
956074
955957
955914
955702
955538
955342
955316
954955
954923
954855
954779
954756
954615
954587
954530
954223
954220
954200
954160
954105
954048
954043
953938
953712
953378
953305
953265
953214
952948
952918
952852
952796
952736
952680
952607
952225
952148
952145
951831
951751
951568
951478
951447
951409
951354
951283
951231
950932
950482
950469
950459
950434
950384
950115
950019
949941
949823
949779
949559
949440
949241
949013
948909
948781
948692
948689
948679
948330
948252
948158
948158
948085
948063
947998
947960
947898
947876
947659
947569
947569
947492
947150
947102
946985
946875
946679
946560
946338
946167
946134
945989
945919
945786
945739
945738
945649
945488
945363
945253
945186
945068
945042
945010
944944
944912
944902
944861
944850
944841
944821
944666
944567
944503
944479
944375
944286
944130
943888
943821
943813
943805
943773
943755
943569
943564
943523
943351
943344
943325
943304
943198
943181
943159
943145
942897
942798
942755
942678
942617
942516
942500
942477
942076
941844
941802
941736
941706
941665
941280
941005
940997
940858
940783
940641
940571
940565
940364
940334
940088
940032
939906
939866
939699
939684
939683
939668
939503
939492
939448
939328
939277
939236
939214
939060
938936
938926
938873
938818
938572
938516
938471
938432
938355
938328
938136
938041
937991
937934
937846
937796
937684
937650
937599
937561
937224
937088
936919
936876
936834
936659
936658
936631
936199
936181
936099
935997
935907
935881
935779
935761
935631
935459
935424
935410
935401
935384
935383
935270
935253
935164
935072
934973
934922
934845
934813
934516
934258
934214
934201
934190
934130
933965
933821
933488
933254
933192
933060
932685
932587
932396
932017
931994
931945
931707
931677
931537
931507
931506
931495
931471
931164
931121
931031
931025
930906
930786
930674
930662
930642
930438
930320
930233
930227
930077
930000
929947
929720
929672
928984
928977
928973
928958
928881
928540
928437
928421
928316
928257
928178
928156
928031
927951
927932
927753
927660
927607
927206
927183
926810
926645
926640
926576
926454
926264
925987
925950
925922
925841
925716
925103
924854
924709
924632
924620
924575
924385
924351
924307
924122
924085
924022
923999
923865
923817
923586
923363
923264
923244
923056
922976
922968
922957
922900
922889
922760
922525
922446
922249
922020
922017
921780
921742
921726
921589
921380
921340
921079
921040
921012
921010
920682
920614
920581
920577
920289
920271
920080
919998
919941
919912
919899
919860
919746
919726
919509
919433
919423
919360
919340
919276
919234
919089
918766
918739
918631
918624
918476
918423
918277
918179
918048
917947
917595
917521
917462
917299
917291
917258
917213
917195
917188
917188
917024
917019
916965
916962
916909
916874
916622
916619
916597
916544
916489
916359
916204
916092
916073
916014
915984
915940
915843
915561
915535
915247
915049
914993
914972
914918
914794
914745
914597
914585
914531
914387
914332
914215
914178
914074
914031
914004
913984
913849
913740
913686
913622
913590
913508
913406
913319
913315
913170
912960
912895
912760
912755
912667
912586
912518
912503
912418
912398
912364
912298
912238
912219
912206
912117
911816
911665
911622
911622
911587
911572
911392
911298
911282
911178
911103
911102
911058
911048
911001
910893
910846
910813
910214
910038
910020
910005
909906
909866
909852
909747
909472
909464
909383
909230
909157
909064
909062
908951
908822
908705
908606
908571
908093
907930
907885
907603
907343
907306
907296
907105
907090
907089
906964
906927
906784
906755
906731
906666
906641
906605
906589
906481
906418
906168
906147
906034
906032
906030
905877
905868
905720
905561
905555
905528
905432
905342
905311
905262
905206
905149
905094
904894
904882
904775
904687
904604
904508
904489
904141
904031
904007
903986
903910
903902
903819
903771
903307
903300
903201
903063
903046
903044
902839
902797
902762
902731
902643
902570
902567
902562
902542
902228
902163
902128
902086
902001
901982
901893
901769
901653
901437
901367
901354
901202
901142
901020
901018
900910
900827
900797
900563
900449
900373
900351
900147
899973
899929
899682
899653
899337
899330
899128
899120
899079
899063
898913
898704
898667
898495
898141
898009
898006
897966
897552
897376
897247
897209
897049
896981
896870
896572
896383
896312
896278
896272
896124
896121
896021
895694
895595
895419
895373
895273
895247
894842
894607
894357
894287
894257
894173
894075
893976
893938
893774
893764
893670
893574
893376
893087
892737
892670
892667
892589
892458
892283
892202
892135
891928
891786
891569
891262
891119
891096
890934
890834
890750
890700
890674
890380
890378
890337
890337
890317
890214
890165
889713
889448
889436
889435
889417
889259
889228
889121
889078
889049
889006
888962
888947
888919
888730
888664
888571
888363
888066
888058
888040
888021
887472
887331
887322
887209
887119
887091
886991
886817
886739
886562
886491
886382
886351
886227
886128
886111
885775
885725
885647
885611
885351
885314
885080
885050
884950
884651
884645
884553
884500
884384
884259
884199
884124
884063
883901
883417
883383
883317
883271
883250
883161
882937
882235
882180
882029
881955
881937
881800
881761
881693
881688
881683
881563
881471
881285
880947
880904
880899
880858
880607
880562
880127
879789
879467
879322
879285
879233
879148
879148
879067
879049
878802
878565
878538
878430
878351
878244
878169
878136
878128
878086
877969
877963
877595
877479
877310
877238
876964
876864
876815
876813
876733
876555
876535
876507
876355
876324
876171
876147
876082
876022
875786
875762
875525
875489
875477
875367
875311
874929
874797
874512
874442
874349
874023
874013
873998
873980
873968
873826
873814
873745
873717
873631
873589
873565
873178
873132
873083
873048
872756
872205
872186
872148
872000
871999
871974
871966
871874
871649
871640
871527
871526
871426
871139
871136
870775
870706
870698
870601
870500
870469
870420
870408
870255
870163
870163
870115
869996
869760
869647
869624
869443
869220
869167
869155
869124
869081
869022
868812
868744
868678
868488
868450
868437
868287
868180
868126
867917
867911
867703
867689
867683
867517
867476
867425
867254
867158
866833
866788
866781
866767
866724
866488
866465
866401
866199
866060
866059
866008
865805
865781
865761
865558
865520
865351
865300
865113
865096
865089
864912
864583
864549
864546
864512
864176
864116
863934
863914
863890
863774
863592
863574
863495
863305
863261
863197
862976
862823
862788
862696
862684
862586
862574
862504
862422
862013
861934
861909
861904
861891
861706
861611
861432
861430
861411
861388
861370
861295
861096
861061
860844
860835
860738
860635
860572
860567
860522
860495
860455
860394
860112
859925
859916
859839
859658
859620
859610
859571
859556
859423
859310
859197
859134
859131
858954
858813
858790
858765
858569
858491
858375
858313
858204
858141
858068
857859
857762
857744
857651
857619
857525
857462
857413
857068
857047
856973
856812
856810
856381
856356
856036
856014
856014
855881
855820
855546
855397
855284
855256
854992
854828
854791
854713
854647
854616
854497
854463
854349
854035
854030
853734
853458
853366
853302
853254
853036
853026
852983
852966
852805
852734
852648
852491
852452
852431
852396
852219
852148
852068
851878
851788
851724
851691
851679
851535
851473
851439
851300
851247
851209
851072
851062
851054
850992
850989
850981
850869
850841
850568
850545
850468
850095
850030
849877
849791
849762
849673
849649
849649
849609
849574
849385
849113
849109
849083
848715
848669
848546
848410
848346
848336
848304
848300
848262
848176
848167
848083
848005
847955
847847
847789
847768
847650
847567
847425
847405
847181
847125
847069
847010
846961
846938
846872
846839
846806
846781
846728
846601
846386
846258
846164
846110
846039
846016
845999
845718
845651
845641
845403
845348
845287
845276
845041
844551
844276
844219
844132
843995
843893
843834
843684
843603
843464
843440
843391
843365
843216
843186
843097
843080
842809
842729
842716
842396
842372
842368
842346
842330
842194
842090
841951
841801
841795
841546
841381
841318
841302
841263
841137
841115
840986
840867
840850
840806
840764
840556
840523
840244
840190
840028
839735
839716
839695
839643
839629
839537
839449
839403
839382
839333
839143
839071
839019
839014
839009
838905
838844
838836
838803
838794
838755
838748
838676
838666
838603
838594
838260
838234
838170
838077
837972
837958
837784
837737
837632
837395
837263
837115
837077
836995
836838
836826
836801
836764
836696
836695
836631
836446
836348
836289
836244
836169
835936
835759
835470
835359
835299
835208
834903
834785
834710
834586
834510
834306
834272
834238
834229
834069
833766
833698
833630
833584
833397
833305
833283
833180
833169
833138
833104
833058
833039
833029
832884
832829
832721
832718
832471
832325
832213
831962
831885
831861
831760
831756
831520
831166
830995
830964
830866
830830
830720
830539
830520
830504
830460
830453
830312
830244
830099
830075
829962
829800
829783
829735
829703
829620
829535
829472
829465
829462
829443
829360
829282
829212
829196
829167
829139
829131
829063
829059
828771
828631
828356
827979
827912
827877
827806
827783
827753
827696
827680
827366
827344
827255
827189
827027
827008
826990
826979
826957
826914
826904
826871
826781
826702
826684
826675
826634
826609
826599
826580
826463
826285
826153
826029
825966
825943
825813
825521
825278
825071
824935
824893
824598
824133
824006
823645
823585
823539
823518
823429
823264
823182
822920
822764
822718
822607
822586
822547
822398
822258
821894
821889
821872
821783
821552
821536
821472
821326
821159
820809
820756
820605
820508
820331
820106
820057
820027
820003
819943
819933
819878
819621
819564
819552
819534
819491
819403
818434
817957
817914
817525
817464
817376
817277
817255
817220
817182
817136
816889
816884
816565
816526
816456
816439
816375
816369
816349
816185
816133
816074
815982
815969
815947
815745
815577
815375
815230
815226
815166
815153
814957
814876
814868
814848
814770
814660
814477
814466
814267
814188
814135
814081
814054
813950
813889
813859
813851
813608
813475
813422
813410
813392
813277
813233
813215
813114
813113
813067
812920
812906
812881
812877
812613
812504
812438
812435
812323
812151
812032
811971
811900
811854
811847
811608
811544
811442
811428
811407
811269
811135
811051
811019
810990
810920
810457
810273
810264
810226
810018
810004
809928
809786
809739
809695
809676
809671
809617
809538
809463
808998
808903
808869
808853
808848
808836
808753
808496
808434
808309
808306
808199
808067
808011
807952
807862
807015
807010
807009
806982
806972
806925
806852
806825
806821
806529
806207
806102
805971
805861
805675
805634
805388
805236
805229
805127
805038
804986
804929
804929
804835
804753
804638
804623
804617
804597
804558
804524
804492
804237
804165
803822
803808
803765
803593
803540
803519
803508
803445
803347
803134
803131
802945
802931
802739
802720
802623
802535
802525
802406
802387
802353
802203
802173
802061
801879
801794
801758
801691
801474
801367
801329
801316
801183
801181
801007
800577
800534
800420
800277
800205
799967
799939
799890
799641
799567
799500
799498
799384
799343
799189
799100
799091
799069
799068
799055
799015
799009
798974
798837
798727
798707
798639
798635
798617
798601
798503
798395
798383
798351
798285
798181
798153
797769
797165
797153
797031
797011
796882
796770
796758
796750
796655
795989
795959
795762
795728
795665
795480
795428
795220
795091
795013
794898
794772
794659
794650
794646
794537
794497
794405
794384
794229
794139
794024
793999
793983
793924
793727
793648
793533
793428
793369
793339
793213
793117
792695
792574
792518
792430
792183
792052
792031
791908
791711
791682
791589
791526
791494
791428
791416
791416
791330
791304
791274
791241
791088
791017
790788
790712
790515
790437
790029
789830
789667
789665
789554
789411
789290
789078
788988
788960
788830
788707
788470
788365
788154
788127
788124
788123
788040
787996
787961
787956
787850
787544
787331
787171
786847
786488
786487
786295
785945
785912
785863
785821
785542
785524
785447
785284
785237
785106
784851
784844
784796
784728
784530
784310
783948
783700
783610
783581
783470
783361
783327
783311
783290
783249
783157
783030
782987
782815
782669
782249
782246
782215
782011
781919
781498
781408
781246
781212
781206
781176
781175
781157
780989
780728
780686
780641
780416
780368
780295
780235
780178
780135
780069
779972
779908
779827
779713
779429
779370
779262
779196
778931
778894
778811
778774
778648
778601
778456
778450
778405
778310
778203
778102
778027
777995
777961
777858
777612
777597
777442
777306
777258
777059
777058
777055
776867
776856
776753
776749
776727
776700
776650
776611
776553
776550
776458
776308
776297
775902
775809
775735
775715
775691
775621
775307
775250
775150
775116
775081
774965
774935
774914
774861
774727
774665
774483
774283
774235
774204
773865
773863
773794
773791
773751
773590
773517
773475
773324
773322
773190
773132
773097
773055
772931
772648
772638
772626
772529
772264
772246
772225
772180
772169
771971
771888
771839
771775
771760
771624
771371
771345
771337
771335
771227
771036
770974
770900
770776
770536
770442
770412
770341
770329
770297
770206
770097
770091
769947
769782
769661
769652
769449
769396
769355
769191
768875
768795
768656
768618
768530
768525
768502
768502
768485
768445
768311
768226
768187
768145
768124
768013
767886
767664
767574
767573
767518
767473
767200
767136
767047
767022
766658
766642
766614
766515
766511
766424
766372
766221
766023
766007
765965
765901
765752
765581
765322
765313
765284
765260
765233
765198
765156
765066
764945
764884
764707
764638
764598
764591
764582
764580
764439
764376
764251
764072
764056
763998
763835
763694
763677
763552
763430
763298
763233
763105
762477
762452
762419
762168
761862
761821
761748
761621
761486
761471
761464
761054
760906
760890
760849
760798
760668
760510
760499
760430
760289
760271
760220
760133
760076
759921
759885
759850
759803
759614
759613
759573
759092
759030
758722
758599
758554
758527
758517
758424
758398
758138
758119
758008
757792
757785
757641
757609
757557
757459
757455
757298
757081
757011
757000
756997
756839
756830
756746
756678
756605
756540
756429
756145
756044
755941
755852
755837
755770
755696
755654
755573
755570
755419
755219
755186
755063
754683
754665
754316
754043
754019
753792
753641
753524
753401
753367
753015
752996
752978
752949
752791
752781
752698
752660
752599
752481
752466
752359
752291
752168
752130
752115
752026
751888
751613
751356
751323
751249
751142
751067
751065
751007
750864
750496
750472
750381
750297
750095
750047
750005
749672
749566
749548
749449
749257
749231
749133
749109
749101
749070
748840
748806
748794
748676
748501
748490
748281
748202
748133
748105
747984
747927
747839
747824
747719
747632
747629
747190
747089
747081
747055
747008
747005
746961
746581
746488
746433
745904
745752
745663
745655
745608
745334
745296
745256
745246
745168
745162
745055
745020
745005
745000
744982
744855
744754
744635
744601
744581
744532
744485
744451
744396
744325
744262
744089
743996
743961
743918
743755
743650
743617
743577
743446
743437
743333
743259
743235
743097
743084
742915
742876
742671
742650
742607
742529
742345
742134
741859
741847
741797
741778
741752
741715
741549
741542
741380
741311
741302
741223
740883
740755
740694
740685
740602
740602
740512
739910
739868
739846
739769
739595
739574
739543
739487
739426
739405
739237
739177
739166
739134
738898
738882
738861
738679
738615
738432
738424
738319
738153
738043
737822
737789
737656
737625
737588
737515
737438
737429
737157
737103
737047
736850
736843
736797
736727
736278
736158
736104
735921
735611
735593
735579
735461
735392
735118
735033
734948
734925
734860
734832
734595
734565
734428
734239
734096
734086
734030
734018
733780
733673
733585
733578
733469
733388
733335
733293
733293
732993
732945
732788
732690
732674
732636
732596
732586
732517
732432
732306
732271
731989
731980
731588
731560
731260
731211
731189
731189
730980
730970
730961
730931
730890
730696
730653
730572
730522
730426
730006
729955
729944
729876
729784
729679
729492
729490
729349
729342
729325
729179
729120
728925
728877
728600
728565
728541
728441
728392
728345
728110
728034
728004
727694
727479
727380
727174
727157
727140
726960
726887
726842
726795
726791
726440
726433
726409
726399
725982
725946
725532
725485
725435
725378
725274
724958
724938
724834
724763
724640
724492
724380
724117
723959
723926
723715
723509
723483
723465
723384
723242
723005
722966
722958
722938
722833
722196
722190
722082
721989
721986
721717
721630
721419
721261
720866
720600
720487
720446
720308
720262
720207
720001
719829
719790
719782
719775
719761
719634
719602
719444
719439
719049
718743
718740
718623
718407
718327
718272
718222
718189
717902
717829
717771
717749
717743
717621
717427
717327
717239
717209
717143
716878
716868
716793
716700
716674
716635
716615
716532
716203
715684
715609
715584
715438
715362
715362
715240
715217
714831
714735
714595
714420
714374
714298
714190
714087
714076
713981
713895
713893
713792
713779
713649
713560
713444
713302
713156
713155
712957
712860
712789
712660
712480
712347
712316
712300
712058
711800
711748
711697
711695
711693
711533
711518
711482
711474
711399
711330
711275
711258
711223
711128
711121
711042
710855
710704
710702
710583
710533
710417
710402
710073
710060
710049
709927
709803
709510
709464
709251
709230
709060
709048
708919
708856
708817
708810
708587
708560
708448
708421
708394
708277
708259
708116
708083
708025
707973
707665
707592
707417
707350
707348
707264
707015
706955
706954
706844
706843
706813
706772
706597
706504
706487
706449
706440
706353
706313
706311
706261
706204
706114
706100
706054
705862
705831
705771
705488
705343
705329
705314
705269
705217
705180
704976
704516
704496
704420
704271
704207
704202
704010
704004
703533
703481
703478
703467
703442
703297
703225
703177
703002
702855
702617
702592
702346
702204
701974
701948
701926
701891
701582
701546
701505
701329
701273
701249
701095
700961
700902
700719
700609
700543
700252
700213
700120
700048
699914
699531
699464
699457
699450
699306
699278
699241
699025
698990
698920
698887
698564
698500
698304
698294
698199
698109
698025
697963
697938
697928
697875
697529
697434
697312
697092
696741
696730
696688
696549
696524
696473
696444
696425
696263
696228
696085
695585
695450
695418
695410
695395
695187
695170
695050
695034
694664
694652
694613
694362
694132
693986
693984
693636
693491
693410
693400
693330
693328
693308
693248
693242
693150
693138
693066
693043
692950
692931
692740
692698
692677
692394
692361
692317
692175
692092
692088
692065
691818
691737
691662
691378
691360
691182
691030
691011
690962
690908
690892
690878
690866
690855
690677
690648
690532
690486
690477
690421
690334
690286
690198
690123
690062
689786
689587
689560
689491
689421
689357
689300
689197
689070
688937
688898
688788
688563
688557
688428
688299
688170
688081
688056
688003
687959
687953
687932
687830
687705
687672
687637
687499
687414
687196
687034
686858
686773
686733
686610
686455
686426
686379
686289
686273
686136
686086
685983
685892
685843
685639
685609
685384
685314
685235
685190
685188
685175
685027
684621
684561
684472
684177
684014
683827
683791
683728
683656
683593
683447
683358
683125
682649
682526
682447
682447
682395
682178
682132
682069
682040
682013
681768
681729
681711
681182
681142
680972
680908
680873
680804
680692
680605
680574
680554
680517
680508
680480
680456
680319
680085
680061
680014
679896
679738
679482
679474
679367
679362
679268
679148
679102
678919
678834
678801
678726
678551
678350
678214
678138
677980
677780
677699
677540
677521
677472
677370
677340
677229
677094
677042
677042
676743
676609
676538
676470
676320
676318
676269
676192
676181
675845
675801
675597
675582
675550
675536
675433
675342
675180
675056
675005
674633
674607
674576
674572
674456
674456
674201
674170
674168
673897
673672
673093
673075
673073
673037
672826
672780
672713
672343
672322
672165
672134
672121
672108
671970
671936
671914
671872
671793
671532
671483
671480
671236
671214
671140
671062
670876
670542
670476
670449
670075
669912
669784
669757
669445
669372
669125
669068
668844
668844
668757
668616
668569
668556
668456
668451
668361
668297
668294
668261
668248
668206
668108
668106
668017
668007
667989
667907
667763
667652
667633
667591
667570
667490
667270
667026
666805
666800
666565
666555
666550
666445
666404
666237
666143
666064
665913
665871
665845
665652
665627
665582
665478
665462
665420
665240
665170
665013
664865
664851
664722
664683
664532
664372
664316
664145
664119
664092
663932
663895
663841
663691
663684
663611
663534
663516
663460
663270
663068
663027
663004
662871
662867
662835
662816
662768
662714
662614
662573
662526
662221
662193
662149
661883
661578
661554
661550
661515
661061
661017
660966
660948
660919
660885
660873
660816
660757
660757
660695
660567
660443
660290
660025
659890
659802
659543
659470
659467
659433
659425
659421
659356
659353
659292
659139
659063
659042
659035
659000
658864
658845
658661
658615
658578
658555
658480
658404
658327
658311
658127
658049
657951
657951
657905
657865
657603
657401
657399
657326
657322
657254
657186
657112
656997
656967
656961
656694
656672
656515
656503
656444
656260
656238
656169
656161
656130
656107
656033
655993
655917
655909
655678
655651
655638
655408
655259
655207
655079
655077
655062
655015
654946
654870
654568
654292
653908
653698
653662
653630
653486
653456
653343
653240
653220
653198
653156
653127
652570
652569
652541
652253
652250
652220
652108
652050
651989
651941
651710
651581
651544
651519
651314
651246
651231
651184
651036
650974
650867
650814
650760
650746
650703
650681
650652
650635
650499
650428
650380
650368
650258
650120
649700
649406
649258
649245
649200
649150
649142
649089
649070
648877
648804
648791
648522
648406
648293
648180
648115
647966
647827
647683
647582
647391
647249
646985
646904
646797
646682
646657
646614
646474
646461
646406
646341
646339
646181
646143
646108
645940
645937
645898
645855
645672
645424
645109
645062
645061
644940
644862
644808
644739
644722
644498
644498
644347
644172
644145
644122
644002
643965
643683
643628
643562
643271
643254
643236
643118
643011
642912
642898
642729
642549
642539
642521
642515
642450
642424
642362
642259
642165
642089
641951
641793
641620
641498
641488
641455
641427
641313
641301
641278
641177
641076
640983
640802
640644
640567
640561
640449
640276
639849
639773
639756
639717
639602
639512
639390
639381
639378
639308
639305
638999
638751
638729
638707
638594
638551
638434
638353
638309
638243
638203
638129
638126
638122
638057
637911
637868
637867
637800
637754
637560
637542
637451
637353
637338
637310
637111
637083
637052
637037
637023
636986
636986
636936
636915
636731
636659
636648
636289
636262
635878
635808
635794
635791
635591
635310
635285
635012
634960
634917
634895
634654
634651
634632
634603
634479
634453
634436
634336
634229
634227
634114
634042
634016
633909
633843
633660
633624
633533
633488
633374
633316
633306
633281
633253
633209
633131
633124
632897
632805
632724
632485
632429
632386
632340
632147
632129
632002
631980
631857
631739
631623
631499
631421
631211
631207
631140
630952
630886
630859
630783
630412
630269
630154
630144
629965
629939
629882
629854
629696
629639
629616
629485
629447
629294
629051
629017
628959
628913
628565
628438
628369
628229
628183
627927
627750
627692
627652
627602
627583
627431
627398
627363
627237
627115
626922
626920
626834
626787
626381
626368
626201
626198
626156
625976
625932
625781
625602
625568
625539
625459
625419
625362
625304
625252
625203
625083
625033
625021
624848
624796
624726
624713
624598
624396
624373
624332
624075
624023
623720
623535
623486
623465
623459
623363
623090
622813
622722
622403
622347
622273
622119
621964
621879
621825
621778
621501
621379
621337
621265
621263
621255
621167
620825
620799
620628
620206
620140
620002
619788
619773
619737
619696
619581
619122
619051
618951
618902
618874
618730
618656
618629
618566
618451
618384
617973
617972
617811
617790
617783
617627
617450
617389
617225
617142
616931
616919
616866
616788
616761
616660
616453
616185
616161
615973
615894
615777
615686
615675
615661
615645
615592
615478
615450
615306
615117
615021
614984
614970
614872
614810
614737
614675
614668
614618
614498
614466
614438
614343
614333
614301
614266
614156
613951
613944
613913
613868
613842
613829
613719
613656
613346
613300
612919
612784
612761
612633
612557
612450
612034
612002
611985
611835
611817
611792
611720
611371
611314
611265
611121
611038
610999
610993
610820
610720
610457
610350
610334
610275
610156
610000
609868
609663
609616
609404
609252
609242
609180
609180
609064
608982
608815
608814
608453
608450
608299
607854
607845
607496
607457
607364
607341
607028
606865
606842
606487
606472
606455
606410
606329
606248
605680
605534
605280
605233
604961
604846
604726
604711
604709
604557
604380
604219
604045
603930
603736
603685
603613
603408
603354
603332
603234
603171
603095
602937
602809
602695
602592
602264
601863
601805
601748
601742
601535
601533
601455
601317
601159
601018
600981
600970
600891
600835
600727
600724
600720
600701
600677
600661
600520
600438
600376
600369
600127
599993
599836
599645
599641
599572
599540
599322
599259
599211
598676
598606
598460
598370
598269
598217
598211
598125
597979
597975
597975
597967
597802
597785
597673
597588
597445
597281
597161
597145
597107
596908
596882
596757
596600
596585
596482
596418
596223
596149
595835
595749
595637
595585
595495
595494
595465
595324
595183
595154
595078
595037
595033
594925
594919
594880
594752
594647
594457
594430
594396
594160
593932
593672
593646
593620
593608
593534
593531
593529
593507
593481
593409
593382
593316
593284
592945
592891
592870
592844
592750
592693
592661
592427
592384
592359
592308
592160
592150
592141
592096
592020
591995
591907
591832
591487
591296
591178
590938
590885
590879
590647
590505
590474
590289
590140
590071
590055
589814
589290
589266
589216
589209
588978
588927
588887
588878
588745
588689
588679
588675
588639
588503
588395
588353
588343
588072
588013
587955
587948
587831
587797
587563
587494
587484
587302
587173
587007
586989
586937
586803
586796
586781
586767
586726
586582
586491
586379
586288
586284
586165
586124
586076
586044
585924
585865
585762
585478
585395
585295
585075
585003
584992
584904
584884
584871
584862
584724
584463
584443
584398
584304
584286
584113
583742
583505
583352
583155
582924
582887
582821
582818
582802
582644
582531
582507
582461
582294
581903
581894
581655
581616
581584
581498
581152
580966
580859
580831
580823
580728
580723
580695
580625
580136
580076
579991
579907
579707
579634
579575
579363
579300
579293
579258
579202
579061
578914
578786
578573
578520
578476
578426
578221
578061
578045
577948
577547
577531
577311
577219
577187
577127
576965
576274
576266
576087
575979
575919
575818
575539
575352
575283
575217
575209
575127
575074
575038
574913
574826
574616
574585
574574
574458
574383
574364
574322
574268
574033
573862
573822
573812
573761
573685
573298
573190
573163
573115
573100
573034
572939
572932
572884
572773
572602
572552
572374
572258
571993
571858
571692
571572
571382
571235
571220
571006
570879
570760
570672
570603
570413
570336
570153
569977
569841
569820
569547
569480
569423
569366
569176
569143
568747
568684
568665
568547
568245
568032
567991
567983
567484
567369
567358
567280
567252
567115
567088
566937
566924
566883
566860
566855
566854
566749
566536
566528
566093
566080
565753
565720
565258
565215
565172
564992
564811
564711
564642
564634
564600
564428
564371
564205
564059
564056
564015
563998
563947
563297
563178
563175
563013
562820
562788
562755
562688
562585
562520
562490
562438
562275
562209
562201
562054
561933
561724
561714
561631
561537
561424
561308
561303
561229
561200
561098
561079
560921
560917
560792
560644
560624
560544
560434
560164
560149
560147
560113
559863
559840
559822
559721
559630
559560
559498
559457
559443
559256
559179
559129
559119
559028
558853
558690
558675
558660
558433
558215
558064
557790
557739
557731
557625
557561
557520
557187
557146
557140
557099
557022
556902
556858
556625
556103
555939
555918
555917
555699
555616
555543
555252
555193
554981
554914
554796
554307
554124
554010
554007
553926
553200
552951
552928
552877
552460
552431
552419
552403
552311
552300
552230
552165
552018
552007
551978
551689
551657
551651
551465
551357
551299
551169
551081
551009
550820
550646
550615
550452
550397
550354
550300
550180
550104
550077
550055
550042
549993
549841
549830
549797
549699
549623
549548
549524
549469
549375
549227
549210
549151
549115
549095
549074
549018
548974
548897
548770
548743
548468
548457
548395
548289
548155
547804
547755
547667
547642
547632
547489
547411
547346
547136
547082
547048
547034
546977
546947
546769
546678
546547
546293
546290
546215
546167
546053
546015
545994
545705
545496
545490
545458
545386
545325
545187
545085
545044
544962
544875
544848
544575
544495
544436
544431
544411
544223
544218
544214
543991
543914
543877
543845
543323
543160
543107
543076
542957
542935
542817
542702
542698
542570
542515
542323
542260
542239
542146
542144
542017
542009
541930
541699
541691
541618
541470
541433
541433
541338
541325
541195
540942
540923
540773
540770
540427
540423
540313
540096
539876
539872
539790
539705
539357
539005
538899
538848
538812
538787
538696
538680
538479
538398
538393
538317
538283
538227
538133
538040
537991
537934
537816
537615
537551
537321
537301
537291
537289
537208
537104
537092
536995
536793
536738
536604
536395
536338
536289
536284
536180
536111
536110
536067
536015
535573
535498
535271
535185
535038
534932
534865
534444
534414
534360
534077
533858
533807
533785
533721
533702
533619
533305
533244
533085
533025
532703
532689
532668
532614
532546
532475
532299
532152
532087
531945
531739
531667
531478
531432
531413
531332
531255
531149
531016
530910
530834
530716
530390
530205
530195
530139
530085
530080
530032
529992
529956
529864
529863
529530
529373
529202
529194
528801
528784
528583
528457
528401
528385
528384
528175
528101
528023
527770
527571
527149
527023
526871
526834
526818
526618
526570
526514
526123
526045
525944
525931
525925
525877
525833
525767
525358
525326
525135
524869
524793
524715
524676
524553
524418
524228
524113
524085
523912
523762
523559
523011
522959
522868
522679
522653
521919
521912
521866
521854
521585
521570
521373
521289
521258
521254
521233
521131
520866
520862
520793
520748
520710
520702
520503
520455
520452
520415
520198
520126
520100
520098
519706
519593
519521
519521
519470
519409
519360
519356
519032
518897
518729
518607
518505
518438
518398
518383
518344
518284
518112
517880
517797
517682
517577
517558
517553
517482
517454
517413
517398
517291
517180
517147
517139
517023
516992
516759
516738
516672
516654
516586
516498
516442
516367
516363
516291
516227
515979
515855
515722
515675
515555
515421
515271
515115
515073
515037
515020
514980
514963
514716
514531
514345
514317
514173
514164
514137
514095
514014
513995
513952
513816
513630
513497
513419
513332
513275
513168
513054
513048
513046
512962
512961
512604
512481
512467
512353
512295
512133
512010
511738
511601
511451
510935
510897
510318
510165
510090
510073
510070
509928
509854
509809
509802
509781
509760
509735
509656
509655
509648
509532
509508
509495
509111
508976
508845
508828
508750
508678
508601
508565
508524
508513
508475
508346
508267
508251
508179
507635
507412
507410
507191
506764
506610
506538
506374
506298
505719
505704
505637
505595
505536
505502
505242
505232
505206
505114
505114
505100
505013
504714
504711
504640
504626
504568
504556
504545
504490
504276
504252
504055
503894
503749
503739
503599
503564
503546
503504
503353
503322
503256
503205
503178
503136
503130
503119
503046
503030
502975
502738
502729
502536
502512
502358
502259
502095
501604
501336
501287
501254
501209
500800
500738
500713
500606
500509
500506
500414
500354
500181
500130
499917
499872
499849
499786
499774
499748
499680
499678
499635
499631
499250
499116
499111
498971
498889
498866
498757
498708
498536
498381
498327
498173
498160
498128
497971
497743
497665
497602
497461
497401
497305
497172
497029
496770
496736
496605
496584
496529
496455
496364
496254
495936
495873
495743
495639
495639
495625
495325
495077
494760
494693
494682
494665
494535
494433
494335
494280
494234
494165
494019
493986
493846
493763
493761
493743
493702
493587
493521
493403
493377
493283
493191
493057
493036
492851
492622
492620
492549
492500
492431
492414
491727
491695
491479
491363
491333
490962
490950
490695
490673
490646
490559
490405
490390
490268
489882
489822
489815
489680
489607
489577
489571
489434
489421
489312
489228
489133
489112
488928
488731
488376
488353
488272
488114
487916
487840
487811
487613
487570
487402
487397
486676
486641
486507
486412
486394
486105
486098
486035
485877
485612
485447
485384
485123
485063
484898
484729
484619
484523
484495
484453
484429
484380
484341
484301
484206
484052
483713
483628
483567
483468
483321
483296
483283
483265
483224
483200
483115
483064
482881
482565
482064
481769
481644
481594
481519
481326
481173
481105
480950
480944
480939
480938
480675
480597
480556
480495
480457
480370
480277
480199
480085
480043
479958
479859
479808
479735
479422
479282
479116
478806
478724
478652
478649
478531
478368
478328
478144
478064
477984
477976
477882
477808
477774
477764
477734
477663
477652
477595
477499
477437
477206
477060
476999
476904
476893
476872
476685
476409
476375
476303
476232
476103
476077
475961
475949
475929
475845
475782
475769
475743
475673
475473
475169
475168
475045
474983
474982
474905
474826
474817
474694
474690
474615
474608
474593
474380
474307
474179
473581
473549
473539
473516
473458
473441
473093
472974
472837
472612
472499
472449
472261
472102
472038
472027
471795
471775
471766
471726
471571
471496
471480
471100
470997
470904
470903
470878
470775
470681
470644
470627
470613
470379
470332
469950
469948
469903
469730
469543
469437
469363
469323
469270
469028
469019
468873
468712
468609
468600
468560
468418
468404
468374
468349
468047
468025
467932
467837
467747
467732
467651
467584
467428
467337
467335
467239
467136
466985
466800
466781
466604
466516
466418
466352
466346
466336
466286
466180
466175
466165
466085
465698
465557
465548
465226
465224
465218
465040
464812
464749
464440
464197
464151
464088
464059
463964
463852
463799
463687
463354
463255
463243
463135
462887
462848
462819
462733
462626
462513
462392
462382
462326
462292
462281
462276
462114
462044
461940
461893
461891
461807
461763
461611
461487
461374
461346
461223
461072
461027
460610
460586
460483
460308
460218
460098
460069
459484
459470
459429
459405
459184
459172
458982
458929
458561
458496
458456
458454
458372
458181
458155
457568
457557
457533
457455
457320
457259
457251
457216
456983
456886
456844
456772
456592
456413
456383
456354
456350
456343
456299
456089
456049
455966
455921
455815
455750
455632
455441
455343
455299
455262
455159
455125
455105
455101
455085
454790
454758
454635
454569
454547
454477
453987
453966
453930
453856
453198
453070
452954
452921
452917
452903
452687
452666
452603
452594
452503
452499
452465
452464
452304
452275
452168
452159
452026
451942
451805
451571
451521
451493
451426
451341
451133
450896
450823
450647
450398
450351
450249
450063
449696
449528
449419
449388
449187
449073
449005
448949
448867
448522
448510
448462
448340
448308
448254
448046
448042
447927
447698
447674
447647
447476
447254
447195
447152
447077
446830
446662
446559
446451
446416
446337
446293
446236
446197
446129
446093
445998
445994
445908
445876
445872
445832
445764
445081
445057
444956
444946
444927
444815
444776
444755
444680
444612
444542
444469
444458
444433
444404
444233
444072
443952
443894
443798
443789
443660
443587
443284
443183
443081
442806
442699
442696
442680
442639
442638
442558
442370
442350
442349
442194
442189
441742
441639
441638
441631
441586
441502
441374
441353
441300
441273
441187
441186
441001
440947
440945
440783
440644
440567
440518
440383
440366
440274
440242
440224
440176
440169
439862
439797
439713
439689
439686
439518
439446
439394
439228
439133
439081
439077
439065
438995
438929
438925
438827
438819
438691
438687
438542
438511
438164
438137
438054
437941
437764
437644
437492
437276
437001
436993
436742
436608
436435
436324
436145
436062
435831
435604
435416
435372
435367
435328
435303
435271
435248
435208
435058
435019
434997
434981
434867
434802
434774
434758
434631
434569
434548
434536
434219
434134
434123
434050
434010
433938
433754
433462
433428
432852
432651
432551
432487
432454
432436
432432
432366
432251
432216
432139
432056
431879
431716
431711
431632
431573
431472
431456
431418
431383
431141
431111
431065
430973
430759
430681
430627
430620
430489
430235
430211
430056
430022
429962
429942
429897
429816
429682
429323
429242
429165
429105
429051
429040
428798
428764
428729
428530
428480
428475
428448
428322
428255
428193
428056
427925
427895
427830
427602
427565
427492
427240
426781
426724
426469
426451
426430
426250
426249
426238
426158
426034
425866
425624
425439
425070
425029
424993
424870
424769
424721
424691
424628
424618
424604
424563
424526
424380
424370
424255
424212
424188
424124
423995
423904
423851
423837
423790
423686
423609
423609
423581
423392
423376
423290
423266
423197
423028
423009
422895
422862
422753
422751
422721
422534
421988
421807
421659
421647
421457
421386
421374
421335
421089
421085
420880
420833
420763
420706
420680
420530
420351
419998
419953
419931
419836
419769
419686
419574
419269
419022
418986
418867
418794
418793
418684
418509
418471
418416
418400
418196
418147
417782
417749
417636
417604
417442
417430
417284
417260
417226
416654
416473
416346
416186
416129
415989
415966
415775
415559
415545
415482
415472
415135
415096
415091
414796
414727
414682
414680
414308
414255
414143
414080
414067
414017
413969
413937
413917
413671
413632
413420
413234
413222
413197
413027
412970
412947
412937
412934
412930
412850
412503
412468
412411
412346
412203
412140
412128
411809
411729
411721
411663
411530
411523
411492
411451
411361
411233
411185
411084
411069
410584
410576
410456
410440
410407
410303
410282
410212
410189
410066
410061
409975
409957
409881
409802
409757
409650
409566
409458
409454
409290
409258
409258
409222
409206
409145
408965
408960
408901
408847
408613
408568
408484
408458
408436
408170
407941
407834
407765
407599
407553
407520
407491
407444
407288
407211
407195
407098
407076
406865
406746
406701
406644
406489
406475
406076
405955
405744
405466
405405
405285
405246
405085
405083
405042
405019
404825
404258
404087
403984
403958
403767
403737
403698
403598
403589
403504
403500
403385
403381
403374
403357
403337
403289
403111
403009
402964
402820
402804
402789
402749
402736
402717
402702
402607
402602
402555
402540
402523
402486
402339
402335
402317
402302
402250
402184
402038
401409
401308
401260
401256
401205
401171
400827
400799
400788
400534
400481
400429
400303
400116
399964
399955
399795
399772
399764
399677
399524
399523
399488
399472
399199
399084
398764
398615
398577
398494
398451
398327
398267
397579
397415
397346
397333
397321
397314
397263
397255
397248
397243
397169
397041
397012
396955
396899
396836
396508
396430
396395
396343
396342
396151
396060
395959
395556
395340
395072
395041
395033
394984
394971
394963
394882
394807
394717
394652
394495
394440
394410
394112
394041
393944
393823
393815
393810
393655
393651
393433
393422
393406
393386
393266
393190
392923
392734
392677
392661
392600
392343
392118
392102
391982
391962
391895
391804
391487
391325
391136
390805
390739
390718
390674
390606
390554
390541
390399
390138
390133
389924
389865
389857
389823
389680
389647
389631
389529
389512
389359
389129
389120
388976
388624
388569
388290
388262
388138
388119
387773
387631
387580
387516
387237
387193
387183
387095
387061
387023
386764
386614
386540
386223
386172
386042
385894
385865
385794
385746
385643
385600
385437
385364
385350
385316
385187
385038
384886
384854
384854
384814
384783
384716
384590
384482
384481
384252
384232
383996
383763
383571
383523
383370
383332
383036
382999
382958
382779
382614
382590
382343
382257
382048
382019
381916
381843
381709
381422
381351
381272
380933
380924
380835
380588
380506
380466
380261
379909
379836
379817
379766
379759
379642
379617
379387
379209
379020
378827
378724
378660
378558
378474
378438
378426
378294
378241
378215
377893
377885
377829
377664
377499
377463
377459
377325
377044
376957
376924
376704
376663
376649
376619
376614
376545
376338
376321
376177
376120
376034
375972
375966
375935
375836
375773
375741
375701
375566
375441
375427
375368
375324
375268
375052
375042
374993
374980
374951
374855
374751
374731
374727
374662
374656
374500
374314
374303
374254
374076
373873
373852
373668
373578
373567
373464
373385
373220
373093
373027
372976
372974
372665
372629
372306
372292
372223
372103
371948
371807
371787
371692
371671
371594
371549
371519
371475
371351
371256
371239
371235
371142
371130
371009
370977
370894
370632
370597
370587
370520
370221
370065
370044
370008
369925
369908
369754
369750
369626
369620
369476
369463
369434
369343
369335
369212
369207
369184
369134
369056
368912
368819
368589
368520
368491
368362
368302
368260
368101
367832
367824
367805
367623
367451
367309
367099
366921
366794
366792
366675
366666
366216
366128
366102
365999
365998
365953
365837
365662
365610
365466
365464
365340
365035
364776
364468
364310
364251
364192
364150
364093
363964
363927
363911
363895
363727
363659
363507
363499
363485
363424
363387
363359
363168
363163
362946
362778
362542
362273
362225
362199
362151
362066
362047
361991
361728
361683
361621
361442
361325
361319
361290
361181
361049
361005
360982
360928
360890
360755
360726
360647
360538
360522
360344
360281
360155
360144
360062
359942
359834
359709
359640
359463
359391
359378
359109
358983
358940
358889
358889
358876
358321
358314
358253
358218
358067
357995
357927
357907
357787
357729
357712
357470
357446
357429
357373
357086
357081
357035
356922
356815
356809
356778
356757
356746
356620
356579
356525
356479
356400
356367
356322
356277
356266
356105
356075
355995
355862
355785
355600
355526
355493
355429
355350
355317
355200
355175
354914
354829
354726
354687
354575
354518
354435
354375
354303
354302
354277
354152
354143
354140
354134
354121
354094
354047
353906
353765
353711
353607
353573
353454
353409
353361
353314
352484
352355
352234
352123
352119
351958
351895
351750
351694
351630
351556
351453
351424
351358
351286
351195
351158
351037
351035
351014
351007
350900
350778
350686
350650
350645
350629
350576
350250
349874
349818
349715
349604
349469
349317
349314
349146
349095
349026
348914
348846
348689
348585
348582
348357
348328
348220
348213
348141
348136
348024
348009
347998
347938
347930
347906
347887
347857
347721
347687
347675
347498
347428
347089
347061
347006
346968
346943
346759
346720
346690
346653
346643
346474
346307
346236
346235
346139
346083
345978
345856
345832
345706
345642
345567
345445
345406
345398
345331
345064
345028
344785
344689
344529
344478
344216
344153
344054
344018
343986
343868
343812
343751
343683
343682
343661
343627
343486
343451
343274
343208
342938
342867
342686
342536
341776
341776
341276
341178
341001
340937
340442
340435
340432
340411
340261
340252
340185
340079
339892
339875
339753
339645
339381
339281
339259
339229
339047
339029
339025
338971
338692
338615
338483
338438
338366
338269
338124
338019
337921
337907
337744
337704
337698
337484
337457
337343
337190
337083
336899
336735
336488
336247
335996
335976
335747
335621
335601
335509
335388
335207
335121
335058
334954
334777
334732
334682
334641
334527
334383
334335
334263
334229
334219
334182
334173
334123
333863
333818
333719
333699
333695
333499
333373
333119
333046
332951
332922
332800
332626
332586
332550
332447
332319
332284
332125
331985
331791
331778
331697
331629
331556
331535
331478
331467
331434
331425
331236
331221
331045
330980
330935
330863
330855
330685
330641
330561
330466
330428
330203
330092
330000
329810
329802
329781
329735
329520
329442
329422
329253
329193
329085
328975
328843
328804
328731
328628
328614
328507
328335
328323
328158
327940
327648
327439
327399
327254
327249
327243
327216
327105
326979
326951
326927
326708
326663
326645
326626
326574
326524
326374
326322
326153
325859
325714
325480
325438
325383
325370
325332
325213
325201
325190
325028
324853
324850
324788
324731
324704
324386
324200
324121
323883
323834
323694
323623
323486
323339
323327
323273
323199
323172
322835
322816
322712
322674
322586
322487
322456
322257
321932
321713
321616
321616
321614
321378
321325
321153
321030
320966
320669
320448
320429
320420
320226
320142
320090
320069
319995
319794
319713
319569
319554
319146
318824
318639
318549
318469
318425
318231
318066
318046
318014
317732
317550
317513
317412
317373
317159
317145
317133
317115
317106
316968
316806
316644
316568
316467
316460
316444
316436
316304
316235
316089
316082
316067
316061
316022
316012
315958
315871
315788
315685
315452
315420
315372
315326
315206
315181
315060
315042
314984
314766
314624
314471
314037
313929
313929
313820
313760
313512
313483
313438
313396
313393
313289
313222
313062
312726
312545
312505
312420
312375
312292
311979
311909
311797
311637
311451
311361
311105
311050
310972
310886
310783
310741
310725
310423
310369
310329
310273
310218
310004
309876
309837
309711
309648
309558
309532
309503
309181
309045
309009
308899
308891
308773
308720
308709
308682
308675
308551
308497
308177
308177
308101
308075
308011
307996
307977
307927
307898
307880
307677
307659
307559
307508
307328
306954
306846
306736
306673
306608
306450
306181
306055
306051
306000
305941
305899
305795
305526
305512
305478
305341
305335
305251
305230
305198
305172
305033
304432
304338
304217
304106
303899
303887
303853
303764
303734
303595
303585
303499
303453
303405
303234
303200
303192
302712
302547
302228
302213
302195
302031
301910
301887
301861
301788
301774
301762
301744
301630
301396
301061
301033
301026
300919
300846
300791
300764
300660
300576
300531
300374
300323
300304
300224
299953
299618
299374
299203
299125
299008
298805
298736
298735
298562
298561
298496
298484
298379
298308
298240
297529
297491
297401
297336
297324
297293
297174
297162
297051
297038
296991
296939
296857
296765
296729
296655
296640
296564
296482
296457
296421
295873
295865
295863
295528
295374
295254
295223
294976
294741
294661
294622
294527
294519
294197
294153
294063
293934
293693
293583
293556
293405
293377
293201
293012
292834
292596
292583
292573
292548
292490
292245
292148
292092
291989
291983
291944
291933
291871
291870
291768
291606
291328
291214
290887
290749
290424
290267
290017
289954
289702
289537
289536
289494
289475
289276
289185
289102
289023
289014
288900
288769
288716
288678
288579
288445
288389
288187
288058
287913
287805
287788
287730
287716
287671
287464
287146
286729
286714
286603
286542
286313
286126
286067
285785
285781
285721
285614
285601
285538
285477
285377
285206
285155
285058
284987
284780
284555
284490
284425
284302
284203
284008
283909
283829
283459
283423
283295
283254
283197
283172
283057
282947
282778
282719
282669
282624
282487
282400
282374
282341
282250
282139
281852
281743
281610
281596
281157
281117
281095
281030
280883
280697
280686
280676
280636
280611
280388
280314
280257
280184
280178
279943
279791
279773
279747
279654
279633
279620
279606
279190
279158
279054
278787
278668
278617
278484
278424
278389
278310
278194
278074
278037
277936
277820
277740
277728
277699
277599
277274
277172
277149
277018
276998
276980
276965
276957
276934
276888
276730
276700
276617
276552
276260
275237
275205
275195
275102
275008
274999
274981
274965
274883
274825
274734
274656
274578
274541
274484
274427
274305
274231
273940
273843
273665
273641
273590
273566
273415
273321
273218
273145
273001
272913
272808
272769
272741
272688
272675
272545
272542
272283
272216
272180
272047
271838
271819
271747
271643
271554
271522
271507
271493
271486
270944
270836
270799
270762
270732
270590
270503
270405
270383
270357
270326
270265
270147
270140
270112
269979
269596
269586
269493
269475
269360
269332
269170
269073
269039
268951
268947
268938
268868
268806
268781
268710
268288
268255
268109
268085
267911
267903
267820
267791
267773
267300
267127
267008
266820
266793
266786
266613
266575
266275
266274
266254
266252
266216
266214
266200
265822
265812
265780
265702
265578
265517
264991
264973
264960
264953
264878
264855
264737
264712
264643
264627
264624
264572
264219
263945
263741
263681
263651
263521
263483
263432
263330
263168
263121
263039
262989
262864
262808
262729
262674
262648
262562
262557
262454
262449
262304
262245
262191
262109
262105
261902
261858
261733
261323
261299
261279
261172
261144
261082
260899
260858
260737
260539
260412
260286
260168
260167
260108
260003
260002
259997
259990
259921
259917
259897
259527
259516
259396
259202
259099
258935
258782
258753
258539
258509
258402
258210
258167
258014
257993
257776
257692
257577
257569
257319
256913
256674
256091
255931
255817
255759
255741
255704
255663
255619
255452
255406
255361
255169
255004
254841
254835
254770
254761
254646
254634
254553
254524
254458
254433
254365
254282
254281
254199
254072
253939
253867
253838
253615
253543
253429
253196
252896
252858
252818
252769
252748
252689
252635
252432
252403
252306
252230
252216
252075
251962
251800
251794
251732
251715
251618
251588
251350
251045
250756
250736
250721
250626
250559
250317
250206
250176
250074
249757
249735
249645
249575
249130
248977
248911
248881
248834
248771
248751
248530
248408
248369
248233
248153
248094
248081
248007
247976
247629
247616
247607
247401
247093
246941
246858
246852
246746
246667
246550
246337
245929
245801
245682
245581
245397
245192
245087
245058
245041
244950
244917
244907
244811
244799
244789
244689
244650
244418
244385
244328
244174
243957
243933
243899
243649
243579
243486
243439
243384
243047
242976
242880
242817
242777
242685
242668
242592
242573
242498
242385
242261
242233
242154
241718
241689
241662
241333
241274
241178
240931
240914
240810
240804
240713
240676
240417
240136
240014
239951
239825
239806
239754
239611
239473
239459
239402
239396
239392
239375
239347
239336
239124
238875
238780
238423
238374
237974
237772
237753
237743
237703
237698
237660
237624
237582
237475
237424
237247
237170
237167
237157
237020
236994
236891
236742
236390
236324
236295
236049
236024
235964
235913
235659
235605
235527
235333
235139
234958
234925
234879
234863
234746
234649
234243
233935
233904
233845
233799
233679
233655
233641
233329
233036
232958
232756
232473
232320
232264
232058
231796
231706
231556
231395
231373
231288
231214
231169
231157
231088
230853
230831
230763
230739
230703
230674
230562
230449
230440
230430
230417
230192
229978
229852
229736
229701
229687
229540
229400
229400
229359
229107
229053
229049
228657
228600
228455
228179
228039
228018
227806
227583
227572
227571
227504
227451
227441
227187
227103
227042
226896
226666
226665
226563
226470
226420
226381
226308
226192
225883
225846
225698
225685
225654
225642
225427
225262
225103
224803
224785
224456
224454
224387
224341
224198
224189
223896
223835
223826
223742
223376
223345
223284
223170
223137
222947
222811
222675
222611
222563
222510
222343
222340
222126
222012
221914
221877
221691
221671
221637
221589
221499
220969
220805
220784
220691
220504
220492
220460
220342
220309
220221
220092
220073
220057
219993
219772
219664
219481
219473
219402
219355
219300
219120
219011
218916
218799
218796
218748
218734
218487
218287
218229
218191
218080
218007
217959
217940
217905
217840
217814
217771
217662
217575
217541
217393
217384
217298
217250
217193
217166
217157
217148
217119
217100
217088
217076
217071
216981
216535
216116
216027
215909
215850
215729
215678
215531
215312
214988
214874
214763
214738
214717
214410
214405
214367
214326
214191
214145
214019
213948
213940
213899
213863
213531
213372
213329
213295
213265
213164
213072
213034
212856
212813
212638
212425
212329
212298
212046
211860
211848
211803
211679
211591
211568
211485
211451
211415
211397
211300
211192
211188
211124
211032
210957
210938
210881
210756
210754
210557
210546
210383
210366
210169
210031
209955
209825
209746
209692
209489
209431
209427
209404
209386
209303
209234
209050
209039
209014
209007
208993
208956
208938
208925
208810
208644
208537
208535
208385
208364
208159
208145
208033
207660
207586
207543
207496
207449
207446
207340
207309
207286
207195
207115
206986
206779
206570
206561
206368
206337
206202
205942
205931
205725
205553
205217
205198
204987
204795
204764
204575
204558
204444
204221
204170
204111
204043
204015
203957
203763
203729
203207
203040
202999
202737
202734
202687
202584
202430
202336
202286
202256
202254
202216
202100
201891
201651
201479
201421
201404
201380
201285
201283
201268
200927
200783
200765
200492
200353
200348
200347
200130
200040
199872
199786
199746
199730
199711
199626
199608
199367
199217
198750
198724
198676
198591
198590
198414
198314
198248
198193
197981
197973
197913
197773
197678
197666
197644
197557
197425
197334
197243
197163
197148
197133
196906
196842
196770
196758
196746
196719
196075
196021
195982
195899
195827
195800
195751
195635
195614
195565
195407
195329
195260
195080
195061
194836
194745
194511
194495
194467
194385
194315
194135
194005
193989
193957
193953
193941
193905
193580
193549
193436
193114
192985
192980
192879
192800
192627
192615
192108
192102
191956
191941
191691
191489
191469
191072
191068
191017
190958
190837
190808
190530
190386
190339
190193
190104
190053
189811
189697
189606
189453
189442
189266
189260
189151
189077
188975
188949
188683
188552
188430
188417
188310
188234
188191
188185
188037
187925
187894
187681
187579
187500
187355
187245
187067
186948
186892
186575
186549
186271
186134
186095
186073
185953
185925
185823
185810
185798
185776
185739
185689
185663
185562
185530
185490
185351
184957
184937
184836
184624
184603
184521
184030
183874
183769
183711
183311
183225
183162
183096
183062
182898
182879
182655
182593
182475
182446
182420
182277
182271
182235
182207
182018
181829
181795
181756
181377
180979
180959
180852
180556
180554
180459
180341
180337
180319
180315
179707
179660
179657
179637
179523
179473
179465
179256
179236
179109
178763
178696
178429
178295
178275
178181
178109
178001
177847
177781
177771
177654
177461
177453
177360
177229
177089
177045
176828
176707
176532
176490
176428
176329
176216
176162
176161
176107
176086
175961
175959
175840
175648
175613
175542
175475
175272
175256
174918
174800
174730
174672
174646
174601
174569
174242
174181
173809
173765
173760
173722
173616
173534
173341
173246
173038
172900
172768
172543
172476
172460
172434
172210
172162
172112
171820
171804
171794
171772
171765
171751
171569
171499
171499
171344
171163
171139
171101
171004
170975
170956
170825
170768
170745
170644
170528
170447
170366
170217
170191
170167
170151
170021
170017
169821
169703
169622
169605
169542
169264
169218
169062
168823
168523
168495
168491
168377
168357
168246
168220
168144
168111
167855
167844
167665
167623
167503
167471
167450
167423
167349
167330
167289
167240
167137
167132
166979
166916
166890
166772
166772
166759
166733
166697
166457
166392
166278
166216
166010
165966
165893
165634
165574
165516
165509
165441
165427
165376
165369
165346
165293
165047
164699
164480
164462
164283
164000
163929
163809
163766
163752
163742
163568
163478
163466
163403
163336
163225
163104
163045
162980
162891
162878
162784
162763
162737
162723
162709
162641
162594
162449
162304
162037
162011
161942
161846
161846
161843
161826
161765
161759
161714
161495
161489
161353
161327
161266
161027
160999
160921
160864
160831
160830
160730
160591
160490
160455
160398
160251
160242
159892
159639
159539
159326
158945
158726
158720
158685
158561
158538
158492
158488
158430
158359
158340
158316
158134
157994
157646
157614
157555
157360
157130
157097
156987
156964
156939
156814
156674
156631
156624
156529
156427
156334
156332
156297
156110
156048
156036
155822
155657
155610
155573
155388
155365
155209
154912
154869
154818
154665
154653
154563
154291
154213
154100
154063
154018
153735
153705
153578
153467
153463
153264
152767
152681
152660
152631
152620
152543
152540
152489
152478
152468
152464
152421
152358
152355
152325
151999
151917
151867
151760
151635
151603
151465
151323
151265
151212
151184
151086
150990
150970
150919
150873
150704
150616
150514
150397
150340
150311
150251
150128
150075
149748
149656
149624
149492
149427
149416
149195
149036
148955
148790
148779
148626
148590
148225
148099
147966
147923
147841
147807
147749
147691
147652
147596
147513
147488
147279
147262
147251
147227
147185
147158
147078
146828
146819
146596
146534
146529
146443
146350
146328
146311
146089
146062
146051
146039
146017
145596
145584
145399
145367
145222
145206
145182
145037
145018
144941
144909
144886
144701
144640
144616
144526
144519
144507
144403
144355
144120
144101
144087
144013
143956
143845
143554
143501
143499
143454
143337
143110
143076
143006
142974
142720
142706
142505
142471
142449
142351
142166
142140
142132
142025
141957
141914
141600
141555
141511
141484
141428
141387
141120
141037
141021
140950
140906
140789
140686
140679
140488
140463
140108
140068
139901
139535
139351
139171
139156
139148
138979
138922
138773
138657
138648
138575
138546
138433
138228
137913
137795
137773
137576
137382
137241
137110
137073
136921
136861
136833
136787
136714
136579
136550
136550
136480
136417
136388
136316
136219
136129
136115
136102
136038
135971
135954
135938
135653
135596
135500
135444
135142
135077
134990
134967
134930
134704
134629
134492
134307
133748
133710
133629
133550
133505
133497
133333
133288
133283
132973
132945
132929
132889
132639
132543
132326
132174
131980
131961
131910
131849
131754
131715
131473
131432
131355
131319
131176
131109
130873
130610
130597
130533
130488
130466
130364
130362
129945
129926
129913
129358
129287
129172
128853
128834
128718
128668
128661
128550
128231
127897
127861
127831
127777
127710
127589
127511
127494
127456
127311
127295
127274
126961
126908
126848
126701
126487
126372
126357
126352
126187
125845
125794
125552
125509
125262
125118
124971
124870
124686
124681
124679
124619
124589
124546
124497
124255
124232
124228
124191
124012
123988
123925
123861
123726
123706
122906
122824
122739
122716
122446
122390
122334
122299
122261
122150
121873
121794
121683
121643
121629
121629
121508
121487
121458
121434
121403
121378
121361
121036
121004
120952
120943
120723
120700
120700
120626
120622
120599
120477
120355
120313
120228
120079
120071
120017
119735
119322
119317
119158
119030
118955
118914
118800
118602
118533
118390
118339
118026
117981
117913
117886
117850
117817
117606
117548
117502
117338
117074
116968
116921
116850
116699
116668
116627
116585
116515
116507
116432
116388
116341
116261
116258
116193
116091
116013
115879
115656
115537
115521
115498
115402
115399
115341
115317
115259
115120
115009
114840
114703
114575
114499
114355
114351
114122
113929
113891
113699
113657
113561
113433
113392
113260
113090
112988
112904
112901
112734
112658
112496
112450
112342
112244
112173
112002
111933
111916
111841
111811
111789
111357
111320
111019
110906
110754
110735
110695
110670
110656
110583
110578
110462
110421
110407
110405
110403
110371
110139
110130
109910
109853
109836
109834
109779
109712
109660
109504
109488
109251
109163
109032
108975
108785
108775
108693
108514
108314
108272
108269
108268
108267
108265
108227
108155
108094
108040
107850
107697
107681
107563
107328
107310
107155
106988
106968
106866
106819
106788
106751
106684
106560
106508
106430
106410
106379
106112
106043
105905
105823
105607
105592
105569
105494
105326
105323
105299
105296
105259
105128
105047
104975
104900
104865
104773
104722
104521
104511
104479
104424
104366
104331
104228
104198
104147
104030
103929
103704
103560
103541
103526
103309
103269
103202
103182
103021
102984
102899
102840
102703
102590
102534
102459
102309
102270
102134
102124
102111
102029
101605
101556
101518
101440
101418
101322
101247
100983
100867
100729
100726
100455
100417
100367
100189
100116
100113
100102
100096
100084
99830
99758
99693
99548
99437
99324
99316
99056
98838
98722
98551
98474
98385
98259
98039
98021
98018
98016
97802
97695
97432
97229
97048
97018
96961
96722
96522
96359
96291
96118
96083
96072
96055
95993
95985
95978
95922
95877
95848
95765
95748
95695
95679
95646
95598
95479
95307
95270
95205
95050
95031
95011
94920
94731
94236
94187
94154
94024
93972
93619
93615
93585
93476
93438
93299
93227
93108
93104
92989
92786
92649
92077
92061
92016
91986
91900
91821
91809
91731
91456
91144
91011
90837
90831
90701
90471
90457
90397
90320
90255
90136
89986
89834
89803
89779
89774
89769
89524
89485
89425
89400
89357
89210
88798
88782
88769
88754
88677
88663
88455
88130
88113
87779
87763
87727
87680
87521
87327
87067
87046
86889
86882
86821
86435
86420
86374
86346
85813
85712
85584
85526
85525
85440
85434
85325
85296
85194
85040
85026
84882
84867
84836
84799
84734
84669
84650
84644
84358
84353
84276
84220
84201
84146
84072
84007
83983
83968
83918
83872
83516
83427
83415
83214
83123
82914
82598
82538
82365
82362
82353
82301
82247
82189
82128
82091
82086
82057
82041
81760
81718
81715
81709
81706
81684
81605
81460
81428
81266
81182
80890
80848
80684
80605
80564
80357
80310
80170
80067
79939
79873
79868
79797
79737
79398
79256
78999
78809
78754
78729
78416
78372
78360
78305
78237
77690
77623
77591
77556
77542
77324
76825
76767
76596
76503
75851
75467
75365
75190
75123
74329
74305
73943
73890
73878
73811
73745
73658
73571
73404
73304
73046
72743
72483
72441
72370
72188
72130
72112
71818
71757
71686
71551
71452
71429
71422
71400
71373
71348
71212
71107
70951
70891
70828
70670
70637
70631
70593
70291
70265
70022
69959
69924
69777
69685
69620
69606
69582
69581
69577
69557
69388
69253
69032
69022
68808
68774
68694
68657
68492
68398
68346
68117
68053
67934
67858
67491
67322
67275
67206
66989
66959
66951
66783
66490
66373
66361
66236
66231
66103
66043
65979
65888
65870
65758
65756
65743
65710
65613
65519
65437
65395
65332
65304
65289
65283
65213
65052
64715
64676
64452
64448
64301
64126
64052
64048
64010
64007
63885
63835
63390
63364
63147
63083
62903
62883
62759
62755
62550
62500
62258
62257
62198
62055
61978
61940
61862
61811
61573
61459
61348
61229
61189
61116
61009
60956
60870
60817
60667
60508
60416
60071
59941
59794
59758
59463
59325
58994
58904
58812
58458
58224
57974
57949
57838
57631
57439
57314
57181
57097
57040
56936
56819
56788
56629
56597
56560
56523
56307
56266
56259
55968
55106
54951
54768
54753
54752
54690
54493
54236
54054
53775
53753
53744
53688
53648
53640
53637
53576
53519
53499
53464
53352
53195
52996
52735
52379
52278
52212
52188
52087
51663
51626
51420
51353
51145
51084
51072
51015
50991
50905
50785
50708
50698
50600
50592
50568
50273
50245
50039
50010
49980
49901
49774
49578
49498
49459
49458
49422
49317
49052
48982
48957
48942
48924
48866
48703
48621
48502
48241
47916
47840
47548
47514
47431
47147
47103
46900
46809
46674
46664
46649
46610
46506
46468
46449
46422
46314
46283
46217
46147
45935
45856
45854
45816
45815
45795
45782
45719
45657
45582
45431
45214
45197
44835
44801
44734
44718
44707
44702
44352
44286
44213
44146
44044
43993
43976
43607
43606
43598
43550
43519
43476
43429
43336
43253
43204
43196
43178
43059
43027
42884
42878
42810
42638
42605
42601
42568
42516
42450
42406
42400
42291
42261
42214
41994
41922
41679
41560
41515
41330
41291
41263
41005
40800
40777
40518
40476
40347
40283
40241
40227
40216
40175
40161
40147
40101
40090
40039
40036
39847
39698
39661
39594
39419
39262
39070
38980
38728
38591
38576
38480
38466
38271
38159
38135
38080
38011
37770
37679
37412
37397
37202
37191
37173
37154
36888
36814
36799
36651
36625
36596
36474
36348
36342
36119
36089
35938
35716
35626
35547
35437
35387
35251
34895
34748
34740
34703
34673
34669
34574
34528
34521
34505
34355
34263
34042
33875
33849
33813
33703
33544
33538
33334
33119
33107
33077
32873
32867
32817
32742
32718
32641
32633
32538
32339
32274
32192
32179
32094
31749
31598
31598
31580
31570
31503
31486
31260
31166
31121
30804
30740
30557
30447
30279
30229
29954
29939
29635
29552
29542
29293
29243
29146
29082
29054
29038
28960
28951
28928
28620
28591
28577
28575
28361
28288
28169
28097
27993
27956
27950
27726
27578
27539
27537
27458
27377
27317
27278
27033
26787
26718
26686
26622
26520
26514
26388
26208
26203
26017
25935
25847
25806
25757
25601
25481
25471
25469
25373
25303
25204
25077
25006
24929
24917
24446
24363
24351
24297
24203
24093
24030
24017
23929
23889
23829
23595
23249
23079
23055
23042
23019
22995
22906
22842
22821
22782
22687
22669
22605
22527
22373
22311
22197
22056
22035
21983
21744
21743
21688
21683
21654
21547
21476
21319
21210
21201
21178
20941
20774
20652
20457
20310
20133
20117
20071
19874
19637
19636
19476
19180
19173
19166
19111
19032
18958
18780
18755
18710
18694
18641
18491
18407
18381
18265
18030
17801
17745
17666
17644
17509
17362
17303
17291
17124
16996
16758
16454
16308
16298
16284
16251
16032
16027
15932
15619
15575
15571
15544
15506
15502
15444
15202
14985
14966
14965
14871
14806
14746
14723
14631
14594
14356
14309
14297
14230
14147
14121
14100
13889
13845
13841
13796
13302
13301
13249
13045
13040
12771
12489
12218
12077
11960
11580
11502
11401
11393
11295
11200
11059
11000
10995
10840
10752
10601
10481
10448
10393
10176
10134
10111
10101
9899
9770
9704
9673
9655
9533
9448
9430
9407
9329
9042
8886
8836
8774
8620
8485
8469
8364
8232
8162
8154
7888
7837
7760
7709
7667
7533
7476
7455
7428
7417
7415
7397
7357
7316
7264
7253
7229
7154
7010
6805
6752
6736
6735
6517
6298
6215
5910
5857
5738
5441
5440
5394
5258
5156
4964
4725
4711
4579
4451
4426
4341
4268
4062
3922
3876
3557
3538
3389
3368
3261
3225
3199
3080
3014
2882
2755
2580
2472
2326
2026
1946
1932
1916
1720
1650
1598
1595
1576
1567
1466
1366
1351
1299
1229
1198
1100
1061
861
761
690
539
478
387
265
252
