145222
217814
145367
299953
217840
172728
145399
442696
300224
255384
217959
194836
172768
158492
145584
619778
443081
349818
300323
274903
255406
235489
218007
206986
194855
183609
172900
166349
158538
151465
145596
768270
619788
520862
443243
391033
349874
315685
300647
289380
274981
264878
255452
245929
235527
226920
218138
213295
207115
201408
195071
188234
183711
178696
173246
170151
166392
162304
158561
155455
151506
147807
145985
868169
768525
679367
619960
567038
520992
480027
443284
416802
391487
369056
350900
332125
315788
308011
300791
292834
289475
282778
275102
270405
264930
260002
255663
250068
246337
241157
235683
230430
227187
222611
218191
216682
213329
209039
207195
204897
201421
198193
195080
191211
188310
186073
183769
180720
178716
175256
173289
171344
170167
168144
166457
164480
162449
160398
158654
157097
155573
152660
151603
150397
147841
146828
146017
927547
868271
819621
769047
729843
679819
646339
620249
595465
567088
547151
521389
499678
480043
459184
443665
430909
417226
402523
392118
379483
369134
360375
351037
343451
332236
323199
316012
311421
308431
305251
301026
296482
293012
291328
289536
286431
283197
279654
275237
273641
270503
268951
265051
262648
260003
258239
255741
252403
250176
248751
246852
242880
241178
238977
235744
232935
230674
228600
227441
225103
222662
220492
218287
217662
216734
214792
213372
211415
209050
208364
207286
205553
204904
202737
201479
200130
198414
196758
195260
193833
191469
189077
188430
187579
186095
185663
183874
182446
180894
179660
178763
177453
175648
174249
173341
172460
171499
171082
170171
169605
168220
167423
166697
165634
164699
163225
162594
161495
160455
159539
158685
158172
157130
156624
155610
154653
152681
152397
151635
150923
150514
149624
147923
147301
146854
146089
146039
959536
928238
899103
869816
841326
820100
797680
769059
749423
730468
703453
681205
664221
646461
633122
621057
609981
595585
582695
567533
557790
547326
535242
521915
508921
499901
491019
480051
470824
459294
450914
443789
438819
432141
426724
417430
410407
402607
396186
392239
384854
379527
374731
369184
363895
360928
356757
351358
348009
343486
339047
332284
328804
323486
320448
316067
313483
311451
309642
308551
306450
305341
303764
301545
299125
296655
293693
293267
292276
291606
290749
289666
288716
286542
284785
283324
281852
279747
277740
276723
274825
273843
272688
271486
270054
269039
267127
265550
263681
262729
261862
260108
259202
258402
257569
255759
254282
252635
252007
250317
249757
248834
248018
246858
244732
242976
242261
241274
239825
239124
237475
235964
234746
232958
231157
230703
229736
229049
228179
227451
226381
225262
223376
222947
221589
220504
219772
218487
297293
239347
217298
216891
215909
214874
214191
213531
212638
211451
210938
209386
208993
208385
207496
207309
206337
205725
204945
204935
204558
202807
202286
201651
200783
200347
199786
198530
197712
196906
195635
195407
194467
193919
192627
191805
190104
189151
188926
188552
188191
187601
186661
186236
185925
185689
185195
184030
183062
182593
181756
180959
180556
179707
179523
178958
177771
177461
176490
175840
174918
174569
173760
173616
259396
172543
172349
171499
171248
171101
170941
170191
182475
169622
168523
168246
167855
167450
167240
166733
197981
165893
165427
165196
163809
163336
162763
162641
161846
161620
161182
160490
160242
159608
159113
158720
273145
158316
157646
157337
156814
156631
156297
155657
154912
154665
154028
152767
152631
152464
152100
151760
151212
150970
150919
150616
150251
149651
149195
147966
147652
147488
147245
147078
146534
146207
146062
146051
981791
960673
940642
929145
910580
899683
883674
869967
857673
841760
830842
820898
808297
798181
780930
769685
760016
749916
740755
730552
715059
703467
692705
681330
670958
665462
655675
648011
639485
633209
626368
621059
615087
610000
603613
596132
590133
582821
573681
567540
563322
557791
550354
547632
541284
535330
528583
521952
515073
509440
504252
500606
496084
491552
484453
480369
476032
470878
464088
459405
456844
451133
446869
443894
440274
439337
435846
432251
428475
426871
422124
417604
413937
410440
406076
402736
400386
396342
394440
392426
388290
384886
383763
379642
376120
374751
371351
369230
367649
364093
361991
360982
357995
356922
354134
351671
349604
348024
345028
343682
342923
339381
336306
332586
330935
328937
326137
323883
322188
320663
318425
316082
314624
313512
312929
311909
310725
309837
309209
308675
307659
306508
305941
305418
304432
303857
302617
301744
347887
299126
297529
296683
295254
294119
293405
293377
292677
292490
292092
291870
347906
291214
290017
289702
289276
288769
287146
286564
286067
285155
284302
283459
282624
282139
280615
279943
279044
277820
277018
276804
467335
298240
274305
273940
273590
272769
272675
271786
270326
270147
269979
269170
268255
267300
266613
265578
269360
264219
263330
262864
262454
261902
260737
260167
259990
259320
258552
258539
257776
257577
256496
255931
255108
254365
253615
253009
264712
252075
251715
250626
249966
249784
249735
248977
248094
248081
247629
246941
305512
244789
244385
243439
251045
242685
242154
241662
240804
239827
239402
239195
237743
237511
236994
236024
337704
234925
233904
233036
231556
231214
230782
230739
230301
229839
229053
363927
348141
228266
227806
227458
226758
226532
225883
225427
224456
223835
332922
223170
222340
221637
221358
220784
220460
219993
219355
218734
370977
309181
266820
240713
217575
217541
217119
217057
216244
215994
215312
214988
220057
214326
213948
213713
213034
212856
211803
211485
211210
210957
210031
209431
476232
209014
208691
208535
208033
207543
207446
207340
331556
206561
212046
205931
205459
204987
376034
220691
204588
204575
204015
202999
202467
202336
202216
201891
224189
200927
200703
200348
331791
200040
199608
198590
197973
197773
197334
197133
196021
195800
210754
195565
354726
194495
194315
193941
193114
192800
192293
191941
191017
190339
189651
189260
226666
188949
188683
188606
229400
197148
188117
187681
187067
186789
301061
186271
252230
185953
185798
185739
297174
185351
184682
184521
214410
183096
182879
182655
182271
181795
180979
248911
198314
180563
180459
180008
242233
179637
179473
179109
178429
177781
206561
177654
177229
176707
176162
175959
191072
175004
174730
174572
174140
173765
176161
173722
411729
271493
280184
172598
222811
172392
171772
171569
197678
210557
171163
171139
170956
220092
170825
170217
348585
261082
170017
169703
169264
168823
265822
168299
222510
167964
167604
167471
242668
167289
167132
166759
435328
213072
180319
165966
165574
165441
165376
165293
358983
163929
163742
163403
162891
162784
162737
162723
280676
161942
161843
161714
161327
161266
160999
160591
180554
160251
206368
159639
204043
159246
196770
158726
378724
292245
182277
158340
384716
158134
157614
157360
219300
156939
156767
156674
156529
156332
156036
155822
270732
155164
308497
154818
202430
154100
154018
153264
152659
179465
152543
152478
263432
152325
151972
151795
410584
151265
151184
150990
211679
152468
176532
150655
245801
150311
150075
149656
149427
149277
148779
148099
346307
147691
147596
147513
147279
147251
147227
147158
146596
155388
146328
146311
158359
248881
284555
217771
988473
981928
968477
961144
948692
940651
935487
929766
921041
911809
905094
900103
891102
883802
875084
870163
862504
857882
846580
841795
835234
830995
825148
821069
814732
808306
803822
798898
790430
780976
774507
769901
762417
760076
755419
750282
745761
740875
738236
730961
720568
715630
709473
703478
698304
692801
686921
683827
675471
671023
667989
666237
659711
656033
652055
648511
644498
640016
636404
633253
630154
626491
625312
621560
618757
615588
613719
610240
604788
603685
600376
596240
593641
590819
586989
583113
579200
574574
570950
568256
565888
563947
561861
557935
553759
550932
549063
547804
544424
541920
538319
535676
533244
528938
526150
522134
519634
515273
513042
509655
506610
504298
503046
500610
497172
496455
494335
492622
489434
484619
481769
480597
478319
476303
473516
470903
467837
464151
463135
459774
458339
457154
456273
451363
449302
447254
445876
443952
442350
440644
439860
439394
436993
435952
434867
432336
430481
428530
428448
427308
425029
422753
419269
417782
416666
413969
411530
410456
408436
406193
405200
402970
401715
400429
397333
396430
395306
394619
393655
392600
390554
388569
387436
385038
384252
383835
382590
379909
378558
376414
375566
374980
372443
371519
371009
369434
368520
367824
366792
364310
363387
362151
361209
361049
358889
358232
357373
356970
355526
354302
353409
351750
349639
349632
349026
348101
347006
345203
344478
343868
343384
342938
341178
339463
337343
336559
335621
332974
331697
331045
330092
329422
328545
326191
325201
324128
322828
322435
321932
320692
320207
318639
317373
316235
326574
314766
313929
313760
313438
313062
312726
312195
374500
310886
310004
309942
362199
309532
308897
308720
402486
307880
307328
306851
310423
306051
305478
452159
306736
304443
393386
303899
303417
302712
302195
301762
441001
407553
299203
483283
298561
297592
297491
297038
296457
295755
295223
294622
309503
456413
439228
297324
349317
292711
292596
292573
331425
292148
291944
359109
352234
465698
316644
318824
582461
290424
325438
289930
395033
289365
289133
288988
288210
287730
458496
286714
461807
294527
285373
296564
316467
284490
284218
283527
307977
282719
282341
282170
280876
280686
280314
280178
492549
279054
587948
277936
510165
277494
276965
276888
569176
525767
369335
341001
274484
274427
274070
389823
428764
301861
273207
273192
297401
276957
272117
271838
592384
270357
333719
270231
609180
350778
269586
269332
268938
268288
267587
267458
406701
266786
266216
265754
382019
274656
264657
264366
479116
263415
263176
263039
521585
262557
299008
262105
261828
261144
260503
260369
697875
288579
259897
259325
325370
258753
493283
514164
406865
495936
334527
257692
433462
256674
256423
256259
346236
264973
255004
254524
253939
253867
253429
253111
269493
298736
252306
252075
251962
251732
251350
250756
376614
296640
315958
327399
542009
372306
403357
249130
248408
360647
330980
290887
251618
247976
296857
247401
495077
350645
245397
245058
244608
244418
243855
243486
317159
270836
388624
242777
242260
323327
241925
241718
329802
240931
240676
239951
444680
239459
239336
305526
238841
237772
237698
237582
237252
237020
285538
236295
340079
349469
250206
234958
498327
233935
233749
233329
410066
231706
231344
231288
292548
230831
237974
316806
434536
230417
229852
273566
229540
229107
545386
374951
510073
353711
311050
228455
237167
227816
227583
227571
248369
329735
273665
226665
407444
226192
225698
225654
438542
224676
224341
223930
469437
354303
237753
223345
395556
222493
221877
221671
326979
221389
240914
221250
401409
386042
220309
220010
219664
219473
219347
218796
569366
462326
358876
331778
294197
279158
351630
293934
224454
295873
313289
232320
217270
217148
251800
217076
469730
283829
216116
216027
215850
215531
215139
215078
355429
300764
214717
214367
343986
214145
213940
213899
455262
213265
278617
212909
352355
211848
211591
211568
254770
211300
250559
211117
210383
210169
209955
209825
706954
594919
350250
234879
208925
208810
300304
208537
246746
208145
207660
207586
207449
409802
403289
332951
491333
335601
206800
206570
341776
486412
206273
206202
464440
264953
205217
205198
613913
432366
431383
224785
323694
204627
230763
209404
268085
204111
203207
203040
409290
202687
262109
226420
488928
202254
329193
202012
481173
272808
201380
200993
208956
200765
291983
200353
402717
350650
318549
237170
276700
199626
198676
198591
575209
244799
487613
197913
261733
197557
197175
197163
196746
196204
195895
195827
334335
236891
276998
195614
671532
360522
222675
198750
339259
194385
289102
193953
193580
193549
192980
192879
347687
192615
192108
192102
253196
191068
190797
190386
189973
189697
268868
189266
437764
283172
361683
188975
279190
202584
389129
188668
298496
243899
227042
204221
223896
210546
187925
187894
315206
187245
370065
186892
428480
309009
259099
186460
608450
276552
202100
185998
185823
185810
470904
185776
507635
326708
185490
185402
242498
184937
458181
309648
423904
238374
183311
183159
182898
310329
258167
301396
190193
182420
182265
181829
199711
181348
407491
294519
351424
218916
184836
230440
513275
273001
411069
180125
460586
266575
336899
179657
250074
208159
179256
179236
477595
178541
178275
177847
306000
254199
233845
332800
300576
177360
176828
176777
176428
176216
176086
235333
267773
195329
328731
190053
243933
174775
174672
174601
174181
255169
173809
375773
545325
220969
259997
313929
596908
480277
348914
276730
483265
415966
226470
175961
399524
240810
345064
172434
172183
171804
171765
171751
287671
248007
254835
415096
289185
288058
557625
270799
358321
170975
291871
254458
191956
271643
170745
170366
467932
377459
298562
263168
283254
170021
169890
169730
169542
266254
169218
169062
526123
397263
168491
168357
303853
262191
419686
168111
167665
167623
298735
310273
278389
249645
262808
167349
212813
167137
166979
166772
566937
454569
252689
246667
278037
188417
175542
166010
542515
173038
170528
165509
363911
195751
271554
165346
719761
385187
382999
164283
269475
163766
163568
163478
163752
163104
173534
193905
305335
193989
188037
182018
546678
281095
209427
162037
369626
161846
161765
161759
161489
161353
240417
371948
161027
357927
160864
160730
215729
238875
166890
218748
365035
229687
186549
159892
300846
237624
231395
159326
585478
265812
209234
158945
503739
444469
625568
330000
415472
193957
158488
158430
656694
484380
198248
165047
212329
306673
283423
157994
322257
282669
156987
156964
194745
167330
271522
326524
424212
273321
156334
444755
333046
156048
307508
262245
387061
360538
155365
155209
333373
358889
199217
154869
289537
221499
154563
154182
562054
154026
153705
153463
196075
162878
225846
208644
152620
225642
152540
152489
361181
349146
222343
152355
453198
151973
151867
252216
598269
503504
218229
151323
379836
239392
228039
151086
470997
309711
166216
167503
224387
203957
175272
150873
422721
362047
221914
150340
330203
150116
342867
149748
253838
149492
315372
149416
149036
148790
148590
148225
446293
403598
152421
147749
322712
222563
163045
242592
394882
214019
402335
147262
305172
154063
147185
150704
268781
146819
328614
162709
146443
146350
402702
285058
264960
242573
254634
251588
285601
306181
421659
248153
991951
988670
985487
982126
975249
970348
966324
961376
954450
948694
944271
941189
938572
935583
933488
930699
924008
921279
915459
912874
907890
905218
902797
900730
896081
892202
888256
883852
880667
875121
872696
870400
866404
863436
860942
858421
850112
846806
843763
841804
839314
835260
833404
831967
828046
825417
823863
821223
816186
814811
811389
808342
806982
804732
801835
799153
793099
790861
786471
781062
777770
774665
772503
770329
765989
763674
760890
760271
758985
755562
752531
750405
747244
746030
744522
740896
739426
738615
734966
732112
728496
721699
719574
715998
711819
709760
706955
703948
701095
699092
695410
693308
691123
688170
685609
685010
678350
676128
673032
671548
669655
668066
666996
666361
661883
659802
657737
656167
654292
652518
649630
648754
645855
644862
641768
640649
639082
636707
634632
633777
631970
630412
628767
626555
625459
625419
624598
622430
619612
618814
617320
615675
614213
613829
612502
610820
606983
604840
604494
603736
602447
600386
599138
596418
595358
593899
592870
590885
588756
587381
585295
583972
580728
579575
577219
574618
572929
570989
569714
568567
566883
565921
565306
564015
562788
562520
560601
558095
555914
553956
552262
551081
550036
549074
548155
547835
546158
544436
544035
542450
541061
538398
537289
536110
619696
533771
532299
529883
527962
526441
525098
523868
520133
519711
518086
516442
513946
513048
511490
509809
508513
506763
504545
504351
504208
503130
678551
501244
499105
497700
497050
496736
495793
494693
493250
492652
490601
489577
486953
484898
483671
482034
481326
480787
479683
478652
477774
476893
475473
473539
473093
471314
470144
467955
465598
464490
463964
463199
462392
460528
576266
458456
457928
457211
456829
456299
455498
452603
499786
450142
448510
447698
446767
446216
444776
444279
475782
442638
442189
440945
440169
440035
502975
439446
438687
437445
436316
436062
435416
434997
433825
432572
821783
430681
430050
429105
542323
431141
428193
427627
426708
426158
424801
423376
421089
419780
418196
418147
699278
439686
415379
414069
412125
411721
411165
410553
409221
408613
407288
406368
555939
405405
403984
403264
402184
401964
400989
400788
399523
398267
397169
396872
396060
395339
394984
394717
393810
393780
417636
392923
488272
390883
389924
389015
394652
387516
386398
385404
384783
384481
384219
383926
383610
382614
380466
380096
557187
378660
378438
376477
375972
375966
375441
375042
374662
372629
371807
371549
371142
371130
369830
369476
561079
368589
403337
367832
367423
366921
365572
365095
408568
363460
362273
362196
361927
361290
441273
361124
360062
358940
358630
407098
357907
357470
466781
357061
356105
355715
517797
354375
354094
353454
353361
351836
494535
352123
381709
444458
349314
349095
357729
348223
588013
347089
371256
345406
344831
344529
344216
344054
564205
355175
343274
343066
342350
341276
341109
340035
338751
337698
338269
336894
336019
335747
334229
333695
374855
331985
331531
331051
330688
330561
457557
329442
612450
328628
327064
326344
325926
325213
324927
324189
503322
322835
397012
322446
370597
322045
321034
320928
320425
320226
319794
318877
331629
318231
384590
316436
655015
392677
315326
315013
471571
314127
313820
313774
680456
327648
313396
315871
709803
431065
312505
312420
719634
410303
311410
311092
487840
310218
869760
386172
701505
407520
414308
309558
324853
309045
399964
308724
868287
485612
307996
529194
385894
307467
670876
306933
672134
340442
363659
329085
495873
305599
578221
490268
752698
361325
430489
304641
836169
484729
304338
304106
303595
303585
303234
303192
374303
302482
301910
301774
604709
550055
486035
417749
299618
434050
489680
713895
724380
385600
346235
298308
480675
402789
297162
297051
396395
346759
296188
295863
379209
500354
359378
775150
516992
374314
801691
909062
807010
470681
469019
302031
777597
351453
674607
397321
676320
729349
671483
296939
428729
419998
456049
292177
511601
291989
707348
452499
525925
414067
559028
614668
366128
492500
387631
439081
774914
614266
407765
320069
669372
460483
396955
289937
409222
408458
355317
536395
443798
321030
289023
633281
288566
288445
288001
287913
712058
546547
286914
303499
615021
519470
502095
326645
285614
285377
817136
496605
769355
320090
284758
614438
347938
483713
283909
283530
745655
338124
913319
476872
394112
282487
395959
282251
281157
281030
386764
280806
522868
280388
504055
280257
910038
622813
279633
279606
640449
612633
278724
278074
642259
637037
505232
277599
739166
276980
276952
496584
867425
712480
536995
529202
639390
390606
808903
442639
656961
274541
867683
579907
370221
274231
431418
542260
480556
599641
411451
321614
459470
356746
634336
424691
706114
382048
615973
370044
680014
272400
271870
714595
865351
684177
376649
513332
507410
393266
288900
270265
675342
616788
424870
368362
337457
269596
526045
269354
738319
336488
498757
268710
281743
369750
418793
288187
812323
577547
278787
348136
278194
266252
266214
283295
717209
439797
317145
280697
351195
436742
303887
264627
687499
686426
263580
263521
265702
593620
549227
263121
651246
583155
448522
278424
397415
727479
262129
262122
611265
261844
345398
261172
308682
575283
906034
260412
753015
750381
475743
573298
585865
471480
351014
259516
808853
423995
381351
258935
792031
630952
713779
667570
723959
472449
833397
662149
586726
364150
699306
338615
644498
518344
411361
257281
541618
399795
340937
521919
879322
434548
326626
267911
547346
315420
254978
254553
262449
269073
386614
357429
253543
319569
486641
253216
682447
330428
385350
393651
362542
524228
252254
252232
301887
285477
251794
426430
263483
434631
692065
291768
819534
672343
516759
403009
642165
366666
494665
466516
768656
623459
497971
420680
615661
470379
249320
322816
505502
248530
635794
475168
903771
376177
461611
376663
420351
804597
264624
357712
550452
320669
247488
378294
595078
535498
412970
467651
276617
245581
483321
245192
687953
244689
513419
244551
523559
244328
243649
243579
590505
389359
487397
374076
490646
432139
345856
242817
648115
321325
461487
383036
526618
242078
498128
243957
555543
374727
279773
252858
452921
494682
332550
413420
798974
469903
239754
239473
452304
337484
380506
808836
397041
257993
238049
276260
462044
237700
342686
237660
744855
237424
693043
237247
447674
373567
245087
236324
791494
343661
401260
560544
324731
295528
317115
234964
634016
584871
234318
549115
261858
233758
233679
397255
595749
486394
232185
231796
881285
231373
662871
423686
917019
294976
231088
230853
369207
245682
335121
422534
455966
474593
400481
279791
456983
303734
399764
802525
299374
229701
282400
229359
611121
567358
708560
385316
867254
627692
421807
444946
671872
316968
624848
228511
523762
263945
242385
227863
634042
455299
378241
227572
725982
338019
646904
573822
690855
360155
397314
285785
595037
528801
310369
243047
636936
441631
284780
225685
743577
586781
461072
224803
477437
244917
533721
573115
768485
492620
434802
394041
346943
260858
228657
436435
774283
505242
298379
266793
529992
222126
802173
221691
743446
336735
475845
244907
561537
368101
540313
377325
449073
430211
649700
468712
439065
220342
220073
233799
403381
467584
467747
219631
317133
252769
219011
500414
821872
773097
531478
466985
474380
376338
433428
345706
541470
319146
751356
348213
703225
420833
573190
348846
692698
254841
881563
489607
517482
422751
775250
867689
872205
715584
359463
217193
274734
654870
217100
217088
543323
527023
322456
491363
693491
409258
343208
260168
317513
244950
215678
215589
659042
782669
503599
840806
620002
427895
610334
376545
214763
394963
214406
214405
849083
547642
234649
465557
579991
300919
529373
438691
510935
610999
343812
284203
289014
709230
340432
467239
672121
572773
415559
212425
223742
456343
462819
260286
448254
344153
211397
517147
256913
333119
535271
347675
210881
210773
210366
210248
764884
254646
216535
584904
792183
713155
639602
692931
717771
354152
490962
284987
540773
424124
804524
477764
729492
315181
312292
223826
512961
354575
638594
231169
434219
207693
584443
605680
438164
245041
459429
441638
460218
695450
370632
672780
638057
515722
390133
356075
588887
230449
659543
206704
522679
413197
886351
686086
631207
566855
220221
277149
645940
618566
544411
327216
326663
217393
552007
233655
772648
625083
496770
625033
732636
512962
567115
353314
590055
365837
204795
204764
294741
674201
369620
396343
323623
316460
570336
204170
431111
203729
921780
634227
518729
516672
348689
202734
597107
439713
339753
377499
584992
504276
572552
202256
405466
635012
616919
250736
888962
532614
459172
446830
271747
201404
201268
488376
633660
270944
602809
421374
390805
571858
829059
200492
815947
435303
573100
401308
608982
324850
305899
239396
402749
293556
860572
199746
199367
198724
218799
625976
858068
590938
419931
330466
597975
502729
308177
334954
476375
404258
359834
197644
660567
197243
462626
402302
682526
230562
761054
196719
691818
195899
398764
195893
660695
440366
259921
538848
373578
285206
402964
258014
760798
680517
391895
479958
363507
305795
209692
206779
601455
345978
565720
194463
402038
355200
579061
194005
661061
596482
519521
521866
370587
398451
232756
270383
514963
421335
653198
360755
514137
380261
437941
226308
794646
418986
263741
235139
190837
190808
190530
190499
649245
553926
649142
189811
436324
342536
384232
189442
731560
466352
584884
364192
489882
437001
227504
261279
443183
331535
241333
211188
638353
515979
308101
277728
376619
316089
282250
252896
354277
365464
208938
263651
363163
226563
327105
559498
187982
187976
266275
588353
536015
344785
763430
187355
706843
442699
188185
187004
652253
836995
740694
323339
509648
308773
429165
186575
826871
641427
500800
306608
447195
281610
557146
288678
211192
486098
581616
363168
907089
483296
420530
334383
639308
527149
485123
406475
723483
185530
592160
186134
708587
308075
306055
184957
658845
611817
428798
409258
648406
554010
305230
300660
813392
257319
683447
183225
641793
561303
375741
328323
453070
332319
627237
538899
358253
195982
742876
260899
544218
329781
635878
182207
770412
272180
346083
181377
548395
500713
880947
300374
868488
610720
236390
664683
271507
537092
258782
558675
637911
758119
470613
356815
842396
444233
180341
180315
560147
466175
351035
294661
389631
359942
402339
254281
716868
375836
588679
211124
199730
191489
564600
323172
631421
571572
458929
329520
379766
373873
178181
178001
583352
317106
379020
258509
650652
281596
452465
493587
713649
479735
483224
288389
177089
177045
760510
474905
721986
374656
212298
176329
264737
176107
356778
237157
574033
327254
392734
578476
509781
570603
394807
262562
267791
813277
255619
174800
437644
223284
174646
586803
498708
174242
520455
454758
587173
174045
646341
666800
609663
549524
547489
306954
314037
308177
480370
421386
837395
598370
532087
500181
583742
373093
318046
329253
738898
601159
538680
468374
268109
247616
338366
209489
658127
456886
406746
282947
516227
403500
551689
205942
598606
172210
897376
171820
558690
325190
556103
541930
927660
523912
302228
316022
822398
276934
491695
420880
657905
321713
347061
362066
693986
604219
598211
308709
635791
526818
403698
274999
614498
365610
720207
718272
549151
232264
478064
476409
170768
536111
579634
170644
838676
531739
377664
402540
357787
320142
499250
528784
693636
317550
628959
335388
286313
365999
303200
169821
603930
182235
308891
277274
446662
375368
364468
244650
903201
610275
721717
398494
627750
168495
340185
168377
481519
442558
487811
268947
799100
589266
217157
184624
167844
270140
550042
461763
541338
498536
349715
354914
410212
350629
775715
347998
435831
365953
401205
219120
546167
399199
593534
255704
345445
564992
328158
312375
856973
599836
517880
468404
275205
254433
614618
309876
706597
358218
287464
226896
558660
534414
714420
166278
627652
591178
370520
346139
815375
559721
530910
165516
574364
427240
407834
302213
361005
358314
248771
316304
838260
807009
478368
385437
709060
388976
164462
196842
613346
481105
264572
223137
194511
163616
592308
530139
334182
268806
655651
586767
361319
267820
380835
227103
414143
340261
291933
272047
307677
352484
338692
377885
632485
694652
518897
368912
264855
216981
482064
165369
615117
451942
256091
175613
161826
429040
595183
325480
247607
303453
596223
209007
745055
376704
463354
423581
725378
517682
422862
424721
160921
175475
160831
160830
573812
362225
622722
408901
364776
267903
774235
479859
714076
503178
532703
327439
595154
193436
695034
187500
520415
391962
272283
270112
620140
241689
638707
405744
657951
757609
605280
580625
383571
237703
409145
159069
911298
616161
499748
457320
677780
642515
679738
492431
628369
526871
361728
324704
178109
272913
416473
252818
752996
690866
866488
649200
211860
749133
191691
355600
778102
214738
552230
723715
445998
287716
171004
219481
706487
346643
301630
604961
677340
166916
403385
264643
791416
297336
455750
292583
389120
273218
350576
588343
550104
502512
298805
441742
703533
166772
636986
507412
439518
701926
615894
156110
442350
700048
621379
294063
825813
466604
612919
563998
220805
157555
382779
195061
505704
351158
621255
764376
621167
418400
801474
446451
735392
580723
338438
274965
421988
244174
154291
154213
667652
637111
371671
217905
153735
217250
153467
760849
821536
286603
822764
247093
427925
403767
456383
403374
518505
213164
438995
328507
534360
499849
380588
737047
665478
378474
486676
523011
593646
236049
219402
152358
671914
588878
270762
151999
151933
151917
667591
317732
844132
625252
587484
558433
311637
235913
156427
597979
480944
499774
246550
444927
259527
467337
348582
183162
554796
472612
987084
499116
274578
199872
474694
217384
310741
597673
367805
274883
409566
301788
567983
264991
836695
638129
521131
390541
289954
320420
904141
222012
666805
548897
303405
235659
599322
447152
599993
298484
570672
564059
162011
426781
475045
347721
194135
400534
186948
286729
348357
148955
148626
365998
339025
696263
600981
559129
469950
660816
551299
217940
600661
217166
393823
431879
347930
266200
189453
164000
533619
250721
650746
615645
330855
272542
555699
511738
422895
239611
503353
480495
197425
239375
172476
162980
461893
229978
638122
332447
201283
579258
696444
409458
447476
600701
146529
150128
405085
163466
478328
675845
348220
331236
696524
533025
313393
280611
525944
317412
758138
318469
697928
455441
373464
337921
639305
620206
343683
318014
997395
992617
990263
988939
987291
986240
985127
984591
978049
976661
973327
971087
967935
966369
963602
962361
956430
955629
953267
948737
946982
945451
943277
941258
938921
938630
936151
935677
934008
933666
932368
931719
926187
924059
923458
922110
918281
915721
914529
913492
909157
908918
906754
905568
904527
902817
902593
901142
898298
897363
895476
892934
889792
889121
886400
885440
883356
880726
878740
875334
874703
873958
872183
870766
867492
866561
865638
863589
861934
861026
860323
858478
852895
850262
849733
847405
846112
843897
843006
841856
840792
839470
839275
838765
834129
833412
832866
832213
829998
828080
827208
826879
824804
824458
822586
821671
817708
816299
815042
814890
813114
811781
809321
808869
807766
807015
806102
804944
802850
802165
801184
799384
797017
796415
791682
790968
789988
786943
785863
781120
778931
778509
777745
775786
773322
772987
772477
771707
767922
766456
764355
763694
762233
762172
760806
760430
759370
759079
757081
756585
753541
752560
751506
751204
748941
747629
746786
746581
745246
744982
741542
740908
740413
739585
738768
738684
737250
736009
734382
733895
861370
729120
728281
724460
728877
720397
717533
716510
712660
712038
711731
710855
707737
707113
706309
704010
702641
701446
700194
699563
697099
696016
693412
693360
691312
691182
690371
688840
722082
686136
750005
685393
679169
678552
677839
676484
674086
673073
673006
671751
670876
669784
669027
668508
667230
744581
666582
666445
663895
663516
660919
660743
722938
657951
657483
656335
654782
654732
653343
652569
651673
650380
649184
649070
839071
646154
645534
644916
642757
642232
709927
641076
743097
639175
637919
637434
636203
634960
634087
768226
733293
632002
631919
630810
630018
628913
628438
627054
626275
625602
793428
700543
816889
624851
624285
622782
642539
631140
619122
619053
618667
617806
789078
616625
614466
614343
722966
613944
613506
613403
611720
610993
607901
607286
606487
605350
604601
612784
706100
604287
857525
602568
602264
600501
600127
599305
599061
596799
595373
735579
595324
593932
683593
592891
591832
591320
588946
588819
588310
587494
585939
585762
585075
584286
582506
581152
580518
580238
577801
577531
575352
574745
677370
662193
572602
571712
668007
570815
733388
568665
880899
582924
838844
566093
565753
565392
565215
564168
688081
588072
562585
841137
561839
560646
559863
558622
767136
557022
555669
554914
552460
552308
551838
551464
550145
550077
550016
549548
549018
548457
597975
600520
768124
546163
544848
544524
648791
544123
543877
542570
708083
681711
540770
539486
537807
537291
537104
536338
879049
629696
617225
533858
532506
532475
530716
530205
836631
528079
526894
526570
805971
525833
524715
523975
893938
520502
520008
559840
519085
518383
517258
517023
514497
513952
798617
513168
562201
512133
592150
510070
529863
508524
508049
506764
637338
505100
504452
536738
740602
648877
503564
503136
788707
764580
502358
501254
576274
499631
804835
498381
747055
567369
596882
497029
711121
687932
495132
494829
521854
493761
493057
603408
682178
490959
489822
489815
489421
487402
485696
485311
484301
484001
483468
482187
633488
489228
685188
480950
711693
566749
479462
478724
478062
477976
477663
476904
476004
475820
590071
473854
473498
551169
577311
472102
475673
470627
469093
468600
466418
466085
538133
464952
633124
464020
576965
463255
545044
462665
461891
461374
720487
629939
726842
458982
477808
458311
457630
457251
456837
488114
456772
456350
456089
455921
454635
452687
804623
551657
450823
450398
449005
448552
448340
448209
724117
543107
484495
446236
744451
444815
444612
444303
509532
494760
478649
633624
466180
639378
580966
440947
657186
440176
755941
683791
728600
508828
469270
445057
591907
499680
703442
437492
509508
436480
436145
520452
435793
594430
651544
435019
434761
433938
734948
432852
912960
845276
791908
652541
705217
430250
429769
429242
809786
669912
679474
561200
513630
428255
428056
427806
624332
532546
426329
426238
431472
424841
423837
423534
421647
421457
421085
420579
418867
418509
546769
660443
830720
729876
682649
444433
416654
415482
414674
414080
412930
412128
412103
455632
411523
411233
411076
410717
410282
409308
509495
408965
407941
464812
406644
406489
600438
569547
729784
450249
404975
404087
403958
403437
402378
462887
434774
475949
562275
439862
684014
400827
671214
400017
515271
399488
397248
397184
663068
460098
403504
678834
900797
395340
395092
457568
394926
545705
477206
393815
468609
432436
572939
506374
617973
393190
700609
656238
493191
528384
446337
390138
389647
389512
562490
412937
388262
387580
530032
386540
386204
385825
583505
473458
763105
384482
542935
384250
520793
426250
544214
505595
383523
383370
382051
380650
441186
514531
707592
625781
485384
379249
906147
599211
376957
403111
470332
430759
632897
405285
650760
399772
375324
375193
951231
569977
373993
372976
423009
372223
472038
371594
512353
395041
389680
556902
408847
370894
411809
369754
826580
655638
463799
368819
668206
427602
368491
368338
367566
367451
367309
366953
365662
677042
365437
530080
749109
463852
365466
776856
389865
362982
527571
474983
712300
492851
569423
361442
600835
445872
579293
432216
360344
360163
359640
359391
484341
358678
675056
559179
615478
443587
398327
357516
825966
680574
357369
357081
356529
356266
457455
355726
595637
686733
399955
354435
420706
385794
353906
353826
619773
405083
352759
352119
788123
662221
490673
366675
430973
509111
633131
535038
490950
600891
621879
490405
419836
502536
348448
348328
840244
613656
347227
347110
593608
389529
690677
346774
662816
367623
695050
344773
495625
397346
423790
354140
778405
638243
429816
390718
594880
435271
436608
400303
452168
342536
449419
341776
499872
414017
340795
340252
676609
339029
457259
337907
416346
448949
554007
337083
396151
336247
430235
351694
796758
335207
334123
333699
596757
516654
798153
648804
552165
495325
331434
331430
568684
550180
330685
330641
598125
465548
337744
329810
861909
668451
345331
584724
699531
327249
326951
326374
497461
397579
325714
325332
519593
325035
337190
324200
909464
533305
412411
323165
471775
409757
442349
322586
705180
651314
448042
347428
321858
321153
320966
552431
461027
320429
469323
320352
353765
319891
319093
318968
494433
355785
789411
318415
409975
409957
317082
316444
765284
716700
517553
412203
453987
315547
561229
315060
887331
473549
747839
419769
552419
483064
633533
345642
788988
759921
484429
571235
720262
525358
815982
357035
931994
909230
497401
571220
646461
312545
776458
618874
963025
965792
906589
877310
995422
717239
798837
466165
777995
528023
310384
948158
978791
969533
728004
461223
738861
872148
598676
521233
659139
587955
396899
374993
803347
417284
495639
660948
805861
660885
543914
378827
878565
878351
790029
758424
676470
623465
919746
586937
877595
651036
307559
446129
758599
845403
612034
617627
689560
992959
631739
441374
915561
398577
665240
538040
671480
659433
894357
800420
773324
733673
923363
780728
994009
947659
739543
715362
762419
813067
305198
304878
944479
921742
943805
763233
339281
673897
363727
390399
497305
652108
826675
987245
788124
737103
708421
642912
653698
600677
481594
764638
542702
858313
945010
451493
909747
856036
587831
997489
734018
630859
424604
578520
673075
455101
745296
515421
935401
741380
830539
999769
919726
751142
815577
462276
446093
594647
571382
298464
761486
514173
691737
580823
754019
544223
727174
704420
986705
580859
424618
643236
442194
296421
295865
448867
679482
571006
550820
752291
940783
779827
858765
959076
720866
572932
646614
480199
943569
872186
924709
930674
867158
840867
771624
653630
738153
538787
751249
735611
978564
831756
547136
362946
743259
717427
432551
399472
841546
819564
958533
798503
896124
808848
878802
549623
625203
508251
810990
580695
905149
658404
666064
302547
942897
706054
508678
418471
954615
864583
658480
962528
851054
748840
964049
937599
804558
874512
728925
756839
629854
591296
956476
574268
827680
394410
775735
857619
957866
779908
677699
809928
448046
425624
363499
445081
923264
846039
959262
462281
714831
515855
363359
347498
942500
712957
994797
655259
765233
494165
861706
934190
521258
919860
430022
813422
834229
426034
988989
852431
920289
570760
716635
680508
460610
685983
545458
956280
985697
962806
611835
707973
624396
452464
664851
416129
890750
738679
980982
557140
924307
744485
542239
939236
939699
712316
730696
693066
949823
854349
768618
678801
961593
836696
731980
407211
624726
410189
675597
859658
930906
632429
797031
538393
663932
284008
802406
682447
765752
869220
767473
721989
975206
978537
644145
664372
874023
574826
972542
324386
831885
918624
381272
444542
799189
522653
833058
970749
935761
779262
379759
308899
857068
669068
757557
323834
710402
655077
333818
917462
999428
938516
708810
665913
680908
474615
613951
387023
702617
993549
778601
730522
311979
834238
698920
278484
917188
743437
851535
814876
813410
693150
277699
860567
967554
979841
510897
453856
911048
588927
578426
752481
901354
891786
938136
762452
931121
787996
818434
566080
897966
896572
532668
765322
965544
890934
928977
536289
976552
920080
639773
531149
925841
922020
765901
674456
890834
764598
829620
396508
939906
921340
554307
959350
618451
588978
732690
637800
692740
573163
952948
339892
662573
593481
742529
727140
730653
716878
424769
891096
815153
739868
770900
541195
988156
697963
529956
391804
964332
783327
407076
272545
573761
776550
928178
726440
974923
942678
947102
737822
770091
462382
960765
868678
979450
770341
974634
699025
841318
451521
857047
273415
914585
857859
618951
962066
688428
476685
852734
783290
514014
339229
663534
531413
915843
831760
519032
477652
995900
992902
663004
503256
665627
650120
647582
703481
723926
550615
873631
838077
532152
806821
514095
353573
935270
973706
676318
584398
413234
374254
668757
495639
916962
413222
266274
793999
441586
563175
567280
816185
912755
838594
964461
664532
366794
780686
893574
757785
638434
631857
872000
680061
961340
811135
711275
279620
895247
822258
977360
858813
902570
816884
743084
501336
412346
387237
971653
996861
999336
862574
664722
429897
883250
824893
607854
913984
594457
639849
622119
505719
713560
427830
854035
853036
711330
262304
311105
270590
638203
837632
636262
376924
851300
415775
933060
424188
584862
611371
690421
858204
966149
959268
260479
674170
862976
789665
899330
934130
569480
475929
918277
614984
740685
690198
621964
649150
355995
861891
363485
382958
903910
846258
830453
637868
585395
439133
733780
503205
911665
944821
635808
757455
925716
769449
904007
748806
844551
944503
784530
760133
976474
932017
945786
965587
838803
801316
629017
403737
917195
910813
976208
817914
784844
784728
914972
561933
794384
477882
719049
359709
936876
711697
449696
466336
867476
772529
755696
674168
962838
911102
785284
516586
735118
978028
287788
952680
959986
596149
519706
955342
785237
372103
992900
254761
869167
533702
971523
417260
546947
946679
676192
441639
335996
564634
763677
444956
601533
514317
442806
262989
912206
692317
774861
634651
756746
549993
399677
637451
902542
538812
795013
982816
677540
538696
993310
526514
877963
442370
981354
766515
688003
798285
778450
757459
813950
315042
504490
582531
705343
998368
923244
837115
961564
850841
764439
747081
771335
711695
849109
408960
994332
795762
559443
575979
871526
549375
816375
582887
884950
780235
737625
943564
901769
606248
524553
845348
910846
791428
493846
636659
373027
267008
688056
451341
743755
734239
392102
346653
826609
662867
960350
659425
914332
979360
521254
452903
887119
747089
901893
728565
732517
512481
820508
886382
803519
515115
749070
743918
839537
758517
908606
839382
979562
812906
503030
967175
961482
947492
578786
852648
561098
681729
939277
624075
910893
321616
937650
360726
978197
528385
255361
245352
979255
779429
519360
356479
974810
759803
493743
354518
601535
548974
483115
459484
659421
489112
714190
590474
961699
831861
407599
402555
848300
964657
538479
924575
529530
957178
981215
484206
593382
517558
924632
868744
654568
710049
482881
400799
708448
689300
608299
418684
944861
807952
326322
689070
791088
510318
424628
424255
668361
663611
543076
438054
896312
717143
989492
509928
526834
701891
516738
929947
866401
395072
450063
849113
934258
802623
995935
658578
808434
239806
860635
280636
848669
601748
487570
434123
927206
603332
838755
849762
963886
471726
426249
360281
483567
238423
739134
356367
842330
711533
760668
521373
642521
562755
614737
633909
832721
764591
466346
333499
857744
835936
732586
331467
844219
980505
381843
694613
747984
586165
999173
397243
917947
795728
587007
543160
929672
897552
799091
906032
869624
794659
690334
681142
413632
670476
861411
235034
889078
706504
635310
629294
980361
252432
956809
747632
938873
272216
940032
739405
777058
513816
488731
780368
783249
642549
888947
508179
695395
232473
741223
545490
940088
966115
651581
447077
913406
887209
875489
435372
949779
935410
637023
563013
979853
604726
970960
608814
791274
894842
783948
943344
973415
886227
866059
435604
945919
842368
556858
497743
846601
736797
801181
354121
657112
584113
678214
847789
943325
423290
936181
938936
561424
960595
645672
865089
759573
639717
229400
668248
944912
856381
945253
803540
827366
738043
771345
477984
911282
944850
690648
875311
745608
710073
541433
475961
835759
827027
438137
480939
848167
815230
542146
366102
914031
865805
463243
974549
991102
539005
228018
960295
801794
749566
505637
461346
484523
788127
286126
235605
886562
735921
615592
562209
665170
650974
809617
692394
829465
902163
520702
618384
668456
898141
504568
945186
601018
695170
920577
692088
811269
335058
283057
653240
717621
651941
961375
532689
644739
524676
524793
575074
821552
873717
660757
614872
746488
726795
955316
326927
497665
555918
554124
588745
642424
590140
936658
773132
892670
809695
912398
690962
440224
637754
834710
476999
906784
574383
518398
356322
544875
756997
773517
885725
842194
836826
694362
845287
922525
351556
592427
589290
891119
771839
893774
351895
859925
913508
861904
691662
905206
951478
688898
699914
777961
803131
260539
708025
928257
795220
503894
767518
812877
938328
980503
822920
886128
680972
997745
555917
900827
711482
758554
939503
931164
776727
411185
754683
579300
625304
772638
424526
801329
596600
928984
812920
773751
676538
435058
234863
813113
450351
285721
607028
667026
265517
976424
955702
934922
826029
794772
786847
592096
925922
498173
814770
929720
597967
377463
549095
685027
515020
509802
848262
707665
628565
977136
912364
974699
829800
560164
465218
871974
737656
547755
974989
717749
938355
792430
423197
973765
730572
314471
271819
978079
953378
748501
542957
789290
661550
705862
449388
775809
775691
992159
898009
973650
901653
852068
735593
964060
945363
500509
217254
997305
350686
912298
986619
970177
651989
844276
911622
988751
977012
802945
881800
943755
530834
615777
896278
865096
707417
710704
508513
504640
982370
431456
455105
520198
468047
884651
984474
391325
540942
409881
737157
810004
773055
827877
825278
994162
757792
925950
985311
809671
767022
553200
590289
930786
677472
796750
383996
715217
402820
870115
512010
546215
351958
601317
934214
927932
849385
759092
636731
800577
626201
597785
544431
967924
632340
569143
402317
747190
880607
892667
785447
947876
623363
986125
752115
455125
384814
969552
721261
664316
613868
830964
722190
665652
647683
517413
745005
952148
942516
695418
791241
851439
598460
973924
212436
980968
360144
627115
927607
919433
841302
346968
971172
588675
617811
511451
414796
948909
505114
637560
633306
884500
311361
402250
913590
749257
582818
766614
361621
633316
301033
587563
289494
989673
480457
210277
830312
851072
802203
655909
650499
898006
464749
916619
770297
870255
819403
739595
780135
959573
885647
912219
726960
812438
829703
408484
858954
903819
520866
794024
296991
597161
900373
446197
848304
969520
949013
850468
677094
987613
845999
858375
664865
928421
345567
716203
636289
926810
839403
517398
466286
768145
718743
951447
340411
504711
846728
390739
313222
892737
855820
998140
884199
846386
851062
752359
373852
796882
906605
793648
536793
905561
474817
912117
854616
968503
560149
887091
816456
792518
951409
518607
861295
619737
440567
725485
978268
933192
790788
619581
377044
852966
788154
206783
254072
981888
905262
501604
948252
996892
944567
752466
988453
962452
742134
831962
898704
394495
345832
935459
372292
833180
752026
738424
952736
874442
785945
995058
385746
425866
915984
467428
454547
956321
886817
895373
918631
878430
793727
781157
706261
597281
547082
916359
859610
829131
765156
748202
838905
896272
850989
477734
414727
917595
664145
489571
839716
701249
307898
761621
751323
849649
556625
848176
992950
950459
582507
771775
513497
684472
369908
850992
398615
745256
653127
867917
563297
907105
692950
425439
699457
998654
950434
863890
765965
863261
848346
971625
788830
848546
431716
213863
709464
999634
641488
646985
561714
793983
773190
778456
474690
862684
751065
637310
832718
781212
810273
327243
849877
939683
804638
847768
803134
738432
637867
643683
916489
917521
907603
813859
640561
616453
562688
905555
517577
537551
680319
385364
623090
201343
201285
516498
791330
851878
690532
546290
305033
622347
776611
595495
468873
737588
493763
920682
886991
879148
846938
230192
926640
861611
855546
687414
650368
937796
782215
830460
531432
972449
823518
356277
601805
432651
371239
864176
344689
618902
866788
803765
362778
989620
981036
314984
591487
199394
369212
199232
758398
330863
877969
673093
657399
978147
953265
627363
612557
508601
452954
860738
451571
761748
647391
552928
852219
783361
455815
723509
600720
663841
564056
764582
679362
914531
814188
701329
197666
904882
836348
455343
412503
636648
626787
696688
769661
981148
700902
574616
339645
798635
907885
196730
413671
928156
856014
425070
296729
883161
689786
739769
703002
878128
734086
450647
543991
272741
967980
659890
850981
575818
624796
360890
710583
704207
435367
516367
537816
870163
821159
878086
868437
660873
513054
646108
763298
842090
595494
668108
319713
373668
209746
781246
307927
864546
794139
568032
768502
568245
832884
319554
204444
604380
755570
540427
435248
767886
991161
401171
836446
846839
821472
952145
793533
831166
899128
962461
859310
814135
830866
668106
823539
904894
429942
798727
405955
815226
587302
662526
464059
926576
658327
722196
853302
643254
963609
588503
674576
646797
550300
829063
238780
995672
896870
537934
509854
599540
764251
598217
566536
924085
190958
922446
545994
318066
236742
903063
334641
991464
711474
668616
614675
685639
827783
508845
573034
639756
545496
881471
802739
826904
819878
234243
189606
860835
734860
750047
540096
699464
642898
876964
817376
741752
903300
981382
811900
696228
787961
727380
617972
695585
644172
353607
698500
418416
728110
880127
281117
935779
663027
871527
732306
966769
781498
730980
460308
979281
957361
365340
961189
470775
357086
755770
871136
938041
456354
718327
396836
573862
560917
893670
697092
682069
375427
947569
409650
488353
919912
868450
701546
328975
560624
454790
718189
680605
290267
843603
743650
715684
696730
813889
772246
806972
942477
210756
524418
823429
748281
692361
579707
859131
783610
836244
344018
752168
767200
914597
888066
775081
795665
820027
401256
996292
943198
338971
310783
985867
960958
890214
967114
934201
856812
791416
723242
578045
565172
842372
839629
890378
559630
375701
976155
746433
973503
932396
343627
843684
830075
537615
856810
771371
657865
531255
368302
956074
979319
802931
720001
739177
805127
505536
434758
862696
861432
601742
557739
871874
795959
429051
430620
838170
838836
185562
486105
622403
622273
485447
799939
966270
911103
413027
339875
310972
656169
252748
445994
987623
961426
992447
657401
706353
567484
953712
732674
782011
665013
593529
777858
432432
549210
876082
385643
930227
914918
669445
524869
886739
685190
282374
995902
714087
652050
913170
634654
911058
693328
508976
535573
849609
694132
815166
574458
976645
685235
627927
922760
954220
880858
821326
797769
768013
909472
690286
351007
890674
733585
931471
538317
725946
934845
541699
259917
902228
781206
935383
589216
968370
626156
771971
716532
824133
823645
645109
731989
967110
978754
517454
438929
982012
924122
740883
646181
860522
265780
996989
970023
423609
327940
954756
745168
847847
356579
616866
947998
991908
820106
932587
820756
780989
734925
946167
742671
845641
869155
472027
837784
939866
392661
704004
180337
680804
979842
743235
546015
799890
778894
740512
465226
847181
825943
768187
500506
879067
669125
855256
370008
793369
766221
379617
954043
993962
752978
393422
323273
864512
412934
659000
609252
948063
752660
419953
832325
916092
632129
579363
896121
936919
927183
790515
447927
972710
455159
551009
875786
906666
434010
688299
958172
827912
626920
552951
790437
686858
524113
295374
592693
662714
801007
423851
700120
659063
453966
675550
664092
731260
729955
982294
659353
971911
744601
293583
663460
987240
400116
743617
224198
930000
956968
895595
644808
945739
907306
631211
549699
599645
712789
954923
261323
979673
387773
804929
232058
837737
700252
906641
315452
845041
827189
520503
593284
829196
773865
772180
686455
768311
562438
686289
806852
732596
521289
970781
646682
530390
867911
906168
884063
860495
656161
756830
777055
977716
944841
970192
243384
932685
926454
739487
629639
989452
618629
878169
761821
842716
644722
795091
475169
990677
682013
471766
414682
923865
771760
873745
799498
895419
656130
924854
714298
737438
704271
781175
334263
698887
640276
580831
549469
811544
705488
623720
547048
967594
838234
909852
794229
897049
594396
970613
833630
743333
599572
778027
694664
773791
322487
861061
757011
918423
771227
828356
729944
948781
789554
888571
474179
424370
960660
615686
855881
432056
354047
721419
326153
751007
665845
908093
530085
842346
779196
848715
357446
881955
749672
559119
873178
990296
617450
584304
517139
814054
705831
700213
411663
982437
975607
172162
172112
859197
785106
485063
325859
942798
698294
950932
865113
944286
937224
854030
776749
898913
954160
783157
539705
931945
966594
781919
577187
990864
780416
472261
632724
706844
951751
499917
468560
810457
432487
795428
900351
817255
813475
632805
986956
630144
812032
761471
415545
958273
727157
935881
578914
799069
478531
275195
853366
979464
732432
655079
961271
776753
993485
784851
803445
899682
744089
474982
577948
798601
489133
895694
498866
440518
414255
974471
720446
848410
756429
180852
813233
967048
870408
903902
726791
464197
423392
472499
702855
744635
363424
815745
926264
940565
520098
798383
566854
991413
830830
969690
334732
794650
650428
657326
657254
922889
857762
534444
869443
775902
847650
470644
871426
652570
627431
376321
942617
645424
368260
728345
699241
713792
514980
467136
384854
869996
713444
311797
255817
935164
916597
672826
671936
736843
830520
466800
677980
906755
813608
876022
593507
974256
502738
846110
711128
769782
566528
980670
730426
873968
719439
896981
729342
967710
805236
773794
638126
416186
277172
355862
209303
799641
496529
316061
443660
554981
692677
812151
866833
981209
609242
858491
840986
356809
505013
983105
612761
848005
685314
735033
404825
957431
874929
545187
463687
548743
741778
894607
711223
857462
668844
632386
334173
549797
921012
415091
750297
774935
606865
588689
420763
729325
860112
938818
768795
843893
525877
837077
750095
988913
907343
854463
707350
969435
793924
592141
516363
884259
811407
262674
378215
999966
708277
452275
890337
889228
771888
682395
656672
755063
539357
410061
240136
769947
899973
925987
803593
846961
992777
713156
626381
918179
676269
937991
793339
943773
388119
557561
833029
829783
980379
955538
992217
960874
607496
876813
170447
910214
866465
678919
468418
943145
498971
961616
387183
452026
816526
590879
801367
454477
346720
616761
963997
887322
874349
950384
812881
783700
682132
552311
602592
859916
718623
827806
437276
764945
429323
203763
378426
993147
914215
603095
838666
856014
724958
876733
549841
520748
629447
211032
984602
862823
626198
821889
968794
963937
897247
610156
611038
998565
832471
989095
650814
906030
646406
865558
375052
916014
490695
468349
275008
985186
438925
939448
377893
656107
332626
648180
897209
829472
757641
951283
469363
808067
693410
392343
835299
892589
638999
911572
851209
820809
859134
391982
434134
707264
423266
688563
610457
629882
623486
447647
690892
834510
637083
960992
737429
973550
802535
383332
178295
871640
462513
912418
962793
826634
847955
862013
881937
634917
407195
412140
655207
863197
723384
524085
451805
913315
774204
643118
380924
899929
644347
989042
508565
882029
989443
610350
629051
452917
445832
974574
820057
974531
325028
733469
184603
904508
870706
805388
335976
994687
653156
528457
471100
756678
910005
603171
557520
752949
503749
369925
285781
954105
948679
826979
808011
992675
912895
965583
906481
696473
792574
402602
328843
858141
874013
334777
515037
834272
729490
284425
217071
870601
816439
904687
690062
653662
452594
768445
641455
954530
783581
530195
893376
834785
641951
615306
427492
902001
858790
986265
993106
954779
666404
903044
840850
575539
808309
949941
945068
981548
592020
864549
693984
953938
998915
941005
774483
633843
935997
916622
863305
995924
706313
679102
752781
870469
838603
976048
780641
992479
936834
689357
868126
555252
444072
439689
836289
325383
304217
522959
347857
663684
743961
960625
627602
833584
882937
970949
847125
976166
992732
670449
726399
218080
520710
799500
987456
607845
478144
772626
951831
984024
871999
429962
331478
987395
688937
783311
905877
691030
528401
509656
324121
662835
504626
790712
638551
957119
835359
595033
363964
569820
915535
939328
621778
837972
767664
634436
171794
480938
980007
843216
602695
983839
954048
791304
300531
941665
600724
990498
876355
944666
537321
433754
278668
586076
748105
749548
624713
890700
655993
637542
891928
469543
581655
983098
584463
848336
784310
449528
358067
816349
763998
968624
636915
859571
833305
933254
803508
752791
840190
719602
240014
688788
445908
995719
852396
992219
983773
914794
811854
912760
887472
805634
571993
931025
759613
845718
810920
722958
552877
879467
405246
863914
581498
850095
783030
785524
849791
390674
541433
719790
964074
873980
884645
978099
847069
717829
565258
989251
957260
747927
739846
820605
762477
647827
634229
823264
452666
673672
581894
829962
666143
372974
919941
943181
533807
964157
865300
900910
885775
840764
923056
431711
597802
728392
677042
786487
431573
637353
354829
536180
153578
979377
813215
999685
839643
791589
687196
931507
969053
689197
771036
693242
476103
957286
889448
821894
735461
504714
899120
968572
928958
547667
294153
819491
749449
825521
662614
859620
590647
851473
789830
645898
402804
892135
924385
746961
905868
675180
411084
607341
534077
785912
607364
995644
741847
244811
593672
949440
693138
432454
278310
959397
675433
964281
819933
956751
946338
343751
346690
431632
651710
628183
296765
820003
917188
826153
418794
982483
946560
827255
643965
837263
766658
737515
950469
843186
340435
426451
249575
797165
424380
935384
749101
873826
490390
572884
573685
943523
578573
778774
911178
877479
351286
653456
855284
921040
379817
568747
750864
712347
671236
587797
496364
987160
987503
945738
680873
306846
824006
675536
502259
843995
713302
701582
617142
631980
456592
872756
871139
661554
423609
604557
450896
982648
492414
371692
760220
658311
625539
513995
280883
921079
836764
734096
947898
717902
715362
901020
593316
906927
580076
667270
467732
911622
930662
766424
414680
913740
770974
811442
607457
815969
377829
854647
261299
918766
972499
766642
788365
935072
670542
833169
655408
575038
829360
810226
785542
287805
192985
873083
653486
798707
621825
531945
675005
990846
944130
983876
582802
794898
441187
999576
833766
971502
772225
839009
355493
776308
440383
860394
685384
843440
707015
878244
802061
963080
650635
723465
782246
913686
606455
919509
787544
609064
661017
248233
874797
780178
791017
566924
391136
748490
620825
609180
472974
868180
471496
715438
293201
905720
508750
904775
493377
581584
561724
552018
506538
962741
938432
958236
634114
846016
419574
460069
547411
941280
849673
892283
814267
914074
739237
568547
412947
724640
979596
691360
578061
446559
258210
543845
916204
991615
802353
950482
455085
914745
705269
514716
440783
968422
675582
851679
419022
869022
576087
916965
731211
973064
843464
536284
734565
517180
777612
922017
848083
665582
233641
919423
321616
413917
611314
503119
698564
986071
625362
778310
841951
592661
441300
810018
671062
911392
876507
558853
883317
549830
458454
902567
560644
924620
592750
356525
969633
865520
794537
983893
369343
904604
811051
911587
536067
762168
826285
500130
399084
791526
779370
881683
870698
854497
884124
335509
334682
999905
999790
997010
993377
991134
991118
990224
989530
987805
987698
986974
986431
985380
985238
984838
984794
980451
979121
983841
977068
974548
974415
972053
971526
997414
968387
967449
966395
966071
963960
962562
962470
959492
957333
956398
955730
954186
953805
953111
949371
948354
947963
946980
946107
943961
943575
942612
941759
939884
939219
938799
938798
937952
936572
936119
935809
969364
934893
933883
998409
933267
932972
931830
951354
927038
926401
925464
924825
923974
923525
923111
943304
922900
918813
917966
916827
988267
914837
913586
979044
910414
967515
909124
909068
907759
906776
905686
905595
904675
904577
904060
903296
958615
938471
925103
901659
992974
898331
897791
897683
895893
895866
895271
894278
890901
890398
889439
889334
887408
886702
885835
885444
902128
883530
882969
881682
879680
879311
905432
876970
930233
998464
874476
919234
872513
872492
871720
871279
960489
888363
867326
866873
901437
866060
865267
863646
875477
862076
966805
861352
965654
902086
860211
859779
855974
854761
850869
850568
849755
890380
848358
889436
973316
968179
845834
845816
873565
843391
842895
842746
971397
840906
840367
839659
940334
906964
930320
921380
839143
834542
833756
876324
841263
833263
958031
832767
830605
830286
829719
828842
828017
827979
948085
827003
825129
824935
866008
824529
893087
823630
821838
821748
818173
954223
817277
970182
816133
908951
814957
814925
814477
814471
996456
812633
810559
809510
809307
808947
907296
807954
907090
900563
806825
806146
806038
851691
973217
802882
851247
999989
882235
801514
799733
799567
886111
797098
796651
796502
991216
792695
791234
790973
790250
863574
787675
787331
786454
786336
783150
782315
780158
780069
907930
778631
972837
949241
927951
776867
774041
917024
988073
775621
801879
843365
934516
976859
849574
987285
767764
767573
764509
977393
764195
763804
995027
866199
762212
762179
828631
760851
783470
760499
885080
759614
876815
796770
757699
757162
770536
756605
754363
910020
753401
753133
752130
751888
751455
751269
908705
749235
747994
747719
937088
747226
966691
963796
958302
839449
745034
745000
743084
741852
834586
741318
740662
981306
740063
873814
738899
738882
773590
758527
936199
738052
744396
736278
841115
734829
734035
754316
954855
972354
763552
729605
948689
728322
727506
725435
945042
739574
766023
720539
718222
717909
716769
716615
751067
713943
873048
712251
885050
801183
711298
710949
758722
709018
766372
724938
992585
706476
726433
705771
765260
708817
702592
702204
863774
916874
871649
802720
806529
697763
888040
696646
695311
694234
759030
693400
863495
766007
696741
691255
690486
917258
796655
690175
998601
724763
686564
686273
780295
793117
853458
685479
731189
679307
889713
819552
706440
822547
778811
677480
980717
674456
911001
734030
995810
916073
730931
672558
996428
979112
670519
670264
905342
787171
959113
668844
839014
667907
935907
846872
934813
666900
687672
666491
852491
835208
799967
663840
661680
661515
660757
706449
841801
755186
659292
659035
698199
657705
656967
656784
654970
654946
942755
833283
852805
653693
894173
690908
960630
899079
650681
650508
776553
649333
809538
649089
992004
899337
709251
703177
645731
913849
761464
644969
644078
643011
861430
828771
734428
764072
658661
641278
898667
987647
721630
639312
896021
638899
692175
637810
901367
820331
656444
920581
729179
634603
999944
768530
856356
834306
632043
804986
980958
642089
944902
649258
736727
747824
629485
710417
954200
834069
627856
627421
827008
764056
626051
625947
885351
863592
978437
974653
973359
943888
765581
687959
624489
624373
855397
624134
756145
754665
912586
717327
619330
981703
744262
649406
618730
683656
809676
618536
935424
965917
663270
616660
988066
804929
972063
677229
967084
816074
640802
931677
672713
613510
906418
679268
923999
611792
615450
611049
697529
608453
607603
687705
939492
606842
952852
765066
915049
794497
619051
765313
997383
804617
724492
939668
876147
996400
603141
845651
992732
918476
601819
600667
600246
865761
673037
935631
944375
826781
597588
597338
688557
679896
770097
955914
829443
646143
594925
594160
982625
807862
593423
593409
640567
592320
941844
625932
884384
589795
986195
696085
851724
588639
998515
635285
586379
586288
585924
996511
912667
585165
799068
617389
935253
853254
582294
581903
743996
671793
951568
690477
690123
578632
711042
840556
957002
577127
792052
575127
854713
687034
777306
917291
691011
625021
572258
940641
942076
668261
755219
905311
808998
805229
806925
647966
948330
893764
822607
724834
908571
978474
566295
582644
830244
569841
628229
760289
772264
659467
564371
888664
860455
791711
937684
888058
711518
642729
919998
863934
650867
822718
776297
588395
605534
560113
708259
559245
952796
852452
557458
557414
812504
555826
555573
919276
553358
553285
564711
555616
552244
552168
551651
551465
870500
859556
995705
964496
854828
637052
702346
986576
732945
586124
592945
548770
976354
691378
782987
696425
924022
983500
547034
546977
788960
544962
986312
982800
873998
680692
668297
833104
867517
769652
542817
660966
770776
854992
988276
741859
733335
541053
540656
539790
882180
537991
799055
537301
903307
537208
536914
536604
945488
881693
808496
667490
765198
713981
778203
564811
936659
533034
579202
570879
531667
530917
965530
826684
970476
962204
528573
528101
527770
527420
618656
987459
952607
837958
683358
909866
940997
769396
542017
524671
946134
945989
851788
659470
750472
520100
912518
693248
962512
519356
959732
668294
928973
648522
880904
580136
636986
571692
739910
525135
939684
812435
769191
513797
656503
638751
512467
512295
798351
621265
829735
510090
963098
676743
957978
774965
991795
937561
507885
507191
909906
732788
506298
505114
753524
730970
870775
631499
835470
943813
914387
833138
873589
852983
940364
904489
955957
928881
787850
771337
757000
502851
501370
501287
629616
597445
499635
892202
931506
809739
980677
744325
999943
833039
741549
586491
928540
745904
745020
859423
733578
728034
701948
830504
495743
495632
838794
646657
963011
879285
541325
493986
875762
798395
847425
894075
971881
797011
521912
950019
888919
491479
824598
634479
575217
648293
489312
487916
486222
485877
561308
485401
570153
484343
484052
979739
804753
531332
706204
483200
799009
774727
785821
710533
945649
695187
486507
481035
744754
731588
660290
650258
793213
479601
478806
976150
931495
737789
627583
730006
704976
477741
697312
477499
662768
747008
961899
930642
868812
645061
574585
474684
890337
732271
915247
666555
842809
916544
669757
641301
705314
515675
477060
499111
469948
469193
969628
468768
901018
959679
679148
833698
954955
627398
465224
465040
926645
770442
475769
728541
841381
891569
711258
604846
700961
647249
670075
462733
651184
462114
461643
768875
995397
794405
965091
698990
938926
906731
672165
692092
957300
498889
562820
703297
705329
676181
839333
457533
937846
494234
671140
509760
741715
660919
997185
632147
826990
551978
706772
456030
965673
455260
453930
453120
806207
891262
826702
602937
594752
958967
736158
600369
933821
675801
911816
902839
645937
557099
600970
461940
973368
964363
624023
609868
715240
685175
474608
446416
940571
865781
804237
529864
975392
533785
493521
923586
934973
864912
508267
879233
685892
788040
956489
853026
829167
476077
876535
644940
680480
684561
663691
570413
797153
782249
603354
704516
914004
773863
755654
687830
982550
782815
922957
696549
940858
520126
749231
800205
832829
826957
919899
768502
974766
988318
772169
438511
899653
644122
436787
635591
866781
616185
560921
658049
994658
561631
642362
816565
903986
920614
685843
725532
913622
823585
434569
559457
903046
829139
563178
458155
919360
966426
966195
960045
922249
900147
734595
709048
970425
898495
646474
977805
508475
860844
429682
429408
952918
846164
708919
993955
895273
885611
847567
664119
540923
927753
775116
428322
710060
442680
827696
894257
877238
941736
883417
805675
866724
426469
857651
795989
716674
704202
759885
424993
424580
970710
479808
423543
947569
422065
850545
421618
881688
902731
967012
438827
494280
614970
445764
418737
980433
682040
731189
936631
886491
847010
823182
767047
953214
760906
773475
674633
541691
665871
415989
415967
655917
415135
976965
414208
843834
462292
412468
604045
729679
811608
660025
668556
693330
559560
943351
854791
552300
411112
680554
546053
870420
518112
788470
631623
513046
672322
651519
409206
408190
408170
884553
613842
990289
759850
918739
539872
992301
786295
574913
658864
889049
876555
777059
719782
901202
405042
404890
811428
987530
423028
742607
403672
968235
472837
505206
892458
960569
817182
890165
623535
965601
933965
801758
444404
982419
852148
458561
514345
964666
879789
936099
830099
899063
712860
786488
656260
799015
493036
600727
518438
988968
671970
715609
946985
921589
555193
871966
784796
979517
971743
560792
681182
921726
655062
653908
518284
885314
394971
928437
686773
991532
678138
434981
393944
902643
711748
745162
677521
902762
716793
843097
567991
931031
668569
393433
393406
811971
943159
861388
996861
711399
620628
990813
772931
642450
614301
417442
717743
752599
736850
589814
539876
838748
831520
545085
634453
564428
918048
388138
718407
666550
655678
424563
387193
711800
575919
862422
385865
609404
601863
994191
718740
764707
810264
817525
533085
616931
548468
626834
683125
839019
634895
681768
639381
978801
657603
658555
643271
770206
558215
960190
706813
921010
382257
381422
380968
970377
741311
987281
630269
883383
775307
804165
803808
914178
857413
380933
379387
966087
919089
751613
667763
592844
377240
889435
826599
800277
798639
850030
869124
861096
643562
620799
875367
665420
908822
592359
509735
808199
723005
645062
375268
966177
964850
779972
804492
748794
374216
653220
373385
975491
490559
605233
993530
817957
612002
371787
516291
777442
606410
440242
709510
720308
586582
742650
969607
816369
638309
950115
656997
867703
753367
473441
387095
947960
840523
937934
811019
651231
498160
639512
896383
826463
922976
614810
552403
409454
836801
949559
559822
613300
714735
367547
849649
864116
684621
367099
366956
366216
725274
941706
813851
534865
686610
621337
969644
755852
763835
697938
586284
373220
996929
914993
909383
548289
732993
777258
829212
814868
740602
614156
761862
970517
917213
811847
595835
802387
843080
430627
361763
659356
697434
606329
617783
641177
586044
574322
544495
941802
901982
745334
435208
816133
557731
750496
680085
597145
517291
687637
661578
706311
939060
699450
611985
968893
825071
546293
567252
491727
826914
381916
357556
875525
928316
758008
730890
666565
795480
364251
481644
439077
558064
839735
356400
678726
473581
355786
834903
947150
866767
812613
930077
958078
667633
534932
354687
719775
621263
386223
708856
471795
974253
525326
719444
745752
744532
674572
482565
469028
846781
542144
369463
967349
952225
814466
733293
808753
967790
448308
876864
535185
829282
778648
652220
809463
753792
606472
538283
931537
586796
640983
630886
883901
747005
596585
559256
779713
700719
564642
542698
348524
690878
858569
704496
981082
878136
714374
754043
427565
909064
944944
957244
880562
643628
827344
403589
742345
953305
814081
614333
814848
800534
829462
508346
922968
916909
493702
356620
862586
500738
540423
452503
939214
869081
657322
992322
967922
883271
741797
859839
521570
457216
996657
967924
915940
923817
494019
468025
727694
479422
593531
776650
819943
603234
355350
451426
960849
501209
742915
342222
741302
503546
902562
814660
853734
519521
888730
340288
943821
689491
512604
544575
504556
713893
776700
338483
728441
719829
889006
652250
965128
755573
965116
948158
609616
525931
375935
346474
441353
904031
817220
538227
976526
876171
708394
479282
672108
334219
333863
333837
869647
641620
550646
589209
987518
928031
756044
753641
956433
683728
988580
981488
462848
389857
982563
480085
720600
608815
957114
878538
371235
689587
448462
879148
890317
633374
641498
591995
641313
430056
799343
382343
982165
917299
817464
767574
519409
497602
974272
962847
919340
839695
474826
328335
781176
650703
962113
412850
905528
781408
995749
617790
842729
638729
829535
550397
900449
640644
862788
734832
449187
405019
686379
324788
956527
954587
894287
566860
836838
698025
668017
604711
930438
755837
458372
698109
656515
496254
322674
722833
736104
708116
881761
748676
560434
515555
629965
644002
920271
889259
689421
321378
893976
889417
621501
630783
962080
493403
585003
726887
912238
701273
710702
528175
748133
372665
319995
977239
411492
873132
787956
960867
946875
827753
756540
531016
805038
789667
354143
993021
474307
441502
888021
726409
766511
981765
316568
331221
931707
912503
924351
745663
701974
551357
599259
840028
483628
626922
757298
371475
969475
572374
410576
658615
983074
